<?xml version="1.0" encoding="UTF-8"?>
<coverage generated="1759327716209" clover="3.2.0">
  <project timestamp="1759327716209" name="All files">
    <metrics statements="905" coveredstatements="699" conditionals="409" coveredconditionals="232" methods="113" coveredmethods="94" elements="1427" coveredelements="1025" complexity="0" loc="905" ncloc="905" packages="2" files="10" classes="10"/>
    <package name="services">
      <metrics statements="852" coveredstatements="651" conditionals="386" coveredconditionals="215" methods="104" coveredmethods="86"/>
      <file name="apiservice.ts" path="/home/poweruser/projects/Phish-Guard/src/services/apiservice.ts">
        <metrics statements="53" coveredstatements="45" conditionals="18" coveredconditionals="11" methods="10" coveredmethods="10"/>
        <line num="1" count="1" type="stmt"/>
        <line num="2" count="1" type="stmt"/>
        <line num="11" count="1" type="stmt"/>
        <line num="12" count="1" type="stmt"/>
        <line num="13" count="1" type="stmt"/>
        <line num="18" count="6" type="cond" truecount="1" falsecount="0"/>
        <line num="19" count="1" type="stmt"/>
        <line num="21" count="6" type="stmt"/>
        <line num="25" count="3" type="cond" truecount="1" falsecount="0"/>
        <line num="26" count="1" type="stmt"/>
        <line num="27" count="1" type="stmt"/>
        <line num="29" count="1" type="cond" truecount="2" falsecount="1"/>
        <line num="30" count="0" type="stmt"/>
        <line num="33" count="1" type="cond" truecount="0" falsecount="1"/>
        <line num="34" count="0" type="stmt"/>
        <line num="37" count="1" type="stmt"/>
        <line num="39" count="3" type="stmt"/>
        <line num="43" count="3" type="stmt"/>
        <line num="44" count="3" type="stmt"/>
        <line num="45" count="3" type="stmt"/>
        <line num="47" count="0" type="stmt"/>
        <line num="52" count="3" type="stmt"/>
        <line num="56" count="2" type="stmt"/>
        <line num="60" count="3" type="cond" truecount="2" falsecount="1"/>
        <line num="61" count="0" type="stmt"/>
        <line num="64" count="3" type="cond" truecount="0" falsecount="1"/>
        <line num="65" count="0" type="stmt"/>
        <line num="68" count="3" type="stmt"/>
        <line num="69" count="3" type="stmt"/>
        <line num="71" count="3" type="cond" truecount="1" falsecount="2"/>
        <line num="72" count="0" type="stmt"/>
        <line num="75" count="3" type="stmt"/>
        <line num="76" count="3" type="stmt"/>
        <line num="77" count="3" type="stmt"/>
        <line num="82" count="3" type="cond" truecount="1" falsecount="0"/>
        <line num="83" count="1" type="stmt"/>
        <line num="84" count="1" type="stmt"/>
        <line num="87" count="2" type="cond" truecount="2" falsecount="0"/>
        <line num="90" count="2" type="stmt"/>
        <line num="96" count="2" type="stmt"/>
        <line num="98" count="2" type="stmt"/>
        <line num="100" count="1" type="cond" truecount="1" falsecount="0"/>
        <line num="101" count="1" type="stmt"/>
        <line num="103" count="0" type="stmt"/>
        <line num="108" count="2" type="stmt"/>
        <line num="109" count="2" type="stmt"/>
        <line num="110" count="2" type="cond" truecount="0" falsecount="1"/>
        <line num="111" count="0" type="stmt"/>
        <line num="117" count="3" type="stmt"/>
        <line num="122" count="1" type="stmt"/>
        <line num="123" count="3" type="stmt"/>
        <line num="124" count="3" type="stmt"/>
        <line num="128" count="1" type="stmt"/>
      </file>
      <file name="certificateAnalysisService.ts" path="/home/poweruser/projects/Phish-Guard/src/services/certificateAnalysisService.ts">
        <metrics statements="77" coveredstatements="68" conditionals="34" coveredconditionals="26" methods="7" coveredmethods="6"/>
        <line num="4" count="2" type="stmt"/>
        <line num="28" count="2" type="stmt"/>
        <line num="29" count="2" type="stmt"/>
        <line num="30" count="2" type="stmt"/>
        <line num="31" count="2" type="stmt"/>
        <line num="32" count="2" type="stmt"/>
        <line num="35" count="2" type="stmt"/>
        <line num="47" count="6" type="stmt"/>
        <line num="60" count="6" type="stmt"/>
        <line num="62" count="6" type="stmt"/>
        <line num="63" count="6" type="stmt"/>
        <line num="64" count="6" type="cond" truecount="1" falsecount="0"/>
        <line num="65" count="5" type="stmt"/>
        <line num="66" count="5" type="stmt"/>
        <line num="67" count="5" type="stmt"/>
        <line num="69" count="6" type="stmt"/>
        <line num="71" count="6" type="stmt"/>
        <line num="74" count="6" type="stmt"/>
        <line num="75" count="6" type="stmt"/>
        <line num="77" count="6" type="stmt"/>
        <line num="81" count="6" type="stmt"/>
        <line num="83" count="6" type="cond" truecount="1" falsecount="0"/>
        <line num="84" count="1" type="stmt"/>
        <line num="85" count="1" type="stmt"/>
        <line num="88" count="5" type="stmt"/>
        <line num="90" count="5" type="cond" truecount="3" falsecount="0"/>
        <line num="91" count="1" type="stmt"/>
        <line num="92" count="1" type="stmt"/>
        <line num="95" count="4" type="stmt"/>
        <line num="98" count="4" type="stmt"/>
        <line num="99" count="1" type="stmt"/>
        <line num="100" count="1" type="stmt"/>
        <line num="101" count="1" type="cond" truecount="1" falsecount="1"/>
        <line num="105" count="4" type="stmt"/>
        <line num="106" count="4" type="stmt"/>
        <line num="107" count="4" type="stmt"/>
        <line num="108" count="4" type="stmt"/>
        <line num="109" count="4" type="stmt"/>
        <line num="111" count="4" type="stmt"/>
        <line num="112" count="4" type="stmt"/>
        <line num="115" count="4" type="stmt"/>
        <line num="116" count="7" type="stmt"/>
        <line num="120" count="4" type="stmt"/>
        <line num="121" count="4" type="stmt"/>
        <line num="123" count="4" type="cond" truecount="2" falsecount="0"/>
        <line num="124" count="1" type="stmt"/>
        <line num="125" count="1" type="stmt"/>
        <line num="126" count="3" type="cond" truecount="1" falsecount="0"/>
        <line num="127" count="3" type="stmt"/>
        <line num="128" count="3" type="stmt"/>
        <line num="131" count="4" type="cond" truecount="3" falsecount="0"/>
        <line num="132" count="3" type="stmt"/>
        <line num="133" count="3" type="stmt"/>
        <line num="136" count="4" type="stmt"/>
        <line num="138" count="4" type="stmt"/>
        <line num="152" count="0" type="cond" truecount="0" falsecount="1"/>
        <line num="153" count="0" type="stmt"/>
        <line num="154" count="0" type="stmt"/>
        <line num="156" count="0" type="stmt"/>
        <line num="157" count="0" type="cond" truecount="0" falsecount="2"/>
        <line num="165" count="2" type="cond" truecount="3" falsecount="0"/>
        <line num="166" count="1" type="stmt"/>
        <line num="169" count="1" type="stmt"/>
        <line num="171" count="1" type="cond" truecount="1" falsecount="1"/>
        <line num="172" count="1" type="stmt"/>
        <line num="173" count="0" type="cond" truecount="0" falsecount="2"/>
        <line num="174" count="0" type="stmt"/>
        <line num="176" count="0" type="stmt"/>
        <line num="179" count="1" type="cond" truecount="1" falsecount="1"/>
        <line num="180" count="1" type="stmt"/>
        <line num="182" count="0" type="stmt"/>
        <line num="185" count="1" type="stmt"/>
        <line num="196" count="3" type="cond" truecount="5" falsecount="0"/>
        <line num="200" count="1" type="stmt"/>
        <line num="204" count="2" type="cond" truecount="4" falsecount="0"/>
        <line num="207" count="1" type="stmt"/>
        <line num="210" count="1" type="stmt"/>
      </file>
      <file name="domainInfoService.ts" path="/home/poweruser/projects/Phish-Guard/src/services/domainInfoService.ts">
        <metrics statements="68" coveredstatements="40" conditionals="52" coveredconditionals="12" methods="9" coveredmethods="8"/>
        <line num="3" count="2" type="stmt"/>
        <line num="5" count="2" type="stmt"/>
        <line num="6" count="2" type="stmt"/>
        <line num="7" count="2" type="stmt"/>
        <line num="8" count="2" type="stmt"/>
        <line num="14" count="12" type="stmt"/>
        <line num="16" count="12" type="stmt"/>
        <line num="17" count="11" type="stmt"/>
        <line num="20" count="0" type="stmt"/>
        <line num="28" count="2" type="stmt"/>
        <line num="31" count="2" type="stmt"/>
        <line num="32" count="2" type="stmt"/>
        <line num="34" count="0" type="stmt"/>
        <line num="43" count="12" type="cond" truecount="0" falsecount="1"/>
        <line num="44" count="0" type="stmt"/>
        <line num="48" count="12" type="stmt"/>
        <line num="55" count="12" type="stmt"/>
        <line num="56" count="16" type="stmt"/>
        <line num="58" count="16" type="stmt"/>
        <line num="59" count="16" type="stmt"/>
        <line num="60" count="16" type="cond" truecount="1" falsecount="0"/>
        <line num="61" count="14" type="stmt"/>
        <line num="62" count="14" type="stmt"/>
        <line num="63" count="14" type="stmt"/>
        <line num="65" count="15" type="stmt"/>
        <line num="68" count="15" type="stmt"/>
        <line num="69" count="15" type="stmt"/>
        <line num="71" count="15" type="stmt"/>
        <line num="80" count="11" type="stmt"/>
        <line num="82" count="11" type="cond" truecount="1" falsecount="0"/>
        <line num="83" count="8" type="stmt"/>
        <line num="84" count="8" type="stmt"/>
        <line num="87" count="6" type="stmt"/>
        <line num="91" count="3" type="stmt"/>
        <line num="98" count="3" type="stmt"/>
        <line num="113" count="8" type="cond" truecount="3" falsecount="1"/>
        <line num="114" count="0" type="cond" truecount="0" falsecount="3"/>
        <line num="117" count="8" type="cond" truecount="3" falsecount="1"/>
        <line num="118" count="0" type="cond" truecount="0" falsecount="3"/>
        <line num="121" count="8" type="cond" truecount="3" falsecount="0"/>
        <line num="122" count="4" type="cond" truecount="1" falsecount="1"/>
        <line num="127" count="8" type="stmt"/>
        <line num="129" count="8" type="cond" truecount="0" falsecount="1"/>
        <line num="130" count="0" type="stmt"/>
        <line num="131" count="0" type="stmt"/>
        <line num="132" count="0" type="stmt"/>
        <line num="133" count="0" type="stmt"/>
        <line num="136" count="8" type="stmt"/>
        <line num="150" count="2" type="stmt"/>
        <line num="163" count="0" type="stmt"/>
        <line num="164" count="0" type="stmt"/>
        <line num="167" count="0" type="cond" truecount="0" falsecount="6"/>
        <line num="168" count="0" type="stmt"/>
        <line num="169" count="0" type="stmt"/>
        <line num="170" count="0" type="cond" truecount="0" falsecount="5"/>
        <line num="171" count="0" type="cond" truecount="0" falsecount="1"/>
        <line num="172" count="0" type="stmt"/>
        <line num="173" count="0" type="stmt"/>
        <line num="178" count="0" type="cond" truecount="0" falsecount="5"/>
        <line num="179" count="0" type="stmt"/>
        <line num="180" count="0" type="stmt"/>
        <line num="183" count="0" type="cond" truecount="0" falsecount="5"/>
        <line num="184" count="0" type="stmt"/>
        <line num="185" count="0" type="stmt"/>
        <line num="188" count="0" type="cond" truecount="0" falsecount="7"/>
        <line num="189" count="0" type="stmt"/>
        <line num="190" count="0" type="stmt"/>
        <line num="193" count="0" type="stmt"/>
      </file>
      <file name="homographDetector.ts" path="/home/poweruser/projects/Phish-Guard/src/services/homographDetector.ts">
        <metrics statements="116" coveredstatements="113" conditionals="38" coveredconditionals="35" methods="13" coveredmethods="13"/>
        <line num="13" count="2" type="stmt"/>
        <line num="15" count="2" type="stmt"/>
        <line num="49" count="2" type="stmt"/>
        <line num="63" count="2" type="stmt"/>
        <line num="101" count="135" type="cond" truecount="3" falsecount="0"/>
        <line num="102" count="8" type="stmt"/>
        <line num="106" count="127" type="stmt"/>
        <line num="111" count="127" type="stmt"/>
        <line num="112" count="127" type="stmt"/>
        <line num="113" count="127" type="stmt"/>
        <line num="116" count="127" type="stmt"/>
        <line num="117" count="127" type="cond" truecount="1" falsecount="0"/>
        <line num="118" count="2" type="stmt"/>
        <line num="119" count="2" type="stmt"/>
        <line num="123" count="127" type="stmt"/>
        <line num="124" count="127" type="cond" truecount="1" falsecount="0"/>
        <line num="125" count="3" type="stmt"/>
        <line num="126" count="3" type="stmt"/>
        <line num="130" count="127" type="stmt"/>
        <line num="131" count="127" type="cond" truecount="1" falsecount="0"/>
        <line num="132" count="106" type="stmt"/>
        <line num="133" count="106" type="stmt"/>
        <line num="137" count="127" type="stmt"/>
        <line num="138" count="127" type="cond" truecount="1" falsecount="0"/>
        <line num="139" count="105" type="stmt"/>
        <line num="140" count="105" type="stmt"/>
        <line num="144" count="127" type="stmt"/>
        <line num="145" count="127" type="cond" truecount="1" falsecount="0"/>
        <line num="146" count="2" type="stmt"/>
        <line num="147" count="2" type="stmt"/>
        <line num="151" count="127" type="stmt"/>
        <line num="152" count="127" type="cond" truecount="1" falsecount="0"/>
        <line num="153" count="9" type="stmt"/>
        <line num="154" count="9" type="stmt"/>
        <line num="158" count="127" type="stmt"/>
        <line num="159" count="127" type="cond" truecount="1" falsecount="0"/>
        <line num="160" count="6" type="stmt"/>
        <line num="161" count="6" type="stmt"/>
        <line num="166" count="127" type="cond" truecount="2" falsecount="0"/>
        <line num="167" count="105" type="stmt"/>
        <line num="168" count="22" type="cond" truecount="2" falsecount="0"/>
        <line num="169" count="3" type="stmt"/>
        <line num="171" count="19" type="stmt"/>
        <line num="174" count="127" type="stmt"/>
        <line num="188" count="127" type="stmt"/>
        <line num="189" count="127" type="stmt"/>
        <line num="190" count="127" type="stmt"/>
        <line num="191" count="127" type="stmt"/>
        <line num="192" count="127" type="stmt"/>
        <line num="194" count="127" type="stmt"/>
        <line num="197" count="127" type="stmt"/>
        <line num="201" count="127" type="stmt"/>
        <line num="202" count="2217" type="cond" truecount="1" falsecount="0"/>
        <line num="203" count="106" type="stmt"/>
        <line num="206" count="21" type="stmt"/>
        <line num="211" count="127" type="stmt"/>
        <line num="218" count="293" type="stmt"/>
        <line num="223" count="127" type="stmt"/>
        <line num="224" count="127" type="cond" truecount="2" falsecount="0"/>
        <line num="225" count="127" type="stmt"/>
        <line num="230" count="127" type="stmt"/>
        <line num="231" count="127" type="stmt"/>
        <line num="232" count="127" type="stmt"/>
        <line num="234" count="127" type="cond" truecount="3" falsecount="0"/>
        <line num="240" count="129" type="stmt"/>
        <line num="241" count="129" type="cond" truecount="3" falsecount="0"/>
        <line num="242" count="2" type="stmt"/>
        <line num="244" count="127" type="stmt"/>
        <line num="246" count="127" type="stmt"/>
        <line num="247" count="12003" type="stmt"/>
        <line num="248" count="12003" type="cond" truecount="2" falsecount="1"/>
        <line num="249" count="0" type="stmt"/>
        <line num="251" count="12003" type="stmt"/>
        <line num="254" count="12003" type="cond" truecount="1" falsecount="0"/>
        <line num="255" count="1" type="stmt"/>
        <line num="259" count="12002" type="stmt"/>
        <line num="260" count="12002" type="stmt"/>
        <line num="265" count="12002" type="stmt"/>
        <line num="266" count="12002" type="cond" truecount="2" falsecount="0"/>
        <line num="268" count="12002" type="cond" truecount="3" falsecount="0"/>
        <line num="269" count="1" type="stmt"/>
        <line num="273" count="12001" type="stmt"/>
        <line num="274" count="12001" type="cond" truecount="1" falsecount="0"/>
        <line num="275" count="5" type="stmt"/>
        <line num="279" count="11996" type="stmt"/>
        <line num="280" count="11996" type="stmt"/>
        <line num="281" count="12292" type="cond" truecount="0" falsecount="1"/>
        <line num="282" count="0" type="stmt"/>
        <line num="287" count="121" type="stmt"/>
        <line num="291" count="95290" type="stmt"/>
        <line num="293" count="12002" type="stmt"/>
        <line num="294" count="226376" type="stmt"/>
        <line num="297" count="12002" type="stmt"/>
        <line num="298" count="95290" type="stmt"/>
        <line num="301" count="12002" type="stmt"/>
        <line num="302" count="83288" type="stmt"/>
        <line num="303" count="1487634" type="cond" truecount="2" falsecount="0"/>
        <line num="304" count="1487634" type="stmt"/>
        <line num="312" count="12002" type="stmt"/>
        <line num="316" count="12001" type="stmt"/>
        <line num="317" count="12001" type="stmt"/>
        <line num="318" count="1524127" type="stmt"/>
        <line num="320" count="12001" type="stmt"/>
        <line num="328" count="11996" type="stmt"/>
        <line num="331" count="11996" type="stmt"/>
        <line num="332" count="119960" type="stmt"/>
        <line num="335" count="119960" type="cond" truecount="1" falsecount="0"/>
        <line num="337" count="296" type="stmt"/>
        <line num="338" count="296" type="stmt"/>
        <line num="339" count="296" type="stmt"/>
        <line num="344" count="11996" type="stmt"/>
        <line num="348" count="1" type="cond" truecount="0" falsecount="1"/>
        <line num="349" count="0" type="stmt"/>
        <line num="352" count="1" type="stmt"/>
        <line num="353" count="1" type="stmt"/>
        <line num="355" count="1" type="stmt"/>
      </file>
      <file name="realtimeApiService.ts" path="/home/poweruser/projects/Phish-Guard/src/services/realtimeApiService.ts">
        <metrics statements="134" coveredstatements="86" conditionals="74" coveredconditionals="33" methods="26" coveredmethods="22"/>
        <line num="7" count="2" type="stmt"/>
        <line num="32" count="2" type="stmt"/>
        <line num="33" count="2" type="stmt"/>
        <line num="34" count="2" type="stmt"/>
        <line num="40" count="7" type="stmt"/>
        <line num="43" count="7" type="stmt"/>
        <line num="44" count="7" type="stmt"/>
        <line num="45" count="7" type="stmt"/>
        <line num="46" count="7" type="stmt"/>
        <line num="51" count="21" type="stmt"/>
        <line num="52" count="21" type="stmt"/>
        <line num="53" count="21" type="stmt"/>
        <line num="57" count="21" type="stmt"/>
        <line num="59" count="0" type="stmt"/>
        <line num="60" count="0" type="cond" truecount="0" falsecount="2"/>
        <line num="65" count="7" type="stmt"/>
        <line num="66" count="7" type="stmt"/>
        <line num="69" count="7" type="stmt"/>
        <line num="70" count="21" type="cond" truecount="3" falsecount="1"/>
        <line num="71" count="21" type="stmt"/>
        <line num="73" count="0" type="cond" truecount="0" falsecount="2"/>
        <line num="74" count="0" type="stmt"/>
        <line num="78" count="7" type="stmt"/>
        <line num="80" count="7" type="stmt"/>
        <line num="88" count="9" type="stmt"/>
        <line num="90" count="9" type="stmt"/>
        <line num="95" count="9" type="stmt"/>
        <line num="98" count="9" type="stmt"/>
        <line num="99" count="9" type="stmt"/>
        <line num="100" count="9" type="stmt"/>
        <line num="103" count="9" type="cond" truecount="5" falsecount="0"/>
        <line num="104" count="2" type="stmt"/>
        <line num="105" count="2" type="stmt"/>
        <line num="106" count="2" type="stmt"/>
        <line num="107" count="7" type="cond" truecount="4" falsecount="1"/>
        <line num="108" count="0" type="stmt"/>
        <line num="109" count="0" type="stmt"/>
        <line num="110" count="0" type="stmt"/>
        <line num="112" count="7" type="stmt"/>
        <line num="113" count="7" type="stmt"/>
        <line num="116" count="9" type="stmt"/>
        <line num="126" count="0" type="cond" truecount="0" falsecount="2"/>
        <line num="134" count="9" type="stmt"/>
        <line num="136" count="9" type="stmt"/>
        <line num="138" count="9" type="stmt"/>
        <line num="140" count="9" type="stmt"/>
        <line num="141" count="9" type="stmt"/>
        <line num="142" count="9" type="stmt"/>
        <line num="145" count="9" type="cond" truecount="4" falsecount="1"/>
        <line num="146" count="0" type="stmt"/>
        <line num="147" count="0" type="stmt"/>
        <line num="148" count="9" type="cond" truecount="2" falsecount="0"/>
        <line num="149" count="1" type="stmt"/>
        <line num="150" count="1" type="stmt"/>
        <line num="151" count="1" type="stmt"/>
        <line num="152" count="8" type="cond" truecount="1" falsecount="1"/>
        <line num="153" count="0" type="stmt"/>
        <line num="154" count="0" type="stmt"/>
        <line num="155" count="0" type="stmt"/>
        <line num="157" count="8" type="stmt"/>
        <line num="158" count="8" type="stmt"/>
        <line num="161" count="9" type="stmt"/>
        <line num="171" count="0" type="cond" truecount="0" falsecount="2"/>
        <line num="179" count="8" type="stmt"/>
        <line num="181" count="8" type="stmt"/>
        <line num="183" count="8" type="stmt"/>
        <line num="185" count="8" type="stmt"/>
        <line num="186" count="8" type="stmt"/>
        <line num="187" count="8" type="stmt"/>
        <line num="190" count="8" type="stmt"/>
        <line num="191" count="48" type="stmt"/>
        <line num="193" count="8" type="cond" truecount="2" falsecount="3"/>
        <line num="194" count="0" type="stmt"/>
        <line num="195" count="0" type="stmt"/>
        <line num="196" count="0" type="stmt"/>
        <line num="197" count="8" type="cond" truecount="1" falsecount="1"/>
        <line num="198" count="0" type="stmt"/>
        <line num="199" count="0" type="stmt"/>
        <line num="200" count="0" type="stmt"/>
        <line num="202" count="8" type="stmt"/>
        <line num="203" count="8" type="stmt"/>
        <line num="206" count="8" type="stmt"/>
        <line num="217" count="0" type="cond" truecount="0" falsecount="2"/>
        <line num="225" count="22" type="stmt"/>
        <line num="226" count="22" type="stmt"/>
        <line num="227" count="16" type="stmt"/>
        <line num="236" count="1" type="stmt"/>
        <line num="250" count="28" type="stmt"/>
        <line num="251" count="12" type="stmt"/>
        <line num="252" count="12" type="stmt"/>
        <line num="254" count="12" type="cond" truecount="1" falsecount="0"/>
        <line num="255" count="2" type="stmt"/>
        <line num="269" count="28" type="stmt"/>
        <line num="270" count="28" type="stmt"/>
        <line num="271" count="28" type="stmt"/>
        <line num="274" count="28" type="stmt"/>
        <line num="275" count="10" type="cond" truecount="1" falsecount="1"/>
        <line num="276" count="28" type="stmt"/>
        <line num="278" count="10" type="cond" truecount="1" falsecount="1"/>
        <line num="283" count="10" type="cond" truecount="2" falsecount="0"/>
        <line num="284" count="3" type="stmt"/>
        <line num="285" count="7" type="cond" truecount="1" falsecount="1"/>
        <line num="286" count="0" type="stmt"/>
        <line num="287" count="7" type="cond" truecount="1" falsecount="1"/>
        <line num="288" count="7" type="stmt"/>
        <line num="290" count="0" type="stmt"/>
        <line num="294" count="10" type="cond" truecount="1" falsecount="1"/>
        <line num="295" count="0" type="stmt"/>
        <line num="296" count="10" type="cond" truecount="2" falsecount="1"/>
        <line num="297" count="0" type="stmt"/>
        <line num="300" count="10" type="stmt"/>
        <line num="317" count="0" type="cond" truecount="0" falsecount="1"/>
        <line num="318" count="0" type="stmt"/>
        <line num="321" count="0" type="stmt"/>
        <line num="323" count="0" type="cond" truecount="0" falsecount="2"/>
        <line num="324" count="0" type="stmt"/>
        <line num="325" count="0" type="cond" truecount="0" falsecount="2"/>
        <line num="326" count="0" type="stmt"/>
        <line num="327" count="0" type="cond" truecount="0" falsecount="2"/>
        <line num="328" count="0" type="stmt"/>
        <line num="330" count="0" type="stmt"/>
        <line num="338" count="0" type="stmt"/>
        <line num="339" count="0" type="stmt"/>
        <line num="347" count="0" type="cond" truecount="0" falsecount="2"/>
        <line num="348" count="0" type="cond" truecount="0" falsecount="2"/>
        <line num="350" count="0" type="stmt"/>
        <line num="362" count="0" type="cond" truecount="0" falsecount="1"/>
        <line num="363" count="0" type="stmt"/>
        <line num="370" count="0" type="stmt"/>
        <line num="372" count="0" type="cond" truecount="0" falsecount="4"/>
        <line num="374" count="0" type="stmt"/>
        <line num="381" count="0" type="stmt"/>
        <line num="388" count="0" type="stmt"/>
        <line num="395" count="0" type="stmt"/>
      </file>
      <file name="reputationService.ts" path="/home/poweruser/projects/Phish-Guard/src/services/reputationService.ts">
        <metrics statements="153" coveredstatements="114" conditionals="49" coveredconditionals="24" methods="12" coveredmethods="10"/>
        <line num="30" count="2" type="stmt"/>
        <line num="32" count="2" type="stmt"/>
        <line num="40" count="2" type="stmt"/>
        <line num="48" count="2" type="stmt"/>
        <line num="60" count="10" type="stmt"/>
        <line num="68" count="10" type="stmt"/>
        <line num="69" count="10" type="stmt"/>
        <line num="70" count="10" type="stmt"/>
        <line num="71" count="10" type="stmt"/>
        <line num="74" count="10" type="cond" truecount="1" falsecount="0"/>
        <line num="75" count="3" type="stmt"/>
        <line num="76" count="3" type="stmt"/>
        <line num="77" count="3" type="stmt"/>
        <line num="83" count="3" type="stmt"/>
        <line num="91" count="10" type="cond" truecount="1" falsecount="0"/>
        <line num="92" count="3" type="cond" truecount="1" falsecount="0"/>
        <line num="93" count="2" type="stmt"/>
        <line num="94" count="2" type="stmt"/>
        <line num="95" count="2" type="stmt"/>
        <line num="97" count="2" type="stmt"/>
        <line num="104" count="2" type="cond" truecount="1" falsecount="0"/>
        <line num="105" count="2" type="stmt"/>
        <line num="115" count="10" type="cond" truecount="1" falsecount="0"/>
        <line num="116" count="1" type="cond" truecount="0" falsecount="1"/>
        <line num="117" count="0" type="stmt"/>
        <line num="118" count="0" type="stmt"/>
        <line num="119" count="0" type="stmt"/>
        <line num="125" count="0" type="stmt"/>
        <line num="133" count="1" type="cond" truecount="2" falsecount="1"/>
        <line num="134" count="0" type="stmt"/>
        <line num="135" count="0" type="stmt"/>
        <line num="145" count="10" type="cond" truecount="1" falsecount="1"/>
        <line num="146" count="0" type="cond" truecount="0" falsecount="1"/>
        <line num="147" count="0" type="stmt"/>
        <line num="148" count="0" type="stmt"/>
        <line num="156" count="0" type="cond" truecount="0" falsecount="1"/>
        <line num="157" count="0" type="stmt"/>
        <line num="158" count="0" type="stmt"/>
        <line num="165" count="10" type="cond" truecount="1" falsecount="0"/>
        <line num="166" count="3" type="stmt"/>
        <line num="167" count="3" type="stmt"/>
        <line num="173" count="3" type="stmt"/>
        <line num="181" count="10" type="stmt"/>
        <line num="182" count="10" type="stmt"/>
        <line num="183" count="10" type="stmt"/>
        <line num="184" count="10" type="stmt"/>
        <line num="185" count="10" type="stmt"/>
        <line num="188" count="10" type="stmt"/>
        <line num="189" count="10" type="stmt"/>
        <line num="190" count="10" type="stmt"/>
        <line num="191" count="10" type="stmt"/>
        <line num="194" count="10" type="stmt"/>
        <line num="195" count="10" type="stmt"/>
        <line num="196" count="10" type="stmt"/>
        <line num="197" count="10" type="stmt"/>
        <line num="251" count="10" type="stmt"/>
        <line num="252" count="10" type="stmt"/>
        <line num="256" count="10" type="cond" truecount="2" falsecount="0"/>
        <line num="258" count="4" type="stmt"/>
        <line num="259" count="6" type="cond" truecount="2" falsecount="0"/>
        <line num="260" count="4" type="stmt"/>
        <line num="261" count="2" type="cond" truecount="1" falsecount="1"/>
        <line num="262" count="0" type="stmt"/>
        <line num="263" count="2" type="cond" truecount="2" falsecount="0"/>
        <line num="264" count="1" type="stmt"/>
        <line num="266" count="1" type="stmt"/>
        <line num="269" count="10" type="stmt"/>
        <line num="289" count="10" type="stmt"/>
        <line num="290" count="10" type="stmt"/>
        <line num="291" count="10" type="stmt"/>
        <line num="292" count="10" type="stmt"/>
        <line num="295" count="10" type="stmt"/>
        <line num="296" count="35" type="cond" truecount="1" falsecount="0"/>
        <line num="297" count="2" type="stmt"/>
        <line num="298" count="2" type="stmt"/>
        <line num="299" count="2" type="stmt"/>
        <line num="305" count="2" type="stmt"/>
        <line num="310" count="2" type="stmt"/>
        <line num="315" count="10" type="cond" truecount="0" falsecount="1"/>
        <line num="316" count="0" type="stmt"/>
        <line num="317" count="0" type="stmt"/>
        <line num="326" count="10" type="stmt"/>
        <line num="327" count="10" type="stmt"/>
        <line num="328" count="10" type="stmt"/>
        <line num="329" count="60" type="cond" truecount="1" falsecount="0"/>
        <line num="330" count="1" type="stmt"/>
        <line num="331" count="1" type="stmt"/>
        <line num="337" count="1" type="stmt"/>
        <line num="342" count="10" type="stmt"/>
        <line num="343" count="60" type="cond" truecount="0" falsecount="1"/>
        <line num="344" count="0" type="stmt"/>
        <line num="345" count="0" type="stmt"/>
        <line num="351" count="0" type="stmt"/>
        <line num="358" count="10" type="stmt"/>
        <line num="369" count="10" type="stmt"/>
        <line num="370" count="10" type="stmt"/>
        <line num="371" count="10" type="stmt"/>
        <line num="374" count="10" type="stmt"/>
        <line num="375" count="118" type="cond" truecount="1" falsecount="0"/>
        <line num="376" count="1" type="stmt"/>
        <line num="377" count="1" type="stmt"/>
        <line num="383" count="1" type="stmt"/>
        <line num="388" count="1" type="stmt"/>
        <line num="393" count="10" type="cond" truecount="1" falsecount="1"/>
        <line num="394" count="10" type="cond" truecount="0" falsecount="1"/>
        <line num="395" count="0" type="stmt"/>
        <line num="396" count="0" type="stmt"/>
        <line num="405" count="10" type="stmt"/>
        <line num="406" count="10" type="cond" truecount="1" falsecount="1"/>
        <line num="407" count="10" type="cond" truecount="1" falsecount="0"/>
        <line num="408" count="1" type="stmt"/>
        <line num="409" count="1" type="stmt"/>
        <line num="418" count="10" type="cond" truecount="0" falsecount="1"/>
        <line num="419" count="0" type="stmt"/>
        <line num="420" count="0" type="stmt"/>
        <line num="428" count="10" type="stmt"/>
        <line num="439" count="10" type="stmt"/>
        <line num="440" count="10" type="stmt"/>
        <line num="441" count="10" type="stmt"/>
        <line num="444" count="10" type="cond" truecount="1" falsecount="0"/>
        <line num="445" count="1" type="stmt"/>
        <line num="446" count="1" type="stmt"/>
        <line num="452" count="1" type="stmt"/>
        <line num="459" count="1" type="stmt"/>
        <line num="460" count="4" type="cond" truecount="0" falsecount="1"/>
        <line num="461" count="0" type="stmt"/>
        <line num="462" count="0" type="stmt"/>
        <line num="468" count="0" type="stmt"/>
        <line num="473" count="10" type="stmt"/>
        <line num="480" count="1" type="stmt"/>
        <line num="483" count="1" type="stmt"/>
        <line num="484" count="4" type="stmt"/>
        <line num="491" count="10" type="stmt"/>
        <line num="492" count="10" type="stmt"/>
        <line num="493" count="12" type="stmt"/>
        <line num="494" count="12" type="cond" truecount="1" falsecount="0"/>
        <line num="495" count="1" type="stmt"/>
        <line num="497" count="11" type="stmt"/>
        <line num="498" count="11" type="stmt"/>
        <line num="506" count="0" type="cond" truecount="0" falsecount="5"/>
        <line num="508" count="0" type="cond" truecount="0" falsecount="1"/>
        <line num="509" count="0" type="stmt"/>
        <line num="511" count="0" type="stmt"/>
        <line num="513" count="0" type="stmt"/>
        <line num="515" count="0" type="stmt"/>
        <line num="517" count="0" type="stmt"/>
        <line num="519" count="0" type="stmt"/>
        <line num="527" count="0" type="cond" truecount="0" falsecount="5"/>
        <line num="529" count="0" type="stmt"/>
        <line num="531" count="0" type="stmt"/>
        <line num="533" count="0" type="stmt"/>
        <line num="535" count="0" type="stmt"/>
        <line num="537" count="0" type="stmt"/>
      </file>
      <file name="resourceMonitor.ts" path="/home/poweruser/projects/Phish-Guard/src/services/resourceMonitor.ts">
        <metrics statements="142" coveredstatements="111" conditionals="69" coveredconditionals="45" methods="15" coveredmethods="9"/>
        <line num="28" count="1" type="stmt"/>
        <line num="30" count="1" type="stmt"/>
        <line num="43" count="1" type="stmt"/>
        <line num="63" count="12" type="stmt"/>
        <line num="64" count="12" type="stmt"/>
        <line num="66" count="12" type="stmt"/>
        <line num="67" count="12" type="stmt"/>
        <line num="68" count="12" type="stmt"/>
        <line num="69" count="12" type="stmt"/>
        <line num="71" count="12" type="stmt"/>
        <line num="74" count="12" type="stmt"/>
        <line num="75" count="12" type="stmt"/>
        <line num="77" count="12" type="stmt"/>
        <line num="78" count="5" type="stmt"/>
        <line num="79" count="5" type="cond" truecount="3" falsecount="0"/>
        <line num="80" count="5" type="stmt"/>
        <line num="81" count="5" type="cond" truecount="1" falsecount="0"/>
        <line num="82" count="5" type="stmt"/>
        <line num="84" count="5" type="cond" truecount="1" falsecount="0"/>
        <line num="85" count="4" type="stmt"/>
        <line num="87" count="5" type="cond" truecount="1" falsecount="0"/>
        <line num="88" count="3" type="stmt"/>
        <line num="94" count="12" type="stmt"/>
        <line num="95" count="12" type="stmt"/>
        <line num="97" count="12" type="stmt"/>
        <line num="98" count="12" type="stmt"/>
        <line num="99" count="12" type="cond" truecount="3" falsecount="0"/>
        <line num="100" count="11" type="stmt"/>
        <line num="101" count="11" type="cond" truecount="1" falsecount="0"/>
        <line num="102" count="10" type="stmt"/>
        <line num="104" count="11" type="cond" truecount="1" falsecount="0"/>
        <line num="105" count="5" type="stmt"/>
        <line num="107" count="11" type="cond" truecount="1" falsecount="0"/>
        <line num="108" count="2" type="stmt"/>
        <line num="114" count="12" type="stmt"/>
        <line num="115" count="12" type="stmt"/>
        <line num="117" count="12" type="stmt"/>
        <line num="118" count="2" type="stmt"/>
        <line num="119" count="2" type="cond" truecount="3" falsecount="0"/>
        <line num="120" count="2" type="stmt"/>
        <line num="121" count="2" type="cond" truecount="1" falsecount="0"/>
        <line num="122" count="1" type="stmt"/>
        <line num="124" count="2" type="cond" truecount="0" falsecount="1"/>
        <line num="125" count="0" type="stmt"/>
        <line num="127" count="2" type="cond" truecount="0" falsecount="1"/>
        <line num="128" count="0" type="stmt"/>
        <line num="134" count="12" type="stmt"/>
        <line num="135" count="12" type="stmt"/>
        <line num="137" count="12" type="stmt"/>
        <line num="138" count="1" type="stmt"/>
        <line num="139" count="1" type="cond" truecount="3" falsecount="0"/>
        <line num="140" count="1" type="stmt"/>
        <line num="141" count="1" type="cond" truecount="1" falsecount="0"/>
        <line num="142" count="1" type="stmt"/>
        <line num="144" count="1" type="cond" truecount="0" falsecount="1"/>
        <line num="145" count="0" type="stmt"/>
        <line num="147" count="1" type="cond" truecount="0" falsecount="1"/>
        <line num="148" count="0" type="stmt"/>
        <line num="154" count="12" type="stmt"/>
        <line num="155" count="12" type="stmt"/>
        <line num="157" count="12" type="stmt"/>
        <line num="158" count="9" type="cond" truecount="1" falsecount="0"/>
        <line num="159" count="7" type="stmt"/>
        <line num="160" count="7" type="stmt"/>
        <line num="165" count="12" type="stmt"/>
        <line num="166" count="12" type="stmt"/>
        <line num="167" count="7" type="cond" truecount="3" falsecount="1"/>
        <line num="168" count="2" type="stmt"/>
        <line num="169" count="4" type="stmt"/>
        <line num="170" count="1" type="stmt"/>
        <line num="171" count="0" type="stmt"/>
        <line num="176" count="12" type="stmt"/>
        <line num="179" count="12" type="stmt"/>
        <line num="182" count="12" type="stmt"/>
        <line num="189" count="12" type="stmt"/>
        <line num="212" count="19" type="stmt"/>
        <line num="213" count="19" type="stmt"/>
        <line num="214" count="19" type="stmt"/>
        <line num="215" count="19" type="stmt"/>
        <line num="221" count="19" type="stmt"/>
        <line num="224" count="19" type="cond" truecount="3" falsecount="0"/>
        <line num="225" count="5" type="stmt"/>
        <line num="234" count="19" type="cond" truecount="3" falsecount="0"/>
        <line num="235" count="5" type="stmt"/>
        <line num="239" count="14" type="stmt"/>
        <line num="240" count="14" type="stmt"/>
        <line num="243" count="14" type="stmt"/>
        <line num="244" count="62" type="cond" truecount="1" falsecount="0"/>
        <line num="245" count="8" type="stmt"/>
        <line num="246" count="8" type="stmt"/>
        <line num="247" count="8" type="stmt"/>
        <line num="252" count="14" type="cond" truecount="1" falsecount="0"/>
        <line num="253" count="2" type="stmt"/>
        <line num="254" count="2" type="stmt"/>
        <line num="258" count="14" type="cond" truecount="1" falsecount="1"/>
        <line num="259" count="14" type="cond" truecount="1" falsecount="0"/>
        <line num="260" count="1" type="stmt"/>
        <line num="261" count="1" type="cond" truecount="1" falsecount="1"/>
        <line num="265" count="14" type="cond" truecount="0" falsecount="1"/>
        <line num="266" count="0" type="stmt"/>
        <line num="267" count="0" type="cond" truecount="0" falsecount="2"/>
        <line num="271" count="14" type="cond" truecount="1" falsecount="2"/>
        <line num="272" count="0" type="stmt"/>
        <line num="273" count="0" type="cond" truecount="0" falsecount="2"/>
        <line num="277" count="14" type="cond" truecount="1" falsecount="0"/>
        <line num="278" count="9" type="stmt"/>
        <line num="287" count="14" type="stmt"/>
        <line num="290" count="0" type="stmt"/>
        <line num="312" count="12" type="cond" truecount="3" falsecount="0"/>
        <line num="313" count="5" type="stmt"/>
        <line num="316" count="7" type="stmt"/>
        <line num="317" count="7" type="cond" truecount="1" falsecount="0"/>
        <line num="318" count="6" type="stmt"/>
        <line num="320" count="7" type="cond" truecount="1" falsecount="0"/>
        <line num="321" count="4" type="stmt"/>
        <line num="324" count="7" type="stmt"/>
        <line num="332" count="0" type="stmt"/>
        <line num="333" count="0" type="stmt"/>
        <line num="335" count="0" type="stmt"/>
        <line num="336" count="0" type="cond" truecount="0" falsecount="1"/>
        <line num="337" count="0" type="stmt"/>
        <line num="338" count="0" type="cond" truecount="0" falsecount="1"/>
        <line num="339" count="0" type="stmt"/>
        <line num="342" count="0" type="cond" truecount="0" falsecount="3"/>
        <line num="343" count="0" type="stmt"/>
        <line num="351" count="0" type="cond" truecount="0" falsecount="1"/>
        <line num="352" count="0" type="stmt"/>
        <line num="353" count="0" type="stmt"/>
        <line num="354" count="0" type="stmt"/>
        <line num="360" count="0" type="stmt"/>
        <line num="361" count="0" type="cond" truecount="0" falsecount="2"/>
        <line num="362" count="0" type="stmt"/>
        <line num="366" count="0" type="stmt"/>
        <line num="369" count="0" type="stmt"/>
        <line num="373" count="0" type="stmt"/>
        <line num="380" count="4" type="stmt"/>
        <line num="381" count="4" type="cond" truecount="3" falsecount="2"/>
        <line num="383" count="1" type="stmt"/>
        <line num="385" count="2" type="stmt"/>
        <line num="387" count="0" type="stmt"/>
        <line num="389" count="0" type="stmt"/>
        <line num="391" count="1" type="stmt"/>
      </file>
      <file name="sitemapService.ts" path="/home/poweruser/projects/Phish-Guard/src/services/sitemapService.ts">
        <metrics statements="109" coveredstatements="74" conditionals="52" coveredconditionals="29" methods="12" coveredmethods="8"/>
        <line num="16" count="2" type="stmt"/>
        <line num="25" count="3" type="stmt"/>
        <line num="33" count="3" type="cond" truecount="4" falsecount="0"/>
        <line num="34" count="3" type="stmt"/>
        <line num="35" count="3" type="cond" truecount="0" falsecount="1"/>
        <line num="36" count="0" type="stmt"/>
        <line num="37" count="0" type="stmt"/>
        <line num="38" count="0" type="stmt"/>
        <line num="39" count="0" type="stmt"/>
        <line num="40" count="0" type="cond" truecount="0" falsecount="4"/>
        <line num="41" count="0" type="stmt"/>
        <line num="45" count="3" type="cond" truecount="4" falsecount="0"/>
        <line num="46" count="3" type="stmt"/>
        <line num="47" count="3" type="cond" truecount="0" falsecount="1"/>
        <line num="48" count="0" type="stmt"/>
        <line num="49" count="0" type="stmt"/>
        <line num="50" count="0" type="stmt"/>
        <line num="51" count="0" type="stmt"/>
        <line num="52" count="0" type="stmt"/>
        <line num="53" count="0" type="cond" truecount="0" falsecount="4"/>
        <line num="54" count="0" type="stmt"/>
        <line num="58" count="3" type="cond" truecount="4" falsecount="0"/>
        <line num="59" count="3" type="stmt"/>
        <line num="60" count="3" type="stmt"/>
        <line num="61" count="3" type="stmt"/>
        <line num="62" count="3" type="stmt"/>
        <line num="63" count="3" type="cond" truecount="4" falsecount="0"/>
        <line num="65" count="3" type="stmt"/>
        <line num="72" count="4" type="stmt"/>
        <line num="80" count="4" type="stmt"/>
        <line num="81" count="4" type="cond" truecount="0" falsecount="1"/>
        <line num="82" count="0" type="stmt"/>
        <line num="83" count="0" type="stmt"/>
        <line num="84" count="0" type="stmt"/>
        <line num="85" count="0" type="stmt"/>
        <line num="86" count="0" type="stmt"/>
        <line num="90" count="4" type="stmt"/>
        <line num="91" count="4" type="cond" truecount="0" falsecount="1"/>
        <line num="92" count="0" type="stmt"/>
        <line num="93" count="0" type="stmt"/>
        <line num="94" count="0" type="stmt"/>
        <line num="95" count="0" type="stmt"/>
        <line num="96" count="0" type="stmt"/>
        <line num="97" count="0" type="stmt"/>
        <line num="101" count="4" type="stmt"/>
        <line num="102" count="4" type="stmt"/>
        <line num="103" count="4" type="stmt"/>
        <line num="104" count="4" type="stmt"/>
        <line num="106" count="4" type="stmt"/>
        <line num="113" count="11" type="stmt"/>
        <line num="124" count="11" type="stmt"/>
        <line num="125" count="11" type="stmt"/>
        <line num="127" count="11" type="stmt"/>
        <line num="128" count="88" type="stmt"/>
        <line num="130" count="88" type="stmt"/>
        <line num="132" count="88" type="stmt"/>
        <line num="133" count="88" type="stmt"/>
        <line num="135" count="88" type="stmt"/>
        <line num="143" count="73" type="stmt"/>
        <line num="145" count="73" type="cond" truecount="2" falsecount="1"/>
        <line num="146" count="0" type="stmt"/>
        <line num="150" count="30" type="cond" truecount="4" falsecount="0"/>
        <line num="151" count="4" type="stmt"/>
        <line num="152" count="4" type="stmt"/>
        <line num="153" count="4" type="stmt"/>
        <line num="154" count="4" type="stmt"/>
        <line num="156" count="4" type="stmt"/>
        <line num="164" count="3" type="stmt"/>
        <line num="166" count="3" type="cond" truecount="2" falsecount="1"/>
        <line num="167" count="0" type="stmt"/>
        <line num="178" count="11" type="stmt"/>
        <line num="185" count="11" type="stmt"/>
        <line num="187" count="11" type="stmt"/>
        <line num="188" count="21" type="stmt"/>
        <line num="189" count="21" type="stmt"/>
        <line num="190" count="21" type="stmt"/>
        <line num="192" count="21" type="stmt"/>
        <line num="199" count="18" type="stmt"/>
        <line num="201" count="18" type="cond" truecount="1" falsecount="0"/>
        <line num="202" count="3" type="stmt"/>
        <line num="203" count="3" type="stmt"/>
        <line num="205" count="3" type="cond" truecount="1" falsecount="0"/>
        <line num="206" count="1" type="stmt"/>
        <line num="214" count="10" type="stmt"/>
        <line num="221" count="3" type="stmt"/>
        <line num="222" count="3" type="stmt"/>
        <line num="224" count="3" type="stmt"/>
        <line num="225" count="14" type="stmt"/>
        <line num="226" count="14" type="stmt"/>
        <line num="228" count="14" type="cond" truecount="1" falsecount="0"/>
        <line num="229" count="2" type="stmt"/>
        <line num="230" count="2" type="cond" truecount="1" falsecount="0"/>
        <line num="231" count="2" type="stmt"/>
        <line num="236" count="3" type="stmt"/>
        <line num="243" count="10" type="stmt"/>
        <line num="244" count="10" type="stmt"/>
        <line num="251" count="6" type="cond" truecount="1" falsecount="1"/>
        <line num="254" count="0" type="cond" truecount="0" falsecount="3"/>
        <line num="263" count="2" type="stmt"/>
        <line num="264" count="2" type="stmt"/>
        <line num="265" count="2" type="stmt"/>
        <line num="267" count="0" type="stmt"/>
        <line num="275" count="0" type="cond" truecount="0" falsecount="1"/>
        <line num="276" count="0" type="stmt"/>
        <line num="279" count="0" type="cond" truecount="0" falsecount="4"/>
        <line num="281" count="0" type="stmt"/>
        <line num="283" count="0" type="stmt"/>
        <line num="285" count="0" type="stmt"/>
        <line num="287" count="0" type="stmt"/>
      </file>
    </package>
    <package name="utils">
      <metrics statements="53" coveredstatements="48" conditionals="23" coveredconditionals="17" methods="9" coveredmethods="8"/>
      <file name="logger.ts" path="/home/poweruser/projects/Phish-Guard/src/utils/logger.ts">
        <metrics statements="10" coveredstatements="8" conditionals="3" coveredconditionals="2" methods="4" coveredmethods="3"/>
        <line num="4" count="6" type="stmt"/>
        <line num="6" count="6" type="stmt"/>
        <line num="8" count="34" type="cond" truecount="1" falsecount="0"/>
        <line num="9" count="34" type="stmt"/>
        <line num="14" count="1" type="cond" truecount="1" falsecount="0"/>
        <line num="15" count="1" type="stmt"/>
        <line num="21" count="3" type="stmt"/>
        <line num="25" count="0" type="cond" truecount="0" falsecount="1"/>
        <line num="26" count="0" type="stmt"/>
        <line num="31" count="6" type="stmt"/>
      </file>
      <file name="utils.ts" path="/home/poweruser/projects/Phish-Guard/src/utils/utils.ts">
        <metrics statements="43" coveredstatements="40" conditionals="20" coveredconditionals="15" methods="5" coveredmethods="5"/>
        <line num="6" count="3" type="stmt"/>
        <line num="7" count="7" type="cond" truecount="2" falsecount="1"/>
        <line num="8" count="0" type="stmt"/>
        <line num="13" count="7" type="stmt"/>
        <line num="14" count="7" type="cond" truecount="1" falsecount="1"/>
        <line num="17" count="7" type="stmt"/>
        <line num="20" count="3" type="stmt"/>
        <line num="21" count="6" type="cond" truecount="2" falsecount="1"/>
        <line num="22" count="0" type="stmt"/>
        <line num="25" count="6" type="stmt"/>
        <line num="27" count="6" type="stmt"/>
        <line num="28" count="6" type="cond" truecount="1" falsecount="0"/>
        <line num="29" count="2" type="stmt"/>
        <line num="31" count="2" type="stmt"/>
        <line num="32" count="2" type="stmt"/>
        <line num="36" count="4" type="stmt"/>
        <line num="37" count="3" type="stmt"/>
        <line num="40" count="1" type="stmt"/>
        <line num="44" count="3" type="stmt"/>
        <line num="45" count="11" type="cond" truecount="2" falsecount="1"/>
        <line num="46" count="0" type="stmt"/>
        <line num="49" count="11" type="stmt"/>
        <line num="50" count="11" type="cond" truecount="2" falsecount="0"/>
        <line num="53" count="10" type="stmt"/>
        <line num="56" count="10" type="stmt"/>
        <line num="58" count="10" type="stmt"/>
        <line num="61" count="1" type="stmt"/>
        <line num="62" count="1" type="cond" truecount="1" falsecount="1"/>
        <line num="63" count="1" type="stmt"/>
        <line num="67" count="3" type="stmt"/>
        <line num="68" count="12" type="cond" truecount="3" falsecount="0"/>
        <line num="69" count="1" type="stmt"/>
        <line num="72" count="11" type="stmt"/>
        <line num="73" count="11" type="stmt"/>
        <line num="75" count="10" type="cond" truecount="1" falsecount="0"/>
        <line num="76" count="5" type="stmt"/>
        <line num="79" count="5" type="stmt"/>
        <line num="81" count="6" type="stmt"/>
        <line num="85" count="3" type="stmt"/>
        <line num="86" count="15" type="stmt"/>
        <line num="87" count="15" type="stmt"/>
        <line num="88" count="13" type="stmt"/>
        <line num="90" count="2" type="stmt"/>
      </file>
    </package>
  </project>
</coverage>
