{"/home/poweruser/projects/Phish-Guard/src/services/apiservice.ts": {"path":"/home/poweruser/projects/Phish-Guard/src/services/apiservice.ts","statementMap":{"0":{"start":{"line":122,"column":0},"end":{"line":122,"column":22}},"1":{"start":{"line":1,"column":0},"end":{"line":1,"column":69}},"2":{"start":{"line":2,"column":0},"end":{"line":2,"column":37}},"3":{"start":{"line":11,"column":10},"end":{"line":11,"column":47}},"4":{"start":{"line":12,"column":10},"end":{"line":12,"column":48}},"5":{"start":{"line":13,"column":19},"end":{"line":13,"column":45}},"6":{"start":{"line":18,"column":4},"end":{"line":20,"column":5}},"7":{"start":{"line":19,"column":6},"end":{"line":19,"column":55}},"8":{"start":{"line":21,"column":4},"end":{"line":21,"column":36}},"9":{"start":{"line":25,"column":4},"end":{"line":38,"column":5}},"10":{"start":{"line":26,"column":26},"end":{"line":26,"column":50}},"11":{"start":{"line":27,"column":26},"end":{"line":27,"column":50}},"12":{"start":{"line":29,"column":6},"end":{"line":31,"column":7}},"13":{"start":{"line":30,"column":8},"end":{"line":30,"column":125}},"14":{"start":{"line":33,"column":6},"end":{"line":35,"column":7}},"15":{"start":{"line":34,"column":8},"end":{"line":34,"column":85}},"16":{"start":{"line":37,"column":6},"end":{"line":37,"column":59}},"17":{"start":{"line":39,"column":4},"end":{"line":39,"column":23}},"18":{"start":{"line":43,"column":4},"end":{"line":48,"column":5}},"19":{"start":{"line":44,"column":6},"end":{"line":44,"column":19}},"20":{"start":{"line":45,"column":6},"end":{"line":45,"column":18}},"21":{"start":{"line":47,"column":6},"end":{"line":47,"column":19}},"22":{"start":{"line":52,"column":4},"end":{"line":52,"column":36}},"23":{"start":{"line":56,"column":4},"end":{"line":56,"column":57}},"24":{"start":{"line":60,"column":4},"end":{"line":62,"column":5}},"25":{"start":{"line":61,"column":6},"end":{"line":61,"column":46}},"26":{"start":{"line":64,"column":4},"end":{"line":66,"column":5}},"27":{"start":{"line":65,"column":6},"end":{"line":65,"column":44}},"28":{"start":{"line":68,"column":21},"end":{"line":68,"column":42}},"29":{"start":{"line":69,"column":24},"end":{"line":69,"column":48}},"30":{"start":{"line":71,"column":4},"end":{"line":73,"column":5}},"31":{"start":{"line":72,"column":6},"end":{"line":72,"column":32}},"32":{"start":{"line":75,"column":4},"end":{"line":104,"column":5}},"33":{"start":{"line":76,"column":21},"end":{"line":76,"column":37}},"34":{"start":{"line":77,"column":30},"end":{"line":80,"column":23}},"35":{"start":{"line":82,"column":6},"end":{"line":85,"column":7}},"36":{"start":{"line":83,"column":8},"end":{"line":83,"column":53}},"37":{"start":{"line":84,"column":8},"end":{"line":84,"column":67}},"38":{"start":{"line":87,"column":21},"end":{"line":87,"column":44}},"39":{"start":{"line":90,"column":6},"end":{"line":93,"column":9}},"40":{"start":{"line":96,"column":6},"end":{"line":96,"column":26}},"41":{"start":{"line":98,"column":6},"end":{"line":98,"column":20}},"42":{"start":{"line":100,"column":6},"end":{"line":102,"column":7}},"43":{"start":{"line":101,"column":8},"end":{"line":101,"column":20}},"44":{"start":{"line":103,"column":6},"end":{"line":103,"column":72}},"45":{"start":{"line":108,"column":16},"end":{"line":108,"column":26}},"46":{"start":{"line":109,"column":4},"end":{"line":113,"column":5}},"47":{"start":{"line":110,"column":6},"end":{"line":112,"column":7}},"48":{"start":{"line":111,"column":8},"end":{"line":111,"column":31}},"49":{"start":{"line":117,"column":4},"end":{"line":117,"column":23}},"50":{"start":{"line":128,"column":9},"end":{"line":128,"column":24}},"51":{"start":{"line":123,"column":18},"end":{"line":123,"column":47}},"52":{"start":{"line":124,"column":2},"end":{"line":124,"column":41}}},"fnMap":{"0":{"name":"(anonymous_8)","decl":{"start":{"line":15,"column":2},"end":{"line":15,"column":25}},"loc":{"start":{"line":15,"column":2},"end":{"line":15,"column":26}}},"1":{"name":"(anonymous_9)","decl":{"start":{"line":17,"column":9},"end":{"line":17,"column":15}},"loc":{"start":{"line":17,"column":27},"end":{"line":22,"column":3}}},"2":{"name":"(anonymous_10)","decl":{"start":{"line":24,"column":10},"end":{"line":24,"column":19}},"loc":{"start":{"line":24,"column":19},"end":{"line":40,"column":3}}},"3":{"name":"(anonymous_11)","decl":{"start":{"line":42,"column":10},"end":{"line":42,"column":20}},"loc":{"start":{"line":42,"column":32},"end":{"line":49,"column":3}}},"4":{"name":"(anonymous_12)","decl":{"start":{"line":51,"column":10},"end":{"line":51,"column":21}},"loc":{"start":{"line":51,"column":33},"end":{"line":53,"column":3}}},"5":{"name":"(anonymous_13)","decl":{"start":{"line":55,"column":10},"end":{"line":55,"column":22}},"loc":{"start":{"line":55,"column":40},"end":{"line":57,"column":3}}},"6":{"name":"(anonymous_14)","decl":{"start":{"line":59,"column":15},"end":{"line":59,"column":33}},"loc":{"start":{"line":59,"column":45},"end":{"line":105,"column":null}}},"7":{"name":"(anonymous_16)","decl":{"start":{"line":107,"column":10},"end":{"line":107,"column":22}},"loc":{"start":{"line":107,"column":22},"end":{"line":114,"column":3}}},"8":{"name":"(anonymous_17)","decl":{"start":{"line":116,"column":9},"end":{"line":116,"column":19}},"loc":{"start":{"line":116,"column":19},"end":{"line":118,"column":3}}},"9":{"name":"checkUrlInSupabase","decl":{"start":{"line":122,"column":22},"end":{"line":122,"column":40}},"loc":{"start":{"line":122,"column":52},"end":{"line":125,"column":null}}}},"branchMap":{"0":{"loc":{"start":{"line":18,"column":4},"end":{"line":20,"column":5}},"type":"if","locations":[{"start":{"line":18,"column":4},"end":{"line":20,"column":5}}]},"1":{"loc":{"start":{"line":25,"column":4},"end":{"line":38,"column":5}},"type":"if","locations":[{"start":{"line":25,"column":4},"end":{"line":38,"column":5}}]},"2":{"loc":{"start":{"line":29,"column":6},"end":{"line":31,"column":7}},"type":"if","locations":[{"start":{"line":29,"column":6},"end":{"line":31,"column":7}}]},"3":{"loc":{"start":{"line":29,"column":10},"end":{"line":29,"column":38}},"type":"binary-expr","locations":[{"start":{"line":29,"column":10},"end":{"line":29,"column":22}},{"start":{"line":29,"column":26},"end":{"line":29,"column":38}}]},"4":{"loc":{"start":{"line":33,"column":6},"end":{"line":35,"column":7}},"type":"if","locations":[{"start":{"line":33,"column":6},"end":{"line":35,"column":7}}]},"5":{"loc":{"start":{"line":60,"column":4},"end":{"line":62,"column":5}},"type":"if","locations":[{"start":{"line":60,"column":4},"end":{"line":62,"column":5}}]},"6":{"loc":{"start":{"line":60,"column":8},"end":{"line":60,"column":39}},"type":"binary-expr","locations":[{"start":{"line":60,"column":8},"end":{"line":60,"column":12}},{"start":{"line":60,"column":16},"end":{"line":60,"column":39}}]},"7":{"loc":{"start":{"line":64,"column":4},"end":{"line":66,"column":5}},"type":"if","locations":[{"start":{"line":64,"column":4},"end":{"line":66,"column":5}}]},"8":{"loc":{"start":{"line":71,"column":4},"end":{"line":73,"column":5}},"type":"if","locations":[{"start":{"line":71,"column":4},"end":{"line":73,"column":5}}]},"9":{"loc":{"start":{"line":71,"column":8},"end":{"line":71,"column":53}},"type":"binary-expr","locations":[{"start":{"line":71,"column":8},"end":{"line":71,"column":19}},{"start":{"line":71,"column":23},"end":{"line":71,"column":53}}]},"10":{"loc":{"start":{"line":82,"column":6},"end":{"line":85,"column":7}},"type":"if","locations":[{"start":{"line":82,"column":6},"end":{"line":85,"column":7}}]},"11":{"loc":{"start":{"line":87,"column":21},"end":{"line":87,"column":44}},"type":"binary-expr","locations":[{"start":{"line":87,"column":21},"end":{"line":87,"column":25}},{"start":{"line":87,"column":29},"end":{"line":87,"column":44}}]},"12":{"loc":{"start":{"line":100,"column":6},"end":{"line":102,"column":7}},"type":"if","locations":[{"start":{"line":100,"column":6},"end":{"line":102,"column":7}}]},"13":{"loc":{"start":{"line":110,"column":6},"end":{"line":112,"column":7}},"type":"if","locations":[{"start":{"line":110,"column":6},"end":{"line":112,"column":7}}]}},"s":{"0":1,"1":1,"2":1,"3":1,"4":1,"5":1,"6":6,"7":1,"8":6,"9":3,"10":1,"11":1,"12":1,"13":0,"14":1,"15":0,"16":1,"17":3,"18":3,"19":3,"20":3,"21":0,"22":3,"23":2,"24":3,"25":0,"26":3,"27":0,"28":3,"29":3,"30":3,"31":0,"32":3,"33":3,"34":3,"35":3,"36":1,"37":1,"38":2,"39":2,"40":2,"41":2,"42":1,"43":1,"44":0,"45":2,"46":2,"47":2,"48":0,"49":3,"50":1,"51":3,"52":3},"f":{"0":1,"1":6,"2":3,"3":3,"4":3,"5":2,"6":3,"7":2,"8":3,"9":3},"b":{"0":[1],"1":[1],"2":[0],"3":[1,1],"4":[0],"5":[0],"6":[3,3],"7":[0],"8":[0],"9":[3,0],"10":[1],"11":[2,2],"12":[1],"13":[0]}}
,"/home/poweruser/projects/Phish-Guard/src/services/certificateAnalysisService.ts": {"path":"/home/poweruser/projects/Phish-Guard/src/services/certificateAnalysisService.ts","statementMap":{"0":{"start":{"line":4,"column":0},"end":{"line":4,"column":37}},"1":{"start":{"line":47,"column":49},"end":{"line":58,"column":6}},"2":{"start":{"line":60,"column":4},"end":{"line":158,"column":5}},"3":{"start":{"line":62,"column":18},"end":{"line":62,"column":28}},"4":{"start":{"line":63,"column":35},"end":{"line":63,"column":61}},"5":{"start":{"line":64,"column":6},"end":{"line":68,"column":7}},"6":{"start":{"line":65,"column":25},"end":{"line":65,"column":76}},"7":{"start":{"line":66,"column":8},"end":{"line":66,"column":83}},"8":{"start":{"line":67,"column":8},"end":{"line":67,"column":68}},"9":{"start":{"line":67,"column":37},"end":{"line":67,"column":66}},"10":{"start":{"line":69,"column":6},"end":{"line":69,"column":40}},"11":{"start":{"line":71,"column":6},"end":{"line":71,"column":76}},"12":{"start":{"line":74,"column":25},"end":{"line":74,"column":46}},"13":{"start":{"line":75,"column":24},"end":{"line":75,"column":77}},"14":{"start":{"line":75,"column":41},"end":{"line":75,"column":59}},"15":{"start":{"line":77,"column":23},"end":{"line":79,"column":8}},"16":{"start":{"line":81,"column":6},"end":{"line":81,"column":30}},"17":{"start":{"line":83,"column":6},"end":{"line":86,"column":7}},"18":{"start":{"line":84,"column":8},"end":{"line":84,"column":79}},"19":{"start":{"line":85,"column":8},"end":{"line":85,"column":80}},"20":{"start":{"line":88,"column":44},"end":{"line":88,"column":65}},"21":{"start":{"line":90,"column":6},"end":{"line":93,"column":7}},"22":{"start":{"line":91,"column":8},"end":{"line":91,"column":72}},"23":{"start":{"line":92,"column":8},"end":{"line":92,"column":81}},"24":{"start":{"line":95,"column":6},"end":{"line":95,"column":80}},"25":{"start":{"line":98,"column":25},"end":{"line":102,"column":8}},"26":{"start":{"line":99,"column":25},"end":{"line":99,"column":50}},"27":{"start":{"line":100,"column":27},"end":{"line":100,"column":54}},"28":{"start":{"line":101,"column":8},"end":{"line":101,"column":53}},"29":{"start":{"line":105,"column":29},"end":{"line":105,"column":60}},"30":{"start":{"line":106,"column":26},"end":{"line":106,"column":36}},"31":{"start":{"line":107,"column":24},"end":{"line":107,"column":62}},"32":{"start":{"line":108,"column":26},"end":{"line":108,"column":59}},"33":{"start":{"line":109,"column":27},"end":{"line":109,"column":55}},"34":{"start":{"line":111,"column":24},"end":{"line":111,"column":39}},"35":{"start":{"line":112,"column":28},"end":{"line":112,"column":45}},"36":{"start":{"line":115,"column":23},"end":{"line":116,"column":null}},"37":{"start":{"line":116,"column":8},"end":{"line":116,"column":48}},"38":{"start":{"line":120,"column":23},"end":{"line":120,"column":24}},"39":{"start":{"line":121,"column":36},"end":{"line":121,"column":38}},"40":{"start":{"line":123,"column":6},"end":{"line":129,"column":7}},"41":{"start":{"line":124,"column":8},"end":{"line":124,"column":25}},"42":{"start":{"line":125,"column":8},"end":{"line":125,"column":90}},"43":{"start":{"line":126,"column":13},"end":{"line":129,"column":7}},"44":{"start":{"line":127,"column":8},"end":{"line":127,"column":25}},"45":{"start":{"line":128,"column":8},"end":{"line":128,"column":97}},"46":{"start":{"line":131,"column":6},"end":{"line":134,"column":7}},"47":{"start":{"line":132,"column":8},"end":{"line":132,"column":25}},"48":{"start":{"line":133,"column":8},"end":{"line":133,"column":102}},"49":{"start":{"line":136,"column":6},"end":{"line":136,"column":164}},"50":{"start":{"line":138,"column":6},"end":{"line":148,"column":8}},"51":{"start":{"line":152,"column":6},"end":{"line":155,"column":7}},"52":{"start":{"line":153,"column":8},"end":{"line":153,"column":87}},"53":{"start":{"line":154,"column":8},"end":{"line":154,"column":77}},"54":{"start":{"line":156,"column":6},"end":{"line":156,"column":80}},"55":{"start":{"line":157,"column":6},"end":{"line":157,"column":77}},"56":{"start":{"line":165,"column":4},"end":{"line":167,"column":5}},"57":{"start":{"line":166,"column":6},"end":{"line":166,"column":51}},"58":{"start":{"line":169,"column":31},"end":{"line":169,"column":33}},"59":{"start":{"line":171,"column":4},"end":{"line":177,"column":5}},"60":{"start":{"line":172,"column":6},"end":{"line":172,"column":75}},"61":{"start":{"line":173,"column":11},"end":{"line":177,"column":5}},"62":{"start":{"line":174,"column":6},"end":{"line":174,"column":75}},"63":{"start":{"line":176,"column":6},"end":{"line":176,"column":75}},"64":{"start":{"line":179,"column":4},"end":{"line":183,"column":5}},"65":{"start":{"line":180,"column":6},"end":{"line":180,"column":65}},"66":{"start":{"line":182,"column":6},"end":{"line":182,"column":60}},"67":{"start":{"line":185,"column":4},"end":{"line":185,"column":32}},"68":{"start":{"line":196,"column":4},"end":{"line":201,"column":5}},"69":{"start":{"line":200,"column":6},"end":{"line":200,"column":18}},"70":{"start":{"line":204,"column":4},"end":{"line":208,"column":5}},"71":{"start":{"line":207,"column":6},"end":{"line":207,"column":18}},"72":{"start":{"line":210,"column":4},"end":{"line":210,"column":17}},"73":{"start":{"line":28,"column":0},"end":{"line":28,"column":13}},"74":{"start":{"line":29,"column":26},"end":{"line":29,"column":54}},"75":{"start":{"line":30,"column":26},"end":{"line":30,"column":45}},"76":{"start":{"line":31,"column":17},"end":{"line":31,"column":37}},"77":{"start":{"line":32,"column":26},"end":{"line":32,"column":57}},"78":{"start":{"line":35,"column":26},"end":{"line":40,"column":4}}},"fnMap":{"0":{"name":"(anonymous_8)","decl":{"start":{"line":46,"column":9},"end":{"line":46,"column":15}},"loc":{"start":{"line":46,"column":55},"end":{"line":159,"column":null}}},"1":{"name":"(anonymous_10)","decl":{"start":{"line":67,"column":26},"end":{"line":67,"column":33}},"loc":{"start":{"line":67,"column":37},"end":{"line":67,"column":66}}},"2":{"name":"(anonymous_11)","decl":{"start":{"line":75,"column":35},"end":{"line":75,"column":38}},"loc":{"start":{"line":75,"column":41},"end":{"line":75,"column":59}}},"3":{"name":"(anonymous_12)","decl":{"start":{"line":98,"column":45},"end":{"line":98,"column":46}},"loc":{"start":{"line":98,"column":62},"end":{"line":102,"column":7}}},"4":{"name":"(anonymous_13)","decl":{"start":{"line":115,"column":50},"end":{"line":115,"column":57}},"loc":{"start":{"line":116,"column":8},"end":{"line":116,"column":48}}},"5":{"name":"(anonymous_14)","decl":{"start":{"line":164,"column":9},"end":{"line":164,"column":15}},"loc":{"start":{"line":164,"column":61},"end":{"line":186,"column":3}}},"6":{"name":"(anonymous_15)","decl":{"start":{"line":191,"column":9},"end":{"line":191,"column":15}},"loc":{"start":{"line":193,"column":26},"end":{"line":211,"column":3}}}},"branchMap":{"0":{"loc":{"start":{"line":64,"column":6},"end":{"line":68,"column":7}},"type":"if","locations":[{"start":{"line":64,"column":6},"end":{"line":68,"column":7}}]},"1":{"loc":{"start":{"line":83,"column":6},"end":{"line":86,"column":7}},"type":"if","locations":[{"start":{"line":83,"column":6},"end":{"line":86,"column":7}}]},"2":{"loc":{"start":{"line":90,"column":6},"end":{"line":93,"column":7}},"type":"if","locations":[{"start":{"line":90,"column":6},"end":{"line":93,"column":7}}]},"3":{"loc":{"start":{"line":90,"column":10},"end":{"line":90,"column":52}},"type":"binary-expr","locations":[{"start":{"line":90,"column":10},"end":{"line":90,"column":23}},{"start":{"line":90,"column":27},"end":{"line":90,"column":52}}]},"4":{"loc":{"start":{"line":101,"column":15},"end":{"line":101,"column":52}},"type":"cond-expr","locations":[{"start":{"line":101,"column":39},"end":{"line":101,"column":43}},{"start":{"line":101,"column":46},"end":{"line":101,"column":52}}]},"5":{"loc":{"start":{"line":123,"column":6},"end":{"line":129,"column":7}},"type":"if","locations":[{"start":{"line":123,"column":6},"end":{"line":129,"column":7}},{"start":{"line":126,"column":13},"end":{"line":129,"column":7}}]},"6":{"loc":{"start":{"line":126,"column":13},"end":{"line":129,"column":7}},"type":"if","locations":[{"start":{"line":126,"column":13},"end":{"line":129,"column":7}}]},"7":{"loc":{"start":{"line":131,"column":6},"end":{"line":134,"column":7}},"type":"if","locations":[{"start":{"line":131,"column":6},"end":{"line":134,"column":7}}]},"8":{"loc":{"start":{"line":131,"column":10},"end":{"line":131,"column":31}},"type":"binary-expr","locations":[{"start":{"line":131,"column":10},"end":{"line":131,"column":18}},{"start":{"line":131,"column":22},"end":{"line":131,"column":31}}]},"9":{"loc":{"start":{"line":152,"column":6},"end":{"line":155,"column":7}},"type":"if","locations":[{"start":{"line":152,"column":6},"end":{"line":155,"column":7}}]},"10":{"loc":{"start":{"line":157,"column":42},"end":{"line":157,"column":74}},"type":"binary-expr","locations":[{"start":{"line":157,"column":42},"end":{"line":157,"column":55}},{"start":{"line":157,"column":59},"end":{"line":157,"column":74}}]},"11":{"loc":{"start":{"line":165,"column":4},"end":{"line":167,"column":5}},"type":"if","locations":[{"start":{"line":165,"column":4},"end":{"line":167,"column":5}}]},"12":{"loc":{"start":{"line":165,"column":8},"end":{"line":165,"column":42}},"type":"binary-expr","locations":[{"start":{"line":165,"column":8},"end":{"line":165,"column":22}},{"start":{"line":165,"column":26},"end":{"line":165,"column":42}}]},"13":{"loc":{"start":{"line":171,"column":4},"end":{"line":177,"column":5}},"type":"if","locations":[{"start":{"line":171,"column":4},"end":{"line":177,"column":5}},{"start":{"line":173,"column":11},"end":{"line":177,"column":5}}]},"14":{"loc":{"start":{"line":173,"column":11},"end":{"line":177,"column":5}},"type":"if","locations":[{"start":{"line":173,"column":11},"end":{"line":177,"column":5}},{"start":{"line":175,"column":11},"end":{"line":177,"column":5}}]},"15":{"loc":{"start":{"line":179,"column":4},"end":{"line":183,"column":5}},"type":"if","locations":[{"start":{"line":179,"column":4},"end":{"line":183,"column":5}},{"start":{"line":181,"column":11},"end":{"line":183,"column":5}}]},"16":{"loc":{"start":{"line":196,"column":4},"end":{"line":201,"column":5}},"type":"if","locations":[{"start":{"line":196,"column":4},"end":{"line":201,"column":5}}]},"17":{"loc":{"start":{"line":196,"column":8},"end":{"line":199,"column":29}},"type":"binary-expr","locations":[{"start":{"line":196,"column":8},"end":{"line":196,"column":34}},{"start":{"line":197,"column":8},"end":{"line":197,"column":35}},{"start":{"line":198,"column":8},"end":{"line":198,"column":25}},{"start":{"line":199,"column":8},"end":{"line":199,"column":29}}]},"18":{"loc":{"start":{"line":204,"column":4},"end":{"line":208,"column":5}},"type":"if","locations":[{"start":{"line":204,"column":4},"end":{"line":208,"column":5}}]},"19":{"loc":{"start":{"line":204,"column":8},"end":{"line":206,"column":26}},"type":"binary-expr","locations":[{"start":{"line":204,"column":8},"end":{"line":204,"column":30}},{"start":{"line":205,"column":8},"end":{"line":205,"column":35}},{"start":{"line":206,"column":8},"end":{"line":206,"column":26}}]}},"s":{"0":2,"1":6,"2":6,"3":6,"4":6,"5":6,"6":5,"7":5,"8":5,"9":5,"10":6,"11":6,"12":6,"13":6,"14":0,"15":6,"16":6,"17":6,"18":1,"19":1,"20":5,"21":5,"22":1,"23":1,"24":4,"25":4,"26":1,"27":1,"28":1,"29":4,"30":4,"31":4,"32":4,"33":4,"34":4,"35":4,"36":4,"37":7,"38":4,"39":4,"40":4,"41":1,"42":1,"43":3,"44":3,"45":3,"46":4,"47":3,"48":3,"49":4,"50":4,"51":0,"52":0,"53":0,"54":0,"55":0,"56":2,"57":1,"58":1,"59":1,"60":1,"61":0,"62":0,"63":0,"64":1,"65":1,"66":0,"67":1,"68":3,"69":1,"70":2,"71":1,"72":1,"73":2,"74":2,"75":2,"76":2,"77":2,"78":2},"f":{"0":6,"1":5,"2":0,"3":1,"4":7,"5":2,"6":3},"b":{"0":[5],"1":[1],"2":[1],"3":[5,5],"4":[1,0],"5":[1,3],"6":[3],"7":[3],"8":[4,3],"9":[0],"10":[0,0],"11":[1],"12":[2,1],"13":[1,0],"14":[0,0],"15":[1,0],"16":[1],"17":[3,1,1,1],"18":[1],"19":[2,1,1]}}
,"/home/poweruser/projects/Phish-Guard/src/services/domainInfoService.ts": {"path":"/home/poweruser/projects/Phish-Guard/src/services/domainInfoService.ts","statementMap":{"0":{"start":{"line":3,"column":0},"end":{"line":3,"column":37}},"1":{"start":{"line":14,"column":8},"end":{"line":21,"column":9}},"2":{"start":{"line":16,"column":31},"end":{"line":16,"column":72}},"3":{"start":{"line":17,"column":12},"end":{"line":17,"column":30}},"4":{"start":{"line":20,"column":12},"end":{"line":20,"column":57}},"5":{"start":{"line":28,"column":8},"end":{"line":35,"column":9}},"6":{"start":{"line":31,"column":27},"end":{"line":31,"column":48}},"7":{"start":{"line":32,"column":12},"end":{"line":32,"column":60}},"8":{"start":{"line":34,"column":12},"end":{"line":34,"column":24}},"9":{"start":{"line":43,"column":8},"end":{"line":45,"column":9}},"10":{"start":{"line":44,"column":12},"end":{"line":44,"column":57}},"11":{"start":{"line":48,"column":21},"end":{"line":53,"column":10}},"12":{"start":{"line":55,"column":8},"end":{"line":89,"column":9}},"13":{"start":{"line":56,"column":12},"end":{"line":88,"column":13}},"14":{"start":{"line":58,"column":28},"end":{"line":58,"column":38}},"15":{"start":{"line":59,"column":45},"end":{"line":59,"column":71}},"16":{"start":{"line":60,"column":16},"end":{"line":64,"column":17}},"17":{"start":{"line":61,"column":37},"end":{"line":61,"column":88}},"18":{"start":{"line":62,"column":20},"end":{"line":62,"column":94}},"19":{"start":{"line":63,"column":20},"end":{"line":63,"column":80}},"20":{"start":{"line":63,"column":49},"end":{"line":63,"column":78}},"21":{"start":{"line":65,"column":16},"end":{"line":65,"column":50}},"22":{"start":{"line":68,"column":35},"end":{"line":68,"column":56}},"23":{"start":{"line":69,"column":34},"end":{"line":69,"column":76}},"24":{"start":{"line":69,"column":51},"end":{"line":69,"column":69}},"25":{"start":{"line":71,"column":33},"end":{"line":78,"column":18}},"26":{"start":{"line":80,"column":16},"end":{"line":80,"column":40}},"27":{"start":{"line":82,"column":16},"end":{"line":85,"column":17}},"28":{"start":{"line":83,"column":33},"end":{"line":83,"column":54}},"29":{"start":{"line":84,"column":20},"end":{"line":84,"column":63}},"30":{"start":{"line":87,"column":16},"end":{"line":87,"column":25}},"31":{"start":{"line":91,"column":8},"end":{"line":91,"column":53}},"32":{"start":{"line":98,"column":8},"end":{"line":101,"column":10}},"33":{"start":{"line":113,"column":8},"end":{"line":115,"column":9}},"34":{"start":{"line":114,"column":12},"end":{"line":114,"column":91}},"35":{"start":{"line":117,"column":8},"end":{"line":119,"column":9}},"36":{"start":{"line":118,"column":12},"end":{"line":118,"column":94}},"37":{"start":{"line":121,"column":8},"end":{"line":123,"column":9}},"38":{"start":{"line":122,"column":12},"end":{"line":122,"column":62}},"39":{"start":{"line":127,"column":35},"end":{"line":127,"column":40}},"40":{"start":{"line":129,"column":8},"end":{"line":134,"column":9}},"41":{"start":{"line":130,"column":28},"end":{"line":130,"column":54}},"42":{"start":{"line":131,"column":24},"end":{"line":131,"column":34}},"43":{"start":{"line":132,"column":12},"end":{"line":132,"column":96}},"44":{"start":{"line":133,"column":12},"end":{"line":133,"column":78}},"45":{"start":{"line":136,"column":8},"end":{"line":143,"column":10}},"46":{"start":{"line":150,"column":8},"end":{"line":153,"column":10}},"47":{"start":{"line":163,"column":20},"end":{"line":163,"column":21}},"48":{"start":{"line":164,"column":34},"end":{"line":164,"column":36}},"49":{"start":{"line":167,"column":8},"end":{"line":175,"column":9}},"50":{"start":{"line":168,"column":12},"end":{"line":168,"column":24}},"51":{"start":{"line":169,"column":12},"end":{"line":169,"column":90}},"52":{"start":{"line":170,"column":15},"end":{"line":175,"column":9}},"53":{"start":{"line":171,"column":12},"end":{"line":174,"column":13}},"54":{"start":{"line":172,"column":16},"end":{"line":172,"column":28}},"55":{"start":{"line":173,"column":16},"end":{"line":173,"column":92}},"56":{"start":{"line":178,"column":8},"end":{"line":181,"column":9}},"57":{"start":{"line":179,"column":12},"end":{"line":179,"column":24}},"58":{"start":{"line":180,"column":12},"end":{"line":180,"column":60}},"59":{"start":{"line":183,"column":8},"end":{"line":186,"column":9}},"60":{"start":{"line":184,"column":12},"end":{"line":184,"column":24}},"61":{"start":{"line":185,"column":12},"end":{"line":185,"column":56}},"62":{"start":{"line":188,"column":8},"end":{"line":191,"column":9}},"63":{"start":{"line":189,"column":12},"end":{"line":189,"column":24}},"64":{"start":{"line":190,"column":12},"end":{"line":190,"column":57}},"65":{"start":{"line":193,"column":8},"end":{"line":193,"column":34}},"66":{"start":{"line":5,"column":0},"end":{"line":5,"column":13}},"67":{"start":{"line":6,"column":28},"end":{"line":6,"column":58}},"68":{"start":{"line":7,"column":19},"end":{"line":7,"column":39}},"69":{"start":{"line":8,"column":28},"end":{"line":8,"column":59}}},"fnMap":{"0":{"name":"(anonymous_8)","decl":{"start":{"line":13,"column":11},"end":{"line":13,"column":17}},"loc":{"start":{"line":13,"column":52},"end":{"line":22,"column":null}}},"1":{"name":"(anonymous_10)","decl":{"start":{"line":27,"column":11},"end":{"line":27,"column":17}},"loc":{"start":{"line":27,"column":54},"end":{"line":36,"column":null}}},"2":{"name":"(anonymous_12)","decl":{"start":{"line":41,"column":12},"end":{"line":41,"column":18}},"loc":{"start":{"line":41,"column":62},"end":{"line":92,"column":null}}},"3":{"name":"(anonymous_14)","decl":{"start":{"line":63,"column":38},"end":{"line":63,"column":45}},"loc":{"start":{"line":63,"column":49},"end":{"line":63,"column":78}}},"4":{"name":"(anonymous_15)","decl":{"start":{"line":69,"column":45},"end":{"line":69,"column":48}},"loc":{"start":{"line":69,"column":51},"end":{"line":69,"column":69}}},"5":{"name":"(anonymous_16)","decl":{"start":{"line":97,"column":12},"end":{"line":97,"column":18}},"loc":{"start":{"line":97,"column":58},"end":{"line":102,"column":5}}},"6":{"name":"(anonymous_17)","decl":{"start":{"line":107,"column":12},"end":{"line":107,"column":18}},"loc":{"start":{"line":107,"column":61},"end":{"line":144,"column":5}}},"7":{"name":"(anonymous_18)","decl":{"start":{"line":149,"column":12},"end":{"line":149,"column":18}},"loc":{"start":{"line":149,"column":61},"end":{"line":154,"column":5}}},"8":{"name":"(anonymous_19)","decl":{"start":{"line":159,"column":4},"end":{"line":159,"column":10}},"loc":{"start":{"line":159,"column":88},"end":{"line":194,"column":5}}}},"branchMap":{"0":{"loc":{"start":{"line":43,"column":8},"end":{"line":45,"column":9}},"type":"if","locations":[{"start":{"line":43,"column":8},"end":{"line":45,"column":9}}]},"1":{"loc":{"start":{"line":60,"column":16},"end":{"line":64,"column":17}},"type":"if","locations":[{"start":{"line":60,"column":16},"end":{"line":64,"column":17}}]},"2":{"loc":{"start":{"line":82,"column":16},"end":{"line":85,"column":17}},"type":"if","locations":[{"start":{"line":82,"column":16},"end":{"line":85,"column":17}}]},"3":{"loc":{"start":{"line":113,"column":8},"end":{"line":115,"column":9}},"type":"if","locations":[{"start":{"line":113,"column":8},"end":{"line":115,"column":9}}]},"4":{"loc":{"start":{"line":113,"column":12},"end":{"line":113,"column":71}},"type":"binary-expr","locations":[{"start":{"line":113,"column":12},"end":{"line":113,"column":30}},{"start":{"line":113,"column":34},"end":{"line":113,"column":51}},{"start":{"line":113,"column":55},"end":{"line":113,"column":71}}]},"5":{"loc":{"start":{"line":114,"column":31},"end":{"line":114,"column":90}},"type":"binary-expr","locations":[{"start":{"line":114,"column":31},"end":{"line":114,"column":49}},{"start":{"line":114,"column":53},"end":{"line":114,"column":70}},{"start":{"line":114,"column":74},"end":{"line":114,"column":90}}]},"6":{"loc":{"start":{"line":117,"column":8},"end":{"line":119,"column":9}},"type":"if","locations":[{"start":{"line":117,"column":8},"end":{"line":119,"column":9}}]},"7":{"loc":{"start":{"line":117,"column":12},"end":{"line":117,"column":76}},"type":"binary-expr","locations":[{"start":{"line":117,"column":12},"end":{"line":117,"column":32}},{"start":{"line":117,"column":36},"end":{"line":117,"column":53}},{"start":{"line":117,"column":57},"end":{"line":117,"column":76}}]},"8":{"loc":{"start":{"line":118,"column":29},"end":{"line":118,"column":93}},"type":"binary-expr","locations":[{"start":{"line":118,"column":29},"end":{"line":118,"column":49}},{"start":{"line":118,"column":53},"end":{"line":118,"column":70}},{"start":{"line":118,"column":74},"end":{"line":118,"column":93}}]},"9":{"loc":{"start":{"line":121,"column":8},"end":{"line":123,"column":9}},"type":"if","locations":[{"start":{"line":121,"column":8},"end":{"line":123,"column":9}}]},"10":{"loc":{"start":{"line":121,"column":12},"end":{"line":121,"column":49}},"type":"binary-expr","locations":[{"start":{"line":121,"column":12},"end":{"line":121,"column":26}},{"start":{"line":121,"column":30},"end":{"line":121,"column":49}}]},"11":{"loc":{"start":{"line":122,"column":24},"end":{"line":122,"column":61}},"type":"binary-expr","locations":[{"start":{"line":122,"column":24},"end":{"line":122,"column":38}},{"start":{"line":122,"column":42},"end":{"line":122,"column":61}}]},"12":{"loc":{"start":{"line":129,"column":8},"end":{"line":134,"column":9}},"type":"if","locations":[{"start":{"line":129,"column":8},"end":{"line":134,"column":9}}]},"13":{"loc":{"start":{"line":167,"column":8},"end":{"line":175,"column":9}},"type":"if","locations":[{"start":{"line":167,"column":8},"end":{"line":175,"column":9}},{"start":{"line":170,"column":15},"end":{"line":175,"column":9}}]},"14":{"loc":{"start":{"line":167,"column":12},"end":{"line":167,"column":44}},"type":"cond-expr","locations":[{"start":{"line":167,"column":22},"end":{"line":167,"column":24}},{"start":{"line":167,"column":12},"end":{"line":167,"column":44}}]},"15":{"loc":{"start":{"line":167,"column":12},"end":{"line":167,"column":24}},"type":"binary-expr","locations":[{"start":{"line":167,"column":12},"end":{"line":167,"column":24}},{"start":{"line":167,"column":12},"end":{"line":167,"column":24}}]},"16":{"loc":{"start":{"line":170,"column":15},"end":{"line":175,"column":9}},"type":"if","locations":[{"start":{"line":170,"column":15},"end":{"line":175,"column":9}}]},"17":{"loc":{"start":{"line":170,"column":19},"end":{"line":170,"column":40}},"type":"cond-expr","locations":[{"start":{"line":170,"column":29},"end":{"line":170,"column":31}},{"start":{"line":170,"column":19},"end":{"line":170,"column":40}}]},"18":{"loc":{"start":{"line":170,"column":19},"end":{"line":170,"column":31}},"type":"binary-expr","locations":[{"start":{"line":170,"column":19},"end":{"line":170,"column":31}},{"start":{"line":170,"column":19},"end":{"line":170,"column":31}}]},"19":{"loc":{"start":{"line":171,"column":12},"end":{"line":174,"column":13}},"type":"if","locations":[{"start":{"line":171,"column":12},"end":{"line":174,"column":13}}]},"20":{"loc":{"start":{"line":178,"column":8},"end":{"line":181,"column":9}},"type":"if","locations":[{"start":{"line":178,"column":8},"end":{"line":181,"column":9}}]},"21":{"loc":{"start":{"line":178,"column":12},"end":{"line":178,"column":43}},"type":"cond-expr","locations":[{"start":{"line":178,"column":27},"end":{"line":178,"column":29}},{"start":{"line":178,"column":12},"end":{"line":178,"column":43}}]},"22":{"loc":{"start":{"line":178,"column":12},"end":{"line":178,"column":29}},"type":"binary-expr","locations":[{"start":{"line":178,"column":12},"end":{"line":178,"column":29}},{"start":{"line":178,"column":12},"end":{"line":178,"column":29}}]},"23":{"loc":{"start":{"line":183,"column":8},"end":{"line":186,"column":9}},"type":"if","locations":[{"start":{"line":183,"column":8},"end":{"line":186,"column":9}}]},"24":{"loc":{"start":{"line":183,"column":12},"end":{"line":183,"column":41}},"type":"cond-expr","locations":[{"start":{"line":183,"column":27},"end":{"line":183,"column":29}},{"start":{"line":183,"column":12},"end":{"line":183,"column":41}}]},"25":{"loc":{"start":{"line":183,"column":12},"end":{"line":183,"column":29}},"type":"binary-expr","locations":[{"start":{"line":183,"column":12},"end":{"line":183,"column":29}},{"start":{"line":183,"column":12},"end":{"line":183,"column":29}}]},"26":{"loc":{"start":{"line":188,"column":8},"end":{"line":191,"column":9}},"type":"if","locations":[{"start":{"line":188,"column":8},"end":{"line":191,"column":9}}]},"27":{"loc":{"start":{"line":188,"column":12},"end":{"line":188,"column":97}},"type":"binary-expr","locations":[{"start":{"line":188,"column":12},"end":{"line":188,"column":58}},{"start":{"line":188,"column":62},"end":{"line":188,"column":97}}]},"28":{"loc":{"start":{"line":188,"column":12},"end":{"line":188,"column":44}},"type":"cond-expr","locations":[{"start":{"line":188,"column":27},"end":{"line":188,"column":29}},{"start":{"line":188,"column":12},"end":{"line":188,"column":44}}]},"29":{"loc":{"start":{"line":188,"column":12},"end":{"line":188,"column":29}},"type":"binary-expr","locations":[{"start":{"line":188,"column":12},"end":{"line":188,"column":29}},{"start":{"line":188,"column":12},"end":{"line":188,"column":29}}]}},"s":{"0":2,"1":12,"2":12,"3":11,"4":0,"5":2,"6":2,"7":2,"8":0,"9":12,"10":0,"11":12,"12":12,"13":16,"14":16,"15":16,"16":16,"17":14,"18":14,"19":14,"20":14,"21":15,"22":15,"23":15,"24":1,"25":15,"26":11,"27":11,"28":8,"29":8,"30":6,"31":3,"32":3,"33":8,"34":0,"35":8,"36":0,"37":8,"38":4,"39":8,"40":8,"41":0,"42":0,"43":0,"44":0,"45":8,"46":2,"47":0,"48":0,"49":0,"50":0,"51":0,"52":0,"53":0,"54":0,"55":0,"56":0,"57":0,"58":0,"59":0,"60":0,"61":0,"62":0,"63":0,"64":0,"65":0,"66":2,"67":2,"68":2,"69":2},"f":{"0":12,"1":2,"2":12,"3":14,"4":1,"5":3,"6":8,"7":2,"8":0},"b":{"0":[0],"1":[14],"2":[8],"3":[0],"4":[8,8,8],"5":[0,0,0],"6":[0],"7":[8,8,8],"8":[0,0,0],"9":[4],"10":[8,4],"11":[4,0],"12":[0],"13":[0,0],"14":[0,0],"15":[0,0],"16":[0],"17":[0,0],"18":[0,0],"19":[0],"20":[0],"21":[0,0],"22":[0,0],"23":[0],"24":[0,0],"25":[0,0],"26":[0],"27":[0,0],"28":[0,0],"29":[0,0]}}
,"/home/poweruser/projects/Phish-Guard/src/services/homographDetector.ts": {"path":"/home/poweruser/projects/Phish-Guard/src/services/homographDetector.ts","statementMap":{"0":{"start":{"line":101,"column":4},"end":{"line":103,"column":5}},"1":{"start":{"line":102,"column":6},"end":{"line":102,"column":49}},"2":{"start":{"line":106,"column":28},"end":{"line":109,"column":38}},"3":{"start":{"line":111,"column":24},"end":{"line":111,"column":60}},"4":{"start":{"line":112,"column":41},"end":{"line":112,"column":43}},"5":{"start":{"line":113,"column":20},"end":{"line":113,"column":21}},"6":{"start":{"line":116,"column":24},"end":{"line":116,"column":52}},"7":{"start":{"line":117,"column":4},"end":{"line":120,"column":5}},"8":{"start":{"line":118,"column":6},"end":{"line":118,"column":51}},"9":{"start":{"line":119,"column":6},"end":{"line":119,"column":22}},"10":{"start":{"line":123,"column":28},"end":{"line":123,"column":64}},"11":{"start":{"line":124,"column":4},"end":{"line":127,"column":5}},"12":{"start":{"line":125,"column":6},"end":{"line":125,"column":47}},"13":{"start":{"line":126,"column":6},"end":{"line":126,"column":22}},"14":{"start":{"line":130,"column":30},"end":{"line":130,"column":68}},"15":{"start":{"line":131,"column":4},"end":{"line":134,"column":5}},"16":{"start":{"line":132,"column":6},"end":{"line":132,"column":54}},"17":{"start":{"line":133,"column":6},"end":{"line":133,"column":22}},"18":{"start":{"line":137,"column":31},"end":{"line":137,"column":70}},"19":{"start":{"line":138,"column":4},"end":{"line":141,"column":5}},"20":{"start":{"line":139,"column":6},"end":{"line":139,"column":60}},"21":{"start":{"line":140,"column":6},"end":{"line":140,"column":22}},"22":{"start":{"line":144,"column":35},"end":{"line":144,"column":78}},"23":{"start":{"line":145,"column":4},"end":{"line":148,"column":5}},"24":{"start":{"line":146,"column":6},"end":{"line":146,"column":54}},"25":{"start":{"line":147,"column":6},"end":{"line":147,"column":22}},"26":{"start":{"line":151,"column":31},"end":{"line":151,"column":70}},"27":{"start":{"line":152,"column":4},"end":{"line":155,"column":5}},"28":{"start":{"line":153,"column":6},"end":{"line":153,"column":55}},"29":{"start":{"line":154,"column":6},"end":{"line":154,"column":22}},"30":{"start":{"line":158,"column":32},"end":{"line":158,"column":69}},"31":{"start":{"line":159,"column":4},"end":{"line":162,"column":5}},"32":{"start":{"line":160,"column":6},"end":{"line":160,"column":95}},"33":{"start":{"line":161,"column":6},"end":{"line":161,"column":22}},"34":{"start":{"line":166,"column":4},"end":{"line":172,"column":5}},"35":{"start":{"line":167,"column":6},"end":{"line":167,"column":35}},"36":{"start":{"line":168,"column":11},"end":{"line":172,"column":5}},"37":{"start":{"line":169,"column":6},"end":{"line":169,"column":33}},"38":{"start":{"line":171,"column":6},"end":{"line":171,"column":30}},"39":{"start":{"line":174,"column":4},"end":{"line":184,"column":6}},"40":{"start":{"line":188,"column":21},"end":{"line":188,"column":44}},"41":{"start":{"line":189,"column":24},"end":{"line":189,"column":54}},"42":{"start":{"line":190,"column":21},"end":{"line":190,"column":51}},"43":{"start":{"line":191,"column":22},"end":{"line":191,"column":52}},"44":{"start":{"line":192,"column":22},"end":{"line":192,"column":52}},"45":{"start":{"line":194,"column":24},"end":{"line":195,"column":29}},"46":{"start":{"line":197,"column":4},"end":{"line":197,"column":27}},"47":{"start":{"line":201,"column":4},"end":{"line":205,"column":5}},"48":{"start":{"line":202,"column":6},"end":{"line":204,"column":7}},"49":{"start":{"line":203,"column":8},"end":{"line":203,"column":20}},"50":{"start":{"line":206,"column":4},"end":{"line":206,"column":17}},"51":{"start":{"line":211,"column":31},"end":{"line":216,"column":6}},"52":{"start":{"line":218,"column":4},"end":{"line":218,"column":68}},"53":{"start":{"line":218,"column":46},"end":{"line":218,"column":66}},"54":{"start":{"line":223,"column":23},"end":{"line":223,"column":95}},"55":{"start":{"line":224,"column":27},"end":{"line":224,"column":65}},"56":{"start":{"line":225,"column":4},"end":{"line":225,"column":30}},"57":{"start":{"line":230,"column":28},"end":{"line":230,"column":37}},"58":{"start":{"line":231,"column":33},"end":{"line":231,"column":37}},"59":{"start":{"line":232,"column":35},"end":{"line":232,"column":42}},"60":{"start":{"line":234,"column":4},"end":{"line":236,"column":47}},"61":{"start":{"line":240,"column":18},"end":{"line":240,"column":35}},"62":{"start":{"line":241,"column":4},"end":{"line":243,"column":5}},"63":{"start":{"line":242,"column":6},"end":{"line":242,"column":40}},"64":{"start":{"line":244,"column":29},"end":{"line":244,"column":37}},"65":{"start":{"line":246,"column":4},"end":{"line":285,"column":5}},"66":{"start":{"line":247,"column":27},"end":{"line":247,"column":51}},"67":{"start":{"line":248,"column":6},"end":{"line":250,"column":7}},"68":{"start":{"line":249,"column":8},"end":{"line":249,"column":17}},"69":{"start":{"line":251,"column":32},"end":{"line":251,"column":47}},"70":{"start":{"line":254,"column":6},"end":{"line":256,"column":7}},"71":{"start":{"line":255,"column":8},"end":{"line":255,"column":17}},"72":{"start":{"line":259,"column":23},"end":{"line":259,"column":84}},"73":{"start":{"line":260,"column":25},"end":{"line":260,"column":101}},"74":{"start":{"line":265,"column":28},"end":{"line":265,"column":57}},"75":{"start":{"line":266,"column":24},"end":{"line":266,"column":51}},"76":{"start":{"line":268,"column":6},"end":{"line":270,"column":7}},"77":{"start":{"line":269,"column":8},"end":{"line":269,"column":70}},"78":{"start":{"line":273,"column":30},"end":{"line":273,"column":72}},"79":{"start":{"line":274,"column":6},"end":{"line":276,"column":7}},"80":{"start":{"line":275,"column":8},"end":{"line":275,"column":70}},"81":{"start":{"line":279,"column":29},"end":{"line":279,"column":74}},"82":{"start":{"line":280,"column":6},"end":{"line":284,"column":7}},"83":{"start":{"line":281,"column":8},"end":{"line":283,"column":9}},"84":{"start":{"line":282,"column":10},"end":{"line":282,"column":72}},"85":{"start":{"line":287,"column":4},"end":{"line":287,"column":38}},"86":{"start":{"line":291,"column":19},"end":{"line":291,"column":97}},"87":{"start":{"line":291,"column":63},"end":{"line":291,"column":96}},"88":{"start":{"line":293,"column":4},"end":{"line":295,"column":5}},"89":{"start":{"line":293,"column":17},"end":{"line":293,"column":18}},"90":{"start":{"line":294,"column":6},"end":{"line":294,"column":23}},"91":{"start":{"line":297,"column":4},"end":{"line":299,"column":5}},"92":{"start":{"line":297,"column":17},"end":{"line":297,"column":18}},"93":{"start":{"line":298,"column":6},"end":{"line":298,"column":23}},"94":{"start":{"line":301,"column":4},"end":{"line":310,"column":5}},"95":{"start":{"line":301,"column":17},"end":{"line":301,"column":18}},"96":{"start":{"line":302,"column":6},"end":{"line":309,"column":7}},"97":{"start":{"line":302,"column":19},"end":{"line":302,"column":20}},"98":{"start":{"line":303,"column":26},"end":{"line":303,"column":61}},"99":{"start":{"line":304,"column":8},"end":{"line":308,"column":10}},"100":{"start":{"line":312,"column":4},"end":{"line":312,"column":44}},"101":{"start":{"line":316,"column":21},"end":{"line":316,"column":27}},"102":{"start":{"line":317,"column":4},"end":{"line":319,"column":5}},"103":{"start":{"line":318,"column":6},"end":{"line":318,"column":74}},"104":{"start":{"line":320,"column":4},"end":{"line":320,"column":22}},"105":{"start":{"line":328,"column":21},"end":{"line":328,"column":46}},"106":{"start":{"line":331,"column":4},"end":{"line":342,"column":5}},"107":{"start":{"line":332,"column":20},"end":{"line":332,"column":44}},"108":{"start":{"line":335,"column":6},"end":{"line":341,"column":7}},"109":{"start":{"line":337,"column":8},"end":{"line":340,"column":9}},"110":{"start":{"line":338,"column":26},"end":{"line":338,"column":79}},"111":{"start":{"line":339,"column":10},"end":{"line":339,"column":32}},"112":{"start":{"line":344,"column":4},"end":{"line":344,"column":32}},"113":{"start":{"line":348,"column":4},"end":{"line":350,"column":5}},"114":{"start":{"line":349,"column":6},"end":{"line":349,"column":73}},"115":{"start":{"line":352,"column":19},"end":{"line":352,"column":57}},"116":{"start":{"line":353,"column":22},"end":{"line":353,"column":59}},"117":{"start":{"line":355,"column":4},"end":{"line":355,"column":105}},"118":{"start":{"line":13,"column":0},"end":{"line":13,"column":13}},"119":{"start":{"line":15,"column":26},"end":{"line":46,"column":5}},"120":{"start":{"line":49,"column":26},"end":{"line":60,"column":4}},"121":{"start":{"line":63,"column":26},"end":{"line":98,"column":4}}},"fnMap":{"0":{"name":"(anonymous_0)","decl":{"start":{"line":100,"column":9},"end":{"line":100,"column":15}},"loc":{"start":{"line":100,"column":53},"end":{"line":185,"column":3}}},"1":{"name":"(anonymous_1)","decl":{"start":{"line":187,"column":10},"end":{"line":187,"column":16}},"loc":{"start":{"line":187,"column":50},"end":{"line":198,"column":3}}},"2":{"name":"(anonymous_2)","decl":{"start":{"line":200,"column":10},"end":{"line":200,"column":16}},"loc":{"start":{"line":200,"column":52},"end":{"line":207,"column":3}}},"3":{"name":"(anonymous_3)","decl":{"start":{"line":209,"column":10},"end":{"line":209,"column":16}},"loc":{"start":{"line":209,"column":53},"end":{"line":219,"column":3}}},"4":{"name":"(anonymous_4)","decl":{"start":{"line":218,"column":35},"end":{"line":218,"column":42}},"loc":{"start":{"line":218,"column":46},"end":{"line":218,"column":66}}},"5":{"name":"(anonymous_5)","decl":{"start":{"line":221,"column":10},"end":{"line":221,"column":16}},"loc":{"start":{"line":221,"column":57},"end":{"line":226,"column":3}}},"6":{"name":"(anonymous_6)","decl":{"start":{"line":228,"column":10},"end":{"line":228,"column":16}},"loc":{"start":{"line":228,"column":53},"end":{"line":237,"column":3}}},"7":{"name":"(anonymous_7)","decl":{"start":{"line":239,"column":10},"end":{"line":239,"column":16}},"loc":{"start":{"line":239,"column":51},"end":{"line":288,"column":3}}},"8":{"name":"(anonymous_8)","decl":{"start":{"line":290,"column":10},"end":{"line":290,"column":16}},"loc":{"start":{"line":290,"column":63},"end":{"line":313,"column":3}}},"9":{"name":"(anonymous_9)","decl":{"start":{"line":291,"column":57},"end":{"line":291,"column":60}},"loc":{"start":{"line":291,"column":63},"end":{"line":291,"column":96}}},"10":{"name":"(anonymous_10)","decl":{"start":{"line":315,"column":10},"end":{"line":315,"column":16}},"loc":{"start":{"line":315,"column":51},"end":{"line":321,"column":3}}},"11":{"name":"(anonymous_11)","decl":{"start":{"line":327,"column":10},"end":{"line":327,"column":16}},"loc":{"start":{"line":327,"column":54},"end":{"line":345,"column":3}}},"12":{"name":"(anonymous_12)","decl":{"start":{"line":347,"column":9},"end":{"line":347,"column":15}},"loc":{"start":{"line":347,"column":70},"end":{"line":356,"column":3}}}},"branchMap":{"0":{"loc":{"start":{"line":101,"column":4},"end":{"line":103,"column":5}},"type":"if","locations":[{"start":{"line":101,"column":4},"end":{"line":103,"column":5}}]},"1":{"loc":{"start":{"line":101,"column":8},"end":{"line":101,"column":45}},"type":"binary-expr","locations":[{"start":{"line":101,"column":8},"end":{"line":101,"column":15}},{"start":{"line":101,"column":19},"end":{"line":101,"column":45}}]},"2":{"loc":{"start":{"line":117,"column":4},"end":{"line":120,"column":5}},"type":"if","locations":[{"start":{"line":117,"column":4},"end":{"line":120,"column":5}}]},"3":{"loc":{"start":{"line":124,"column":4},"end":{"line":127,"column":5}},"type":"if","locations":[{"start":{"line":124,"column":4},"end":{"line":127,"column":5}}]},"4":{"loc":{"start":{"line":131,"column":4},"end":{"line":134,"column":5}},"type":"if","locations":[{"start":{"line":131,"column":4},"end":{"line":134,"column":5}}]},"5":{"loc":{"start":{"line":138,"column":4},"end":{"line":141,"column":5}},"type":"if","locations":[{"start":{"line":138,"column":4},"end":{"line":141,"column":5}}]},"6":{"loc":{"start":{"line":145,"column":4},"end":{"line":148,"column":5}},"type":"if","locations":[{"start":{"line":145,"column":4},"end":{"line":148,"column":5}}]},"7":{"loc":{"start":{"line":152,"column":4},"end":{"line":155,"column":5}},"type":"if","locations":[{"start":{"line":152,"column":4},"end":{"line":155,"column":5}}]},"8":{"loc":{"start":{"line":159,"column":4},"end":{"line":162,"column":5}},"type":"if","locations":[{"start":{"line":159,"column":4},"end":{"line":162,"column":5}}]},"9":{"loc":{"start":{"line":166,"column":4},"end":{"line":172,"column":5}},"type":"if","locations":[{"start":{"line":166,"column":4},"end":{"line":172,"column":5}},{"start":{"line":168,"column":11},"end":{"line":172,"column":5}}]},"10":{"loc":{"start":{"line":168,"column":11},"end":{"line":172,"column":5}},"type":"if","locations":[{"start":{"line":168,"column":11},"end":{"line":172,"column":5}},{"start":{"line":170,"column":11},"end":{"line":172,"column":5}}]},"11":{"loc":{"start":{"line":202,"column":6},"end":{"line":204,"column":7}},"type":"if","locations":[{"start":{"line":202,"column":6},"end":{"line":204,"column":7}}]},"12":{"loc":{"start":{"line":224,"column":28},"end":{"line":224,"column":57}},"type":"binary-expr","locations":[{"start":{"line":224,"column":28},"end":{"line":224,"column":51}},{"start":{"line":224,"column":55},"end":{"line":224,"column":57}}]},"13":{"loc":{"start":{"line":234,"column":11},"end":{"line":236,"column":46}},"type":"binary-expr","locations":[{"start":{"line":234,"column":11},"end":{"line":234,"column":39}},{"start":{"line":235,"column":11},"end":{"line":235,"column":44}},{"start":{"line":236,"column":11},"end":{"line":236,"column":46}}]},"14":{"loc":{"start":{"line":241,"column":4},"end":{"line":243,"column":5}},"type":"if","locations":[{"start":{"line":241,"column":4},"end":{"line":243,"column":5}}]},"15":{"loc":{"start":{"line":241,"column":8},"end":{"line":241,"column":39}},"type":"binary-expr","locations":[{"start":{"line":241,"column":8},"end":{"line":241,"column":26}},{"start":{"line":241,"column":30},"end":{"line":241,"column":39}}]},"16":{"loc":{"start":{"line":248,"column":6},"end":{"line":250,"column":7}},"type":"if","locations":[{"start":{"line":248,"column":6},"end":{"line":250,"column":7}}]},"17":{"loc":{"start":{"line":248,"column":10},"end":{"line":248,"column":55}},"type":"binary-expr","locations":[{"start":{"line":248,"column":10},"end":{"line":248,"column":35}},{"start":{"line":248,"column":39},"end":{"line":248,"column":55}}]},"18":{"loc":{"start":{"line":254,"column":6},"end":{"line":256,"column":7}},"type":"if","locations":[{"start":{"line":254,"column":6},"end":{"line":256,"column":7}}]},"19":{"loc":{"start":{"line":266,"column":24},"end":{"line":266,"column":51}},"type":"cond-expr","locations":[{"start":{"line":266,"column":40},"end":{"line":266,"column":44}},{"start":{"line":266,"column":47},"end":{"line":266,"column":51}}]},"20":{"loc":{"start":{"line":268,"column":6},"end":{"line":270,"column":7}},"type":"if","locations":[{"start":{"line":268,"column":6},"end":{"line":270,"column":7}}]},"21":{"loc":{"start":{"line":268,"column":10},"end":{"line":268,"column":66}},"type":"binary-expr","locations":[{"start":{"line":268,"column":10},"end":{"line":268,"column":33}},{"start":{"line":268,"column":37},"end":{"line":268,"column":66}}]},"22":{"loc":{"start":{"line":274,"column":6},"end":{"line":276,"column":7}},"type":"if","locations":[{"start":{"line":274,"column":6},"end":{"line":276,"column":7}}]},"23":{"loc":{"start":{"line":281,"column":8},"end":{"line":283,"column":9}},"type":"if","locations":[{"start":{"line":281,"column":8},"end":{"line":283,"column":9}}]},"24":{"loc":{"start":{"line":303,"column":26},"end":{"line":303,"column":61}},"type":"cond-expr","locations":[{"start":{"line":303,"column":56},"end":{"line":303,"column":57}},{"start":{"line":303,"column":60},"end":{"line":303,"column":61}}]},"25":{"loc":{"start":{"line":335,"column":6},"end":{"line":341,"column":7}},"type":"if","locations":[{"start":{"line":335,"column":6},"end":{"line":341,"column":7}}]},"26":{"loc":{"start":{"line":348,"column":4},"end":{"line":350,"column":5}},"type":"if","locations":[{"start":{"line":348,"column":4},"end":{"line":350,"column":5}}]}},"s":{"0":135,"1":8,"2":127,"3":127,"4":127,"5":127,"6":127,"7":127,"8":2,"9":2,"10":127,"11":127,"12":3,"13":3,"14":127,"15":127,"16":106,"17":106,"18":127,"19":127,"20":105,"21":105,"22":127,"23":127,"24":2,"25":2,"26":127,"27":127,"28":9,"29":9,"30":127,"31":127,"32":6,"33":6,"34":127,"35":105,"36":22,"37":3,"38":19,"39":127,"40":127,"41":127,"42":127,"43":127,"44":127,"45":127,"46":127,"47":127,"48":2217,"49":106,"50":21,"51":127,"52":127,"53":293,"54":127,"55":127,"56":127,"57":127,"58":127,"59":127,"60":127,"61":129,"62":129,"63":2,"64":127,"65":127,"66":12003,"67":12003,"68":0,"69":12003,"70":12003,"71":1,"72":12002,"73":12002,"74":12002,"75":12002,"76":12002,"77":1,"78":12001,"79":12001,"80":5,"81":11996,"82":11996,"83":12292,"84":0,"85":121,"86":12002,"87":95290,"88":12002,"89":12002,"90":226376,"91":12002,"92":12002,"93":95290,"94":12002,"95":12002,"96":83288,"97":83288,"98":1487634,"99":1487634,"100":12002,"101":12001,"102":12001,"103":1524127,"104":12001,"105":11996,"106":11996,"107":119960,"108":119960,"109":296,"110":296,"111":296,"112":11996,"113":1,"114":0,"115":1,"116":1,"117":1,"118":2,"119":2,"120":2,"121":2},"f":{"0":135,"1":127,"2":127,"3":127,"4":293,"5":127,"6":127,"7":129,"8":12002,"9":95290,"10":12001,"11":11996,"12":1},"b":{"0":[8],"1":[135,130],"2":[2],"3":[3],"4":[106],"5":[105],"6":[2],"7":[9],"8":[6],"9":[105,22],"10":[3,19],"11":[106],"12":[127,122],"13":[127,120,118],"14":[2],"15":[129,129],"16":[0],"17":[12003,12003],"18":[1],"19":[5819,6183],"20":[1],"21":[12002,1],"22":[5],"23":[0],"24":[114426,1373208],"25":[296],"26":[0]}}
,"/home/poweruser/projects/Phish-Guard/src/services/realtimeApiService.ts": {"path":"/home/poweruser/projects/Phish-Guard/src/services/realtimeApiService.ts","statementMap":{"0":{"start":{"line":7,"column":0},"end":{"line":7,"column":37}},"1":{"start":{"line":40,"column":22},"end":{"line":40,"column":32}},"2":{"start":{"line":43,"column":21},"end":{"line":48,"column":6}},"3":{"start":{"line":44,"column":12},"end":{"line":44,"column":48}},"4":{"start":{"line":45,"column":12},"end":{"line":45,"column":56}},"5":{"start":{"line":46,"column":12},"end":{"line":46,"column":47}},"6":{"start":{"line":51,"column":24},"end":{"line":62,"column":6}},"7":{"start":{"line":51,"column":62},"end":{"line":62,"column":6}},"8":{"start":{"line":52,"column":6},"end":{"line":61,"column":7}},"9":{"start":{"line":53,"column":23},"end":{"line":56,"column":10}},"10":{"start":{"line":57,"column":8},"end":{"line":57,"column":22}},"11":{"start":{"line":59,"column":8},"end":{"line":59,"column":51}},"12":{"start":{"line":60,"column":8},"end":{"line":60,"column":112}},"13":{"start":{"line":65,"column":20},"end":{"line":65,"column":57}},"14":{"start":{"line":66,"column":48},"end":{"line":66,"column":50}},"15":{"start":{"line":69,"column":4},"end":{"line":76,"column":7}},"16":{"start":{"line":70,"column":6},"end":{"line":75,"column":7}},"17":{"start":{"line":71,"column":8},"end":{"line":71,"column":40}},"18":{"start":{"line":73,"column":8},"end":{"line":73,"column":104}},"19":{"start":{"line":74,"column":8},"end":{"line":74,"column":97}},"20":{"start":{"line":78,"column":23},"end":{"line":78,"column":58}},"21":{"start":{"line":80,"column":4},"end":{"line":80,"column":22}},"22":{"start":{"line":88,"column":22},"end":{"line":88,"column":32}},"23":{"start":{"line":90,"column":4},"end":{"line":127,"column":5}},"24":{"start":{"line":95,"column":27},"end":{"line":95,"column":49}},"25":{"start":{"line":98,"column":22},"end":{"line":98,"column":23}},"26":{"start":{"line":99,"column":68},"end":{"line":99,"column":77}},"27":{"start":{"line":100,"column":35},"end":{"line":100,"column":37}},"28":{"start":{"line":103,"column":6},"end":{"line":114,"column":7}},"29":{"start":{"line":104,"column":8},"end":{"line":104,"column":23}},"30":{"start":{"line":105,"column":8},"end":{"line":105,"column":29}},"31":{"start":{"line":106,"column":8},"end":{"line":106,"column":47}},"32":{"start":{"line":107,"column":13},"end":{"line":114,"column":7}},"33":{"start":{"line":108,"column":8},"end":{"line":108,"column":23}},"34":{"start":{"line":109,"column":8},"end":{"line":109,"column":30}},"35":{"start":{"line":110,"column":8},"end":{"line":110,"column":38}},"36":{"start":{"line":112,"column":8},"end":{"line":112,"column":23}},"37":{"start":{"line":113,"column":8},"end":{"line":113,"column":24}},"38":{"start":{"line":116,"column":6},"end":{"line":124,"column":8}},"39":{"start":{"line":126,"column":6},"end":{"line":126,"column":110}},"40":{"start":{"line":134,"column":22},"end":{"line":134,"column":32}},"41":{"start":{"line":136,"column":4},"end":{"line":172,"column":5}},"42":{"start":{"line":138,"column":27},"end":{"line":138,"column":49}},"43":{"start":{"line":140,"column":22},"end":{"line":140,"column":23}},"44":{"start":{"line":141,"column":68},"end":{"line":141,"column":77}},"45":{"start":{"line":142,"column":35},"end":{"line":142,"column":37}},"46":{"start":{"line":145,"column":6},"end":{"line":159,"column":7}},"47":{"start":{"line":146,"column":8},"end":{"line":146,"column":22}},"48":{"start":{"line":147,"column":8},"end":{"line":147,"column":24}},"49":{"start":{"line":148,"column":13},"end":{"line":159,"column":7}},"50":{"start":{"line":149,"column":8},"end":{"line":149,"column":23}},"51":{"start":{"line":150,"column":8},"end":{"line":150,"column":30}},"52":{"start":{"line":151,"column":8},"end":{"line":151,"column":45}},"53":{"start":{"line":152,"column":13},"end":{"line":159,"column":7}},"54":{"start":{"line":153,"column":8},"end":{"line":153,"column":23}},"55":{"start":{"line":154,"column":8},"end":{"line":154,"column":29}},"56":{"start":{"line":155,"column":8},"end":{"line":155,"column":50}},"57":{"start":{"line":157,"column":8},"end":{"line":157,"column":23}},"58":{"start":{"line":158,"column":8},"end":{"line":158,"column":24}},"59":{"start":{"line":161,"column":6},"end":{"line":169,"column":8}},"60":{"start":{"line":171,"column":6},"end":{"line":171,"column":120}},"61":{"start":{"line":179,"column":22},"end":{"line":179,"column":32}},"62":{"start":{"line":181,"column":4},"end":{"line":218,"column":5}},"63":{"start":{"line":183,"column":27},"end":{"line":183,"column":49}},"64":{"start":{"line":185,"column":22},"end":{"line":185,"column":23}},"65":{"start":{"line":186,"column":68},"end":{"line":186,"column":77}},"66":{"start":{"line":187,"column":35},"end":{"line":187,"column":37}},"67":{"start":{"line":190,"column":31},"end":{"line":190,"column":93}},"68":{"start":{"line":191,"column":34},"end":{"line":191,"column":103}},"69":{"start":{"line":191,"column":67},"end":{"line":191,"column":102}},"70":{"start":{"line":193,"column":6},"end":{"line":204,"column":7}},"71":{"start":{"line":194,"column":8},"end":{"line":194,"column":23}},"72":{"start":{"line":195,"column":8},"end":{"line":195,"column":29}},"73":{"start":{"line":196,"column":8},"end":{"line":196,"column":56}},"74":{"start":{"line":197,"column":13},"end":{"line":204,"column":7}},"75":{"start":{"line":198,"column":8},"end":{"line":198,"column":23}},"76":{"start":{"line":199,"column":8},"end":{"line":199,"column":30}},"77":{"start":{"line":200,"column":8},"end":{"line":200,"column":47}},"78":{"start":{"line":202,"column":8},"end":{"line":202,"column":22}},"79":{"start":{"line":203,"column":8},"end":{"line":203,"column":24}},"80":{"start":{"line":206,"column":6},"end":{"line":215,"column":8}},"81":{"start":{"line":217,"column":6},"end":{"line":217,"column":109}},"82":{"start":{"line":225,"column":4},"end":{"line":229,"column":7}},"83":{"start":{"line":226,"column":6},"end":{"line":228,"column":26}},"84":{"start":{"line":227,"column":8},"end":{"line":227,"column":82}},"85":{"start":{"line":236,"column":4},"end":{"line":243,"column":6}},"86":{"start":{"line":250,"column":25},"end":{"line":250,"column":76}},"87":{"start":{"line":250,"column":50},"end":{"line":250,"column":75}},"88":{"start":{"line":251,"column":25},"end":{"line":251,"column":39}},"89":{"start":{"line":252,"column":26},"end":{"line":252,"column":45}},"90":{"start":{"line":254,"column":4},"end":{"line":266,"column":5}},"91":{"start":{"line":255,"column":6},"end":{"line":265,"column":8}},"92":{"start":{"line":269,"column":27},"end":{"line":269,"column":84}},"93":{"start":{"line":269,"column":52},"end":{"line":269,"column":76}},"94":{"start":{"line":270,"column":28},"end":{"line":270,"column":86}},"95":{"start":{"line":270,"column":53},"end":{"line":270,"column":78}},"96":{"start":{"line":271,"column":22},"end":{"line":271,"column":74}},"97":{"start":{"line":271,"column":47},"end":{"line":271,"column":66}},"98":{"start":{"line":274,"column":23},"end":{"line":274,"column":57}},"99":{"start":{"line":274,"column":45},"end":{"line":274,"column":56}},"100":{"start":{"line":275,"column":29},"end":{"line":277,"column":9}},"101":{"start":{"line":276,"column":42},"end":{"line":276,"column":53}},"102":{"start":{"line":278,"column":29},"end":{"line":278,"column":80}},"103":{"start":{"line":283,"column":4},"end":{"line":291,"column":5}},"104":{"start":{"line":284,"column":6},"end":{"line":284,"column":30}},"105":{"start":{"line":285,"column":11},"end":{"line":291,"column":5}},"106":{"start":{"line":286,"column":6},"end":{"line":286,"column":31}},"107":{"start":{"line":287,"column":11},"end":{"line":291,"column":5}},"108":{"start":{"line":288,"column":6},"end":{"line":288,"column":25}},"109":{"start":{"line":290,"column":6},"end":{"line":290,"column":28}},"110":{"start":{"line":294,"column":4},"end":{"line":298,"column":5}},"111":{"start":{"line":295,"column":6},"end":{"line":295,"column":30}},"112":{"start":{"line":296,"column":11},"end":{"line":298,"column":5}},"113":{"start":{"line":297,"column":6},"end":{"line":297,"column":31}},"114":{"start":{"line":300,"column":4},"end":{"line":310,"column":6}},"115":{"start":{"line":317,"column":4},"end":{"line":319,"column":5}},"116":{"start":{"line":318,"column":6},"end":{"line":318,"column":53}},"117":{"start":{"line":321,"column":88},"end":{"line":321,"column":97}},"118":{"start":{"line":323,"column":4},"end":{"line":331,"column":5}},"119":{"start":{"line":324,"column":6},"end":{"line":324,"column":92}},"120":{"start":{"line":325,"column":11},"end":{"line":331,"column":5}},"121":{"start":{"line":326,"column":6},"end":{"line":326,"column":97}},"122":{"start":{"line":327,"column":11},"end":{"line":331,"column":5}},"123":{"start":{"line":328,"column":6},"end":{"line":328,"column":83}},"124":{"start":{"line":330,"column":6},"end":{"line":330,"column":96}},"125":{"start":{"line":338,"column":4},"end":{"line":351,"column":7}},"126":{"start":{"line":339,"column":25},"end":{"line":345,"column":22}},"127":{"start":{"line":347,"column":27},"end":{"line":347,"column":83}},"128":{"start":{"line":348,"column":25},"end":{"line":348,"column":97}},"129":{"start":{"line":350,"column":6},"end":{"line":350,"column":92}},"130":{"start":{"line":362,"column":4},"end":{"line":368,"column":5}},"131":{"start":{"line":363,"column":6},"end":{"line":367,"column":8}},"132":{"start":{"line":370,"column":75},"end":{"line":370,"column":84}},"133":{"start":{"line":372,"column":4},"end":{"line":400,"column":5}},"134":{"start":{"line":374,"column":8},"end":{"line":378,"column":10}},"135":{"start":{"line":381,"column":8},"end":{"line":385,"column":10}},"136":{"start":{"line":388,"column":8},"end":{"line":392,"column":10}},"137":{"start":{"line":395,"column":8},"end":{"line":399,"column":10}},"138":{"start":{"line":32,"column":0},"end":{"line":32,"column":13}},"139":{"start":{"line":33,"column":26},"end":{"line":33,"column":44}},"140":{"start":{"line":34,"column":26},"end":{"line":34,"column":50}}},"fnMap":{"0":{"name":"(anonymous_8)","decl":{"start":{"line":39,"column":9},"end":{"line":39,"column":15}},"loc":{"start":{"line":39,"column":67},"end":{"line":81,"column":null}}},"1":{"name":"(anonymous_10)","decl":{"start":{"line":44,"column":6},"end":{"line":44,"column":9}},"loc":{"start":{"line":44,"column":12},"end":{"line":44,"column":48}}},"2":{"name":"(anonymous_11)","decl":{"start":{"line":45,"column":6},"end":{"line":45,"column":9}},"loc":{"start":{"line":45,"column":12},"end":{"line":45,"column":56}}},"3":{"name":"(anonymous_12)","decl":{"start":{"line":46,"column":6},"end":{"line":46,"column":9}},"loc":{"start":{"line":46,"column":12},"end":{"line":46,"column":47}}},"4":{"name":"(anonymous_13)","decl":{"start":{"line":51,"column":37},"end":{"line":51,"column":44}},"loc":{"start":{"line":51,"column":62},"end":{"line":62,"column":6}}},"5":{"name":"(anonymous_14)","decl":{"start":{"line":51,"column":62},"end":{"line":51,"column":null}},"loc":{"start":{"line":51,"column":62},"end":{"line":62,"column":5}}},"6":{"name":"(anonymous_15)","decl":{"start":{"line":69,"column":20},"end":{"line":69,"column":21}},"loc":{"start":{"line":69,"column":38},"end":{"line":76,"column":5}}},"7":{"name":"(anonymous_16)","decl":{"start":{"line":87,"column":10},"end":{"line":87,"column":16}},"loc":{"start":{"line":87,"column":69},"end":{"line":128,"column":null}}},"8":{"name":"(anonymous_18)","decl":{"start":{"line":133,"column":10},"end":{"line":133,"column":16}},"loc":{"start":{"line":133,"column":77},"end":{"line":173,"column":null}}},"9":{"name":"(anonymous_20)","decl":{"start":{"line":178,"column":10},"end":{"line":178,"column":16}},"loc":{"start":{"line":178,"column":68},"end":{"line":219,"column":null}}},"10":{"name":"(anonymous_22)","decl":{"start":{"line":191,"column":56},"end":{"line":191,"column":63}},"loc":{"start":{"line":191,"column":67},"end":{"line":191,"column":102}}},"11":{"name":"(anonymous_23)","decl":{"start":{"line":224,"column":10},"end":{"line":224,"column":16}},"loc":{"start":{"line":224,"column":54},"end":{"line":230,"column":3}}},"12":{"name":"(anonymous_24)","decl":{"start":{"line":225,"column":23},"end":{"line":225,"column":24}},"loc":{"start":{"line":225,"column":37},"end":{"line":229,"column":5}}},"13":{"name":"(anonymous_25)","decl":{"start":{"line":226,"column":17},"end":{"line":226,"column":20}},"loc":{"start":{"line":226,"column":22},"end":{"line":228,"column":7}}},"14":{"name":"(anonymous_26)","decl":{"start":{"line":235,"column":10},"end":{"line":235,"column":16}},"loc":{"start":{"line":235,"column":64},"end":{"line":244,"column":3}}},"15":{"name":"(anonymous_27)","decl":{"start":{"line":249,"column":10},"end":{"line":249,"column":16}},"loc":{"start":{"line":249,"column":64},"end":{"line":311,"column":3}}},"16":{"name":"(anonymous_28)","decl":{"start":{"line":250,"column":40},"end":{"line":250,"column":46}},"loc":{"start":{"line":250,"column":50},"end":{"line":250,"column":75}}},"17":{"name":"(anonymous_29)","decl":{"start":{"line":269,"column":47},"end":{"line":269,"column":48}},"loc":{"start":{"line":269,"column":52},"end":{"line":269,"column":76}}},"18":{"name":"(anonymous_30)","decl":{"start":{"line":270,"column":48},"end":{"line":270,"column":49}},"loc":{"start":{"line":270,"column":53},"end":{"line":270,"column":78}}},"19":{"name":"(anonymous_31)","decl":{"start":{"line":271,"column":42},"end":{"line":271,"column":43}},"loc":{"start":{"line":271,"column":47},"end":{"line":271,"column":66}}},"20":{"name":"(anonymous_32)","decl":{"start":{"line":274,"column":40},"end":{"line":274,"column":41}},"loc":{"start":{"line":274,"column":45},"end":{"line":274,"column":56}}},"21":{"name":"(anonymous_33)","decl":{"start":{"line":276,"column":26},"end":{"line":276,"column":27}},"loc":{"start":{"line":276,"column":42},"end":{"line":276,"column":53}}},"22":{"name":"(anonymous_34)","decl":{"start":{"line":316,"column":9},"end":{"line":316,"column":15}},"loc":{"start":{"line":316,"column":60},"end":{"line":332,"column":3}}},"23":{"name":"(anonymous_35)","decl":{"start":{"line":337,"column":9},"end":{"line":337,"column":15}},"loc":{"start":{"line":337,"column":62},"end":{"line":352,"column":3}}},"24":{"name":"(anonymous_36)","decl":{"start":{"line":338,"column":33},"end":{"line":338,"column":39}},"loc":{"start":{"line":338,"column":42},"end":{"line":351,"column":5}}},"25":{"name":"(anonymous_37)","decl":{"start":{"line":357,"column":9},"end":{"line":357,"column":15}},"loc":{"start":{"line":357,"column":66},"end":{"line":401,"column":3}}}},"branchMap":{"0":{"loc":{"start":{"line":60,"column":54},"end":{"line":60,"column":110}},"type":"cond-expr","locations":[{"start":{"line":60,"column":79},"end":{"line":60,"column":92}},{"start":{"line":60,"column":95},"end":{"line":60,"column":110}}]},"1":{"loc":{"start":{"line":70,"column":6},"end":{"line":75,"column":7}},"type":"if","locations":[{"start":{"line":70,"column":6},"end":{"line":75,"column":7}},{"start":{"line":72,"column":13},"end":{"line":75,"column":7}}]},"2":{"loc":{"start":{"line":70,"column":10},"end":{"line":70,"column":55}},"type":"binary-expr","locations":[{"start":{"line":70,"column":10},"end":{"line":70,"column":39}},{"start":{"line":70,"column":43},"end":{"line":70,"column":55}}]},"3":{"loc":{"start":{"line":73,"column":46},"end":{"line":73,"column":102}},"type":"cond-expr","locations":[{"start":{"line":73,"column":77},"end":{"line":73,"column":90}},{"start":{"line":73,"column":93},"end":{"line":73,"column":102}}]},"4":{"loc":{"start":{"line":103,"column":6},"end":{"line":114,"column":7}},"type":"if","locations":[{"start":{"line":103,"column":6},"end":{"line":114,"column":7}},{"start":{"line":107,"column":13},"end":{"line":114,"column":7}}]},"5":{"loc":{"start":{"line":103,"column":10},"end":{"line":103,"column":91}},"type":"binary-expr","locations":[{"start":{"line":103,"column":10},"end":{"line":103,"column":34}},{"start":{"line":103,"column":38},"end":{"line":103,"column":64}},{"start":{"line":103,"column":68},"end":{"line":103,"column":91}}]},"6":{"loc":{"start":{"line":107,"column":13},"end":{"line":114,"column":7}},"type":"if","locations":[{"start":{"line":107,"column":13},"end":{"line":114,"column":7}},{"start":{"line":111,"column":13},"end":{"line":114,"column":7}}]},"7":{"loc":{"start":{"line":107,"column":17},"end":{"line":107,"column":101}},"type":"binary-expr","locations":[{"start":{"line":107,"column":17},"end":{"line":107,"column":46}},{"start":{"line":107,"column":50},"end":{"line":107,"column":73}},{"start":{"line":107,"column":77},"end":{"line":107,"column":101}}]},"8":{"loc":{"start":{"line":126,"column":50},"end":{"line":126,"column":108}},"type":"cond-expr","locations":[{"start":{"line":126,"column":75},"end":{"line":126,"column":88}},{"start":{"line":126,"column":91},"end":{"line":126,"column":108}}]},"9":{"loc":{"start":{"line":145,"column":6},"end":{"line":159,"column":7}},"type":"if","locations":[{"start":{"line":145,"column":6},"end":{"line":159,"column":7}},{"start":{"line":148,"column":13},"end":{"line":159,"column":7}}]},"10":{"loc":{"start":{"line":145,"column":10},"end":{"line":145,"column":95}},"type":"binary-expr","locations":[{"start":{"line":145,"column":10},"end":{"line":145,"column":35}},{"start":{"line":145,"column":39},"end":{"line":145,"column":67}},{"start":{"line":145,"column":71},"end":{"line":145,"column":95}}]},"11":{"loc":{"start":{"line":148,"column":13},"end":{"line":159,"column":7}},"type":"if","locations":[{"start":{"line":148,"column":13},"end":{"line":159,"column":7}},{"start":{"line":152,"column":13},"end":{"line":159,"column":7}}]},"12":{"loc":{"start":{"line":152,"column":13},"end":{"line":159,"column":7}},"type":"if","locations":[{"start":{"line":152,"column":13},"end":{"line":159,"column":7}},{"start":{"line":156,"column":13},"end":{"line":159,"column":7}}]},"13":{"loc":{"start":{"line":171,"column":60},"end":{"line":171,"column":118}},"type":"cond-expr","locations":[{"start":{"line":171,"column":85},"end":{"line":171,"column":98}},{"start":{"line":171,"column":101},"end":{"line":171,"column":118}}]},"14":{"loc":{"start":{"line":193,"column":6},"end":{"line":204,"column":7}},"type":"if","locations":[{"start":{"line":193,"column":6},"end":{"line":204,"column":7}},{"start":{"line":197,"column":13},"end":{"line":204,"column":7}}]},"15":{"loc":{"start":{"line":193,"column":10},"end":{"line":193,"column":92}},"type":"binary-expr","locations":[{"start":{"line":193,"column":10},"end":{"line":193,"column":29}},{"start":{"line":193,"column":33},"end":{"line":193,"column":59}},{"start":{"line":193,"column":63},"end":{"line":193,"column":92}}]},"16":{"loc":{"start":{"line":197,"column":13},"end":{"line":204,"column":7}},"type":"if","locations":[{"start":{"line":197,"column":13},"end":{"line":204,"column":7}},{"start":{"line":201,"column":13},"end":{"line":204,"column":7}}]},"17":{"loc":{"start":{"line":213,"column":18},"end":{"line":213,"column":76}},"type":"cond-expr","locations":[{"start":{"line":213,"column":40},"end":{"line":213,"column":64}},{"start":{"line":213,"column":67},"end":{"line":213,"column":76}}]},"18":{"loc":{"start":{"line":217,"column":49},"end":{"line":217,"column":107}},"type":"cond-expr","locations":[{"start":{"line":217,"column":74},"end":{"line":217,"column":87}},{"start":{"line":217,"column":90},"end":{"line":217,"column":107}}]},"19":{"loc":{"start":{"line":254,"column":4},"end":{"line":266,"column":5}},"type":"if","locations":[{"start":{"line":254,"column":4},"end":{"line":266,"column":5}}]},"20":{"loc":{"start":{"line":275,"column":29},"end":{"line":277,"column":9}},"type":"cond-expr","locations":[{"start":{"line":276,"column":8},"end":{"line":276,"column":77}},{"start":{"line":277,"column":8},"end":{"line":277,"column":9}}]},"21":{"loc":{"start":{"line":278,"column":29},"end":{"line":278,"column":80}},"type":"cond-expr","locations":[{"start":{"line":278,"column":53},"end":{"line":278,"column":76}},{"start":{"line":278,"column":79},"end":{"line":278,"column":80}}]},"22":{"loc":{"start":{"line":283,"column":4},"end":{"line":291,"column":5}},"type":"if","locations":[{"start":{"line":283,"column":4},"end":{"line":291,"column":5}},{"start":{"line":285,"column":11},"end":{"line":291,"column":5}}]},"23":{"loc":{"start":{"line":285,"column":11},"end":{"line":291,"column":5}},"type":"if","locations":[{"start":{"line":285,"column":11},"end":{"line":291,"column":5}},{"start":{"line":287,"column":11},"end":{"line":291,"column":5}}]},"24":{"loc":{"start":{"line":287,"column":11},"end":{"line":291,"column":5}},"type":"if","locations":[{"start":{"line":287,"column":11},"end":{"line":291,"column":5}},{"start":{"line":289,"column":11},"end":{"line":291,"column":5}}]},"25":{"loc":{"start":{"line":294,"column":4},"end":{"line":298,"column":5}},"type":"if","locations":[{"start":{"line":294,"column":4},"end":{"line":298,"column":5}},{"start":{"line":296,"column":11},"end":{"line":298,"column":5}}]},"26":{"loc":{"start":{"line":296,"column":11},"end":{"line":298,"column":5}},"type":"if","locations":[{"start":{"line":296,"column":11},"end":{"line":298,"column":5}}]},"27":{"loc":{"start":{"line":296,"column":15},"end":{"line":296,"column":61}},"type":"binary-expr","locations":[{"start":{"line":296,"column":15},"end":{"line":296,"column":37}},{"start":{"line":296,"column":41},"end":{"line":296,"column":61}}]},"28":{"loc":{"start":{"line":317,"column":4},"end":{"line":319,"column":5}},"type":"if","locations":[{"start":{"line":317,"column":4},"end":{"line":319,"column":5}}]},"29":{"loc":{"start":{"line":323,"column":4},"end":{"line":331,"column":5}},"type":"if","locations":[{"start":{"line":323,"column":4},"end":{"line":331,"column":5}},{"start":{"line":325,"column":11},"end":{"line":331,"column":5}}]},"30":{"loc":{"start":{"line":325,"column":11},"end":{"line":331,"column":5}},"type":"if","locations":[{"start":{"line":325,"column":11},"end":{"line":331,"column":5}},{"start":{"line":327,"column":11},"end":{"line":331,"column":5}}]},"31":{"loc":{"start":{"line":327,"column":11},"end":{"line":331,"column":5}},"type":"if","locations":[{"start":{"line":327,"column":11},"end":{"line":331,"column":5}},{"start":{"line":329,"column":11},"end":{"line":331,"column":5}}]},"32":{"loc":{"start":{"line":347,"column":27},"end":{"line":347,"column":83}},"type":"cond-expr","locations":[{"start":{"line":347,"column":49},"end":{"line":347,"column":78}},{"start":{"line":347,"column":81},"end":{"line":347,"column":83}}]},"33":{"loc":{"start":{"line":348,"column":25},"end":{"line":348,"column":97}},"type":"cond-expr","locations":[{"start":{"line":348,"column":56},"end":{"line":348,"column":92}},{"start":{"line":348,"column":95},"end":{"line":348,"column":97}}]},"34":{"loc":{"start":{"line":362,"column":4},"end":{"line":368,"column":5}},"type":"if","locations":[{"start":{"line":362,"column":4},"end":{"line":368,"column":5}}]},"35":{"loc":{"start":{"line":372,"column":4},"end":{"line":400,"column":5}},"type":"switch","locations":[{"start":{"line":373,"column":6},"end":{"line":378,"column":10}},{"start":{"line":380,"column":6},"end":{"line":385,"column":10}},{"start":{"line":387,"column":6},"end":{"line":392,"column":10}},{"start":{"line":394,"column":6},"end":{"line":399,"column":10}}]}},"s":{"0":2,"1":7,"2":7,"3":7,"4":7,"5":7,"6":7,"7":21,"8":21,"9":21,"10":21,"11":0,"12":0,"13":7,"14":7,"15":7,"16":21,"17":21,"18":0,"19":0,"20":7,"21":7,"22":9,"23":9,"24":9,"25":9,"26":9,"27":9,"28":9,"29":2,"30":2,"31":2,"32":7,"33":0,"34":0,"35":0,"36":7,"37":7,"38":9,"39":0,"40":9,"41":9,"42":9,"43":9,"44":9,"45":9,"46":9,"47":0,"48":0,"49":9,"50":1,"51":1,"52":1,"53":8,"54":0,"55":0,"56":0,"57":8,"58":8,"59":9,"60":0,"61":8,"62":8,"63":8,"64":8,"65":8,"66":8,"67":8,"68":8,"69":48,"70":8,"71":0,"72":0,"73":0,"74":8,"75":0,"76":0,"77":0,"78":8,"79":8,"80":8,"81":0,"82":22,"83":22,"84":16,"85":1,"86":12,"87":28,"88":12,"89":12,"90":12,"91":2,"92":10,"93":28,"94":10,"95":28,"96":10,"97":28,"98":10,"99":28,"100":10,"101":28,"102":10,"103":10,"104":3,"105":7,"106":0,"107":7,"108":7,"109":0,"110":10,"111":0,"112":10,"113":0,"114":10,"115":0,"116":0,"117":0,"118":0,"119":0,"120":0,"121":0,"122":0,"123":0,"124":0,"125":0,"126":0,"127":0,"128":0,"129":0,"130":0,"131":0,"132":0,"133":0,"134":0,"135":0,"136":0,"137":0,"138":2,"139":2,"140":2},"f":{"0":7,"1":7,"2":7,"3":7,"4":21,"5":21,"6":21,"7":9,"8":9,"9":8,"10":48,"11":22,"12":22,"13":16,"14":1,"15":12,"16":28,"17":28,"18":28,"19":28,"20":28,"21":28,"22":0,"23":0,"24":0,"25":0},"b":{"0":[0,0],"1":[21,0],"2":[21,21],"3":[0,0],"4":[2,7],"5":[9,7,7],"6":[0,7],"7":[7,7,7],"8":[0,0],"9":[0,9],"10":[9,9,9],"11":[1,8],"12":[0,8],"13":[0,0],"14":[0,8],"15":[8,0,0],"16":[0,8],"17":[0,8],"18":[0,0],"19":[2],"20":[10,0],"21":[10,0],"22":[3,7],"23":[0,7],"24":[7,0],"25":[0,10],"26":[0],"27":[10,3],"28":[0],"29":[0,0],"30":[0,0],"31":[0,0],"32":[0,0],"33":[0,0],"34":[0],"35":[0,0,0,0]}}
,"/home/poweruser/projects/Phish-Guard/src/services/reputationService.ts": {"path":"/home/poweruser/projects/Phish-Guard/src/services/reputationService.ts","statementMap":{"0":{"start":{"line":60,"column":4},"end":{"line":278,"column":null}},"1":{"start":{"line":68,"column":40},"end":{"line":68,"column":42}},"2":{"start":{"line":69,"column":38},"end":{"line":69,"column":40}},"3":{"start":{"line":70,"column":20},"end":{"line":70,"column":21}},"4":{"start":{"line":71,"column":21},"end":{"line":71,"column":23}},"5":{"start":{"line":74,"column":4},"end":{"line":88,"column":5}},"6":{"start":{"line":75,"column":6},"end":{"line":75,"column":22}},"7":{"start":{"line":76,"column":6},"end":{"line":76,"column":23}},"8":{"start":{"line":77,"column":6},"end":{"line":82,"column":9}},"9":{"start":{"line":83,"column":6},"end":{"line":87,"column":9}},"10":{"start":{"line":91,"column":4},"end":{"line":112,"column":5}},"11":{"start":{"line":92,"column":6},"end":{"line":111,"column":7}},"12":{"start":{"line":93,"column":32},"end":{"line":93,"column":77}},"13":{"start":{"line":94,"column":8},"end":{"line":94,"column":37}},"14":{"start":{"line":95,"column":8},"end":{"line":95,"column":25}},"15":{"start":{"line":97,"column":8},"end":{"line":102,"column":11}},"16":{"start":{"line":104,"column":8},"end":{"line":110,"column":9}},"17":{"start":{"line":105,"column":10},"end":{"line":109,"column":13}},"18":{"start":{"line":115,"column":4},"end":{"line":142,"column":5}},"19":{"start":{"line":116,"column":6},"end":{"line":130,"column":7}},"20":{"start":{"line":117,"column":8},"end":{"line":117,"column":24}},"21":{"start":{"line":118,"column":8},"end":{"line":118,"column":25}},"22":{"start":{"line":119,"column":8},"end":{"line":124,"column":11}},"23":{"start":{"line":125,"column":8},"end":{"line":129,"column":11}},"24":{"start":{"line":133,"column":6},"end":{"line":141,"column":7}},"25":{"start":{"line":134,"column":8},"end":{"line":134,"column":24}},"26":{"start":{"line":135,"column":8},"end":{"line":140,"column":11}},"27":{"start":{"line":145,"column":4},"end":{"line":178,"column":5}},"28":{"start":{"line":146,"column":6},"end":{"line":154,"column":7}},"29":{"start":{"line":147,"column":8},"end":{"line":147,"column":24}},"30":{"start":{"line":148,"column":8},"end":{"line":153,"column":11}},"31":{"start":{"line":156,"column":6},"
[...]
"line":251,"column":24},"end":{"line":251,"column":66}},"99":{"start":{"line":254,"column":4},"end":{"line":256,"column":51}},"100":{"start":{"line":263,"column":4},"end":{"line":268,"column":5}},"101":{"start":{"line":264,"column":6},"end":{"line":264,"column":19}},"102":{"start":{"line":265,"column":6},"end":{"line":265,"column":18}},"103":{"start":{"line":267,"column":6},"end":{"line":267,"column":19}},"104":{"start":{"line":275,"column":4},"end":{"line":277,"column":5}},"105":{"start":{"line":276,"column":6},"end":{"line":276,"column":89}},"106":{"start":{"line":279,"column":4},"end":{"line":288,"column":5}},"107":{"start":{"line":281,"column":8},"end":{"line":281,"column":91}},"108":{"start":{"line":283,"column":8},"end":{"line":283,"column":80}},"109":{"start":{"line":285,"column":8},"end":{"line":285,"column":55}},"110":{"start":{"line":287,"column":8},"end":{"line":287,"column":46}},"111":{"start":{"line":16,"column":0},"end":{"line":16,"column":13}}},"fnMap":{"0":{"name":"(anonymous_7)","decl":{"start":{"line":21,"column":2},"end":{"line":21,"column":8}},"loc":{"start":{"line":23,"column":52},"end":{"line":66,"column":null}}},"1":{"name":"(anonymous_9)","decl":{"start":{"line":71,"column":2},"end":{"line":71,"column":8}},"loc":{"start":{"line":71,"column":42},"end":{"line":107,"column":null}}},"2":{"name":"(anonymous_11)","decl":{"start":{"line":112,"column":10},"end":{"line":112,"column":16}},"loc":{"start":{"line":112,"column":51},"end":{"line":179,"column":null}}},"3":{"name":"(anonymous_13)","decl":{"start":{"line":133,"column":37},"end":{"line":133,"column":40}},"loc":{"start":{"line":133,"column":43},"end":{"line":133,"column":61}}},"4":{"name":"(anonymous_14)","decl":{"start":{"line":154,"column":45},"end":{"line":154,"column":48}},"loc":{"start":{"line":154,"column":51},"end":{"line":154,"column":73}}},"5":{"name":"(anonymous_15)","decl":{"start":{"line":184,"column":10},"end":{"line":184,"column":16}},"loc":{"start":{"line":184,"column":52},"end":{"line":215,"column":null}}},"6":{"name":"(anonymous_17)","decl":{"start":{"line":190,"column":37},"end":{"line":190,"column":40}},"loc":{"start":{"line":190,"column":43},"end":{"line":190,"column":61}}},"7":{"name":"(anonymous_18)","decl":{"start":{"line":220,"column":10},"end":{"line":220,"column":16}},"loc":{"start":{"line":220,"column":64},"end":{"line":237,"column":3}}},"8":{"name":"(anonymous_19)","decl":{"start":{"line":242,"column":10},"end":{"line":242,"column":16}},"loc":{"start":{"line":242,"column":49},"end":{"line":245,"column":3}}},"9":{"name":"(anonymous_20)","decl":{"start":{"line":250,"column":10},"end":{"line":250,"column":16}},"loc":{"start":{"line":250,"column":58},"end":{"line":257,"column":3}}},"10":{"name":"(anonymous_21)","decl":{"start":{"line":262,"column":10},"end":{"line":262,"column":16}},"loc":{"start":{"line":262,"column":39},"end":{"line":269,"column":3}}},"11":{"name":"(anonymous_22)","decl":{"start":{"line":274,"column":2},"end":{"line":274,"column":8}},"loc":{"start":{"line":274,"column":46},"end":{"line":289,"column":3}}}},"branchMap":{"0":{"loc":{"start":{"line":33,"column":4},"end":{"line":33,"column":100}},"type":"cond-expr","locations":[{"start":{"line":33,"column":14},"end":{"line":33,"column":17}},{"start":{"line":33,"column":4},"end":{"line":33,"column":100}}]},"1":{"loc":{"start":{"line":33,"column":4},"end":{"line":33,"column":17}},"type":"binary-expr","locations":[{"start":{"line":33,"column":4},"end":{"line":33,"column":17}},{"start":{"line":33,"column":4},"end":{"line":33,"column":17}}]},"2":{"loc":{"start":{"line":35,"column":4},"end":{"line":42,"column":5}},"type":"if","locations":[{"start":{"line":35,"column":4},"end":{"line":42,"column":5}}]},"3":{"loc":{"start":{"line":40,"column":6},"end":{"line":40,"column":115}},"type":"cond-expr","locations":[{"start":{"line":40,"column":16},"end":{"line":40,"column":19}},{"start":{"line":40,"column":6},"end":{"line":40,"column":115}}]},"4":{"loc":{"start":{"line":40,"column":6},"end":{"line":40,"column":19}},"type":"binary-expr","locations":[{"start":{"line":40,"column":6},"end":{"line":40,"column":19}},{"start":{"line":40,"column":6},"end":{"line":40,"column":19}}]},"5":{"loc":{"start":{"line":45,"column":4},"end":{"line":45,"column":99}},"type":"cond-expr","locations":[{"start":{"line":45,"column":14},"end":{"line":45,"column":17}},{"start":{"line":45,"column":4},"end":{"line":45,"column":99}}]},"6":{"loc":{"start":{"line":45,"column":4},"end":{"line":45,"column":17}},"type":"binary-expr","locations":[{"start":{"line":45,"column":4},"end":{"line":45,"column":17}},{"start":{"line":45,"column":4},"end":{"line":45,"column":17}}]},"7":{"loc":{"start":{"line":47,"column":4},"end":{"line":55,"column":5}},"type":"if","locations":[{"start":{"line":47,"column":4},"end":{"line":55,"column":5}}]},"8":{"loc":{"start":{"line":53,"column":6},"end":{"line":53,"column":125}},"type":"cond-expr","locations":[{"start":{"line":53,"column":16},"end":{"line":53,"column":19}},{"start":{"line":53,"column":6},"end":{"line":53,"column":125}}]},"9":{"loc":{"start":{"line":53,"column":6},"end":{"line":53,"column":19}},"type":"binary-expr","locations":[{"start":{"line":53,"column":6},"end":{"line":53,"column":19}},{"start":{"line":53,"column":6},"end":{"line":53,"column":19}}]},"10":{"loc":{"start":{"line":58,"column":4},"end":{"line":58,"column":93}},"type":"cond-expr","locations":[{"start":{"line":58,"column":14},"end":{"line":58,"column":17}},{"start":{"line":58,"column":4},"end":{"line":58,"column":93}}]},"11":{"loc":{"start":{"line":58,"column":4},"end":{"line":58,"column":17}},"type":"binary-expr","locations":[{"start":{"line":58,"column":4},"end":{"line":58,"column":17}},{"start":{"line":58,"column":4},"end":{"line":58,"column":17}}]},"12":{"loc":{"start":{"line":63,"column":4},"end":{"line":63,"column":88}},"type":"cond-expr","locations":[{"start":{"line":63,"column":14},"end":{"line":63,"column":17}},{"start":{"line":63,"column":4},"end":{"line":63,"column":88}}]},"13":{"loc":{"start":{"line":63,"column":4},"end":{"line":63,"column":17}},"type":"binary-expr","locations":[{"start":{"line":63,"column":4},"end":{"line":63,"column":17}},{"start":{"line":63,"column":4},"end":{"line":63,"column":17}}]},"14":{"loc":{"start":{"line":81,"column":4},"end":{"line":87,"column":5}},"type":"if","locations":[{"start":{"line":81,"column":4},"end":{"line":87,"column":5}}]},"15":{"loc":{"start":{"line":91,"column":4},"end":{"line":98,"column":5}},"type":"if","locations":[{"start":{"line":91,"column":4},"end":{"line":98,"column":5}}]},"16":{"loc":{"start":{"line":145,"column":8},"end":{"line":147,"column":9}},"type":"if","locations":[{"start":{"line":145,"column":8},"end":{"line":147,"column":9}}]},"17":{"loc":{"start":{"line":145,"column":12},"end":{"line":145,"column":64}},"type":"binary-expr","locations":[{"start":{"line":145,"column":12},"end":{"line":145,"column":23}},{"start":{"line":145,"column":27},"end":{"line":145,"column":64}}]},"18":{"loc":{"start":{"line":150,"column":8},"end":{"line":174,"column":9}},"type":"if","locations":[{"start":{"line":150,"column":8},"end":{"line":174,"column":9}},{"start":{"line":172,"column":15},"end":{"line":174,"column":9}}]},"19":{"loc":{"start":{"line":150,"column":12},"end":{"line":150,"column":69}},"type":"binary-expr","locations":[{"start":{"line":150,"column":12},"end":{"line":150,"column":42}},{"start":{"line":150,"column":46},"end":{"line":150,"column":69}}]},"20":{"loc":{"start":{"line":166,"column":12},"end":{"line":168,"column":13}},"type":"if","locations":[{"start":{"line":166,"column":12},"end":{"line":168,"column":13}}]},"21":{"loc":{"start":{"line":166,"column":16},"end":{"line":166,"column":76}},"type":"binary-expr","locations":[{"start":{"line":166,"column":16},"end":{"line":166,"column":31}},{"start":{"line":166,"column":35},"end":{"line":166,"column":76}}]},"22":{"loc":{"start":{"line":201,"column":8},"end":{"line":208,"column":9}},"type":"if","locations":[{"start":{"line":201,"column":8},"end":{"line":208,"column":9}}]},"23":{"loc":{"start":{"line":205,"column":10},"end":{"line":207,"column":11}},"type":"if","locations":[{"start":{"line":205,"column":10},"end":{"line":207,"column":11}}]},"24":{"loc":{"start":{"line":228,"column":6},"end":{"line":233,"column":7}},"type":"if","locations":[{"start":{"line":228,"column":6},"end":{"line":233,"column":7}}]},"25":{"loc":{"start":{"line":230,"column":8},"end":{"line":232,"column":9}},"type":"if","locations":[{"start":{"line":230,"column":8},"end":{"line":232,"column":9}}]},"26":{"loc":{"start":{"line":251,"column":24},"end":{"line":251,"column":66}},"type":"binary-expr","locations":[{"start":{"line":251,"column":24},"end":{"line":251,"column":60}},{"start":{"line":251,"column":64},"end":{"line":251,"column":66}}]},"27":{"loc":{"start":{"line":254,"column":11},"end":{"line":256,"column":50}},"type":"binary-expr","locations":[{"start":{"line":254,"column":11},"end":{"line":254,"column":38}},{"start":{"line":255,"column":11},"end":{"line":255,"column":43}},{"start":{"line":256,"column":11},"end":{"line":256,"column":50}}]},"28":{"loc":{"start":{"line":275,"column":4},"end":{"line":277,"column":5}},"type":"if","locations":[{"start":{"line":275,"column":4},"end":{"line":277,"column":5}}]},"29":{"loc":{"start":{"line":279,"column":4},"end":{"line":288,"column":5}},"type":"switch","locations":[{"start":{"line":280,"column":6},"end":{"line":281,"column":91}},{"start":{"line":282,"column":6},"end":{"line":283,"column":80}},{"start":{"line":284,"column":6},"end":{"line":285,"column":55}},{"start":{"line":286,"column":6},"end":{"line":287,"column":46}}]}},"s":{"0":3,"1":3,"2":3,"3":3,"4":0,"5":0,"6":0,"7":0,"8":0,"9":0,"10":3,"11":3,"12":3,"13":0,"14":0,"15":0,"16":0,"17":0,"18":0,"19":0,"20":3,"21":3,"22":3,"23":3,"24":3,"25":3,"26":3,"27":4,"28":4,"29":4,"30":0,"31":0,"32":0,"33":0,"34":0,"35":4,"36":4,"37":0,"38":0,"39":0,"40":0,"41":0,"42":0,"43":4,"44":4,"45":4,"46":4,"47":4,"48":11,"49":11,"50":11,"51":11,"52":88,"53":88,"54":88,"55":88,"56":0,"57":88,"58":73,"59":73,"60":0,"61":30,"62":4,"63":4,"64":4,"65":4,"66":0,"67":4,"68":3,"69":3,"70":0,"71":11,"72":11,"73":11,"74":21,"75":21,"76":21,"77":0,"78":21,"79":18,"80":18,"81":3,"82":3,"83":3,"84":1,"85":10,"86":3,"87":3,"88":3,"89":14,"90":14,"91":14,"92":2,"93":2,"94":2,"95":3,"96":10,"97":10,"98":6,"99":0,"100":2,"101":2,"102":2,"103":0,"104":0,"105":0,"106":0,"107":0,"108":0,"109":0,"110":0,"111":2},"f":{"0":3,"1":4,"2":11,"3":0,"4":0,"5":11,"6":0,"7":3,"8":10,"9":6,"10":2,"11":0},"b":{"0":[1,2],"1":[3,3],"2":[0],"3":[0,0],"4":[0,0],"5":[1,2],"6":[3,3],"7":[0],"8":[0,0],"9":[0,0],"10":[1,2],"11":[3,3],"12":[1,2],"13":[3,3],"14":[0],"15":[0],"16":[0],"17":[73,5],"18":[4,26],"19":[30,4],"20":[0],"21":[3,1],"22":[3],"23":[1],"24":[2],"25":[2],"26":[6,0],"27":[0,0,0],"28":[0],"29":[0,0,0,0]}}
,"/home/poweruser/projects/Phish-Guard/src/utils/logger.ts": {"path":"/home/poweruser/projects/Phish-Guard/src/utils/logger.ts","statementMap":{"0":{"start":{"line":4,"column":22},"end":{"line":4,"column":59}},"1":{"start":{"line":6,"column":13},"end":{"line":29,"column":2}},"2":{"start":{"line":8,"column":4},"end":{"line":10,"column":5}},"3":{"start":{"line":9,"column":6},"end":{"line":9,"column":27}},"4":{"start":{"line":14,"column":4},"end":{"line":16,"column":5}},"5":{"start":{"line":15,"column":6},"end":{"line":15,"column":28}},"6":{"start":{"line":21,"column":4},"end":{"line":21,"column":27}},"7":{"start":{"line":25,"column":4},"end":{"line":27,"column":5}},"8":{"start":{"line":26,"column":6},"end":{"line":26,"column":29}},"9":{"start":{"line":31,"column":0},"end":{"line":31,"column":22}}},"fnMap":{"0":{"name":"(anonymous_0)","decl":{"start":{"line":7,"column":7},"end":{"line":7,"column":8}},"loc":{"start":{"line":7,"column":26},"end":{"line":11,"column":3}}},"1":{"name":"(anonymous_1)","decl":{"start":{"line":13,"column":8},"end":{"line":13,"column":9}},"loc":{"start":{"line":13,"column":27},"end":{"line":17,"column":3}}},"2":{"name":"(anonymous_2)","decl":{"start":{"line":19,"column":9},"end":{"line":19,"column":10}},"loc":{"start":{"line":19,"column":28},"end":{"line":22,"column":3}}},"3":{"name":"(anonymous_3)","decl":{"start":{"line":24,"column":9},"end":{"line":24,"column":10}},"loc":{"start":{"line":24,"column":28},"end":{"line":28,"column":3}}}},"branchMap":{"0":{"loc":{"start":{"line":8,"column":4},"end":{"line":10,"column":5}},"type":"if","locations":[{"start":{"line":8,"column":4},"end":{"line":10,"column":5}}]},"1":{"loc":{"start":{"line":14,"column":4},"end":{"line":16,"column":5}},"type":"if","locations":[{"start":{"line":14,"column":4},"end":{"line":16,"column":5}}]},"2":{"loc":{"start":{"line":25,"column":4},"end":{"line":27,"column":5}},"type":"if","locations":[{"start":{"line":25,"column":4},"end":{"line":27,"column":5}}]}},"s":{"0":6,"1":6,"2":34,"3":34,"4":1,"5":1,"6":3,"7":0,"8":0,"9":6},"f":{"0":34,"1":1,"2":3,"3":0},"b":{"0":[34],"1":[1],"2":[0]}}
,"/home/poweruser/projects/Phish-Guard/src/utils/utils.ts": {"path":"/home/poweruser/projects/Phish-Guard/src/utils/utils.ts","statementMap":{"0":{"start":{"line":6,"column":0},"end":{"line":6,"column":16}},"1":{"start":{"line":20,"column":0},"end":{"line":20,"column":16}},"2":{"start":{"line":44,"column":0},"end":{"line":44,"column":16}},"3":{"start":{"line":67,"column":0},"end":{"line":67,"column":16}},"4":{"start":{"line":85,"column":0},"end":{"line":85,"column":16}},"5":{"start":{"line":7,"column":2},"end":{"line":9,"column":3}},"6":{"start":{"line":8,"column":4},"end":{"line":8,"column":15}},"7":{"start":{"line":13,"column":22},"end":{"line":13,"column":76}},"8":{"start":{"line":14,"column":17},"end":{"line":14,"column":51}},"9":{"start":{"line":17,"column":2},"end":{"line":17,"column":38}},"10":{"start":{"line":21,"column":2},"end":{"line":23,"column":3}},"11":{"start":{"line":22,"column":4},"end":{"line":22,"column":21}},"12":{"start":{"line":25,"column":2},"end":{"line":41,"column":3}},"13":{"start":{"line":27,"column":21},"end":{"line":27,"column":55}},"14":{"start":{"line":28,"column":4},"end":{"line":33,"column":5}},"15":{"start":{"line":29,"column":25},"end":{"line":29,"column":56}},"16":{"start":{"line":31,"column":6},"end":{"line":31,"column":26}},"17":{"start":{"line":32,"column":6},"end":{"line":32,"column":24}},"18":{"start":{"line":36,"column":4},"end":{"line":36,"column":23}},"19":{"start":{"line":37,"column":4},"end":{"line":37,"column":21}},"20":{"start":{"line":40,"column":4},"end":{"line":40,"column":21}},"21":{"start":{"line":45,"column":2},"end":{"line":47,"column":3}},"22":{"start":{"line":46,"column":4},"end":{"line":46,"column":15}},"23":{"start":{"line":49,"column":2},"end":{"line":64,"column":3}},"24":{"start":{"line":50,"column":19},"end":{"line":50,"column":75}},"25":{"start":{"line":53,"column":19},"end":{"line":53,"column":34}},"26":{"start":{"line":56,"column":4},"end":{"line":56,"column":46}},"27":{"start":{"line":58,"column":4},"end":{"line":58,"column":20}},"28":{"start":{"line":61,"column":24},"end":{"line":61,"column":75}},"29":{"start":{"line":62,"column":19},"end":{"line":62,"column":53}},"30":{"start":{"line":63,"column":4},"end":{"line":63,"column":18}},"31":{"start":{"line":68,"column":2},"end":{"line":70,"column":3}},"32":{"start":{"line":69,"column":4},"end":{"line":69,"column":14}},"33":{"start":{"line":72,"column":2},"end":{"line":82,"column":3}},"34":{"start":{"line":73,"column":19},"end":{"line":73,"column":31}},"35":{"start":{"line":75,"column":4},"end":{"line":77,"column":5}},"36":{"start":{"line":76,"column":6},"end":{"line":76,"column":42}},"37":{"start":{"line":79,"column":4},"end":{"line":79,"column":29}},"38":{"start":{"line":81,"column":4},"end":{"line":81,"column":14}},"39":{"start":{"line":86,"column":2},"end":{"line":91,"column":3}},"40":{"start":{"line":87,"column":19},"end":{"line":87,"column":31}},"41":{"start":{"line":88,"column":4},"end":{"line":88,"column":57}},"42":{"start":{"line":90,"column":4},"end":{"line":90,"column":17}}},"fnMap":{"0":{"name":"extractDomainRaw","decl":{"start":{"line":6,"column":16},"end":{"line":6,"column":32}},"loc":{"start":{"line":6,"column":44},"end":{"line":18,"column":1}}},"1":{"name":"extractActualUrl","decl":{"start":{"line":20,"column":16},"end":{"line":20,"column":32}},"loc":{"start":{"line":20,"column":50},"end":{"line":42,"column":1}}},"2":{"name":"extractDomain","decl":{"start":{"line":44,"column":16},"end":{"line":44,"column":29}},"loc":{"start":{"line":44,"column":41},"end":{"line":65,"column":1}}},"3":{"name":"sanitizeUrl","decl":{"start":{"line":67,"column":16},"end":{"line":67,"column":27}},"loc":{"start":{"line":67,"column":39},"end":{"line":83,"column":1}}},"4":{"name":"isValidUrl","decl":{"start":{"line":85,"column":16},"end":{"line":85,"column":26}},"loc":{"start":{"line":85,"column":38},"end":{"line":92,"column":1}}}},"branchMap":{"0":{"loc":{"start":{"line":7,"column":2},"end":{"line":9,"column":3}},"type":"if","locations":[{"start":{"line":7,"column":2},"end":{"line":9,"column":3}}]},"1":{"loc":{"start":{"line":7,"column":6},"end":{"line":7,"column":37}},"type":"binary-expr","locations":[{"start":{"line":7,"column":6},"end":{"line":7,"column":10}},{"start":{"line":7,"column":14},"end":{"line":7,"column":37}}]},"2":{"loc":{"start":{"line":14,"column":17},"end":{"line":14,"column":51}},"type":"cond-expr","locations":[{"start":{"line":14,"column":31},"end":{"line":14,"column":45}},{"start":{"line":14,"column":48},"end":{"line":14,"column":51}}]},"3":{"loc":{"start":{"line":21,"column":2},"end":{"line":23,"column":3}},"type":"if","locations":[{"start":{"line":21,"column":2},"end":{"line":23,"column":3}}]},"4":{"loc":{"start":{"line":21,"column":6},"end":{"line":21,"column":49}},"type":"binary-expr","locations":[{"start":{"line":21,"column":6},"end":{"line":21,"column":16}},{"start":{"line":21,"column":20},"end":{"line":21,"column":49}}]},"5":{"loc":{"start":{"line":28,"column":4},"end":{"line":33,"column":5}},"type":"if","locations":[{"start":{"line":28,"column":4},"end":{"line":33,"column":5}}]},"6":{"loc":{"start":{"line":45,"column":2},"end":{"line":47,"column":3}},"type":"if","locations":[{"start":{"line":45,"column":2},"end":{"line":47,"column":3}}]},"7":{"loc":{"start":{"line":45,"column":6},"end":{"line":45,"column":37}},"type":"binary-expr","locations":[{"start":{"line":45,"column":6},"end":{"line":45,"column":10}},{"start":{"line":45,"column":14},"end":{"line":45,"column":37}}]},"8":{"loc":{"start":{"line":50,"column":27},"end":{"line":50,"column":74}},"type":"cond-expr","locations":[{"start":{"line":50,"column":52},"end":{"line":50,"column":55}},{"start":{"line":50,"column":58},"end":{"line":50,"column":74}}]},"9":{"loc":{"start":{"line":62,"column":19},"end":{"line":62,"column":53}},"type":"cond-expr","locations":[{"start":{"line":62,"column":33},"end":{"line":62,"column":47}},{"start":{"line":62,"column":50},"end":{"line":62,"column":53}}]},"10":{"loc":{"start":{"line":68,"column":2},"end":{"line":70,"column":3}},"type":"if","locations":[{"start":{"line":68,"column":2},"end":{"line":70,"column":3}}]},"11":{"loc":{"start":{"line":68,"column":6},"end":{"line":68,"column":37}},"type":"binary-expr","locations":[{"start":{"line":68,"column":6},"end":{"line":68,"column":10}},{"start":{"line":68,"column":14},"end":{"line":68,"column":37}}]},"12":{"loc":{"start":{"line":75,"column":4},"end":{"line":77,"column":5}},"type":"if","locations":[{"start":{"line":75,"column":4},"end":{"line":77,"column":5}}]}},"s":{"0":3,"1":3,"2":3,"3":3,"4":3,"5":7,"6":0,"7":7,"8":7,"9":7,"10":6,"11":0,"12":6,"13":6,"14":6,"15":2,"16":2,"17":2,"18":4,"19":3,"20":1,"21":11,"22":0,"23":11,"24":11,"25":10,"26":10,"27":10,"28":1,"29":1,"30":1,"31":12,"32":1,"33":11,"34":11,"35":10,"36":5,"37":5,"38":6,"39":15,"40":15,"41":13,"42":2},"f":{"0":7,"1":6,"2":11,"3":12,"4":15},"b":{"0":[0],"1":[7,7],"2":[7,0],"3":[0],"4":[6,6],"5":[2],"6":[0],"7":[11,11],"8":[7,4],"9":[1,0],"10":[1],"11":[12,11],"12":[5]}}
}
