{"/home/poweruser/projects/Phish-Guard/src/apiservice.ts": {"path":"/home/poweruser/projects/Phish-Guard/src/apiservice.ts","statementMap":{"0":{"start":{"line":3,"column":0},"end":{"line":3,"column":22}},"1":{"start":{"line":1,"column":0},"end":{"line":1,"column":53}},"2":{"start":{"line":4,"column":8},"end":{"line":4,"column":57}},"3":{"start":{"line":5,"column":8},"end":{"line":5,"column":57}},"4":{"start":{"line":6,"column":8},"end":{"line":6,"column":58}},"5":{"start":{"line":8,"column":26},"end":{"line":11,"column":null}},"6":{"start":{"line":8,"column":8},"end":{"line":8,"column":26}},"7":{"start":{"line":13,"column":2},"end":{"line":16,"column":3}},"8":{"start":{"line":14,"column":4},"end":{"line":14,"column":53}},"9":{"start":{"line":15,"column":4},"end":{"line":15,"column":48}},"10":{"start":{"line":18,"column":2},"end":{"line":18,"column":25}}},"fnMap":{"0":{"name":"checkUrlInSupabase","decl":{"start":{"line":3,"column":22},"end":{"line":3,"column":40}},"loc":{"start":{"line":3,"column":52},"end":{"line":19,"column":null}}}},"branchMap":{"0":{"loc":{"start":{"line":13,"column":2},"end":{"line":16,"column":3}},"type":"if","locations":[{"start":{"line":13,"column":2},"end":{"line":16,"column":3}}]}},"s":{"0":1,"1":1,"2":3,"3":3,"4":3,"5":3,"6":3,"7":3,"8":1,"9":1,"10":2},"f":{"0":3},"b":{"0":[1]}}
,"/home/poweruser/projects/Phish-Guard/src/utils.ts": {"path":"/home/poweruser/projects/Phish-Guard/src/utils.ts","statementMap":{"0":{"start":{"line":1,"column":0},"end":{"line":1,"column":16}},"1":{"start":{"line":6,"column":0},"end":{"line":6,"column":16}},"2":{"start":{"line":2,"column":19},"end":{"line":2,"column":53}},"3":{"start":{"line":3,"column":2},"end":{"line":3,"column":64}},"4":{"start":{"line":7,"column":22},"end":{"line":7,"column":71}},"5":{"start":{"line":8,"column":2},"end":{"line":8,"column":44}}},"fnMap":{"0":{"name":"extractActualUrl","decl":{"start":{"line":1,"column":16},"end":{"line":1,"column":32}},"loc":{"start":{"line":1,"column":50},"end":{"line":4,"column":1}}},"1":{"name":"extractDomain","decl":{"start":{"line":6,"column":16},"end":{"line":6,"column":29}},"loc":{"start":{"line":6,"column":41},"end":{"line":9,"column":1}}}},"branchMap":{"0":{"loc":{"start":{"line":3,"column":9},"end":{"line":3,"column":63}},"type":"cond-expr","locations":[{"start":{"line":3,"column":20},"end":{"line":3,"column":51}},{"start":{"line":3,"column":54},"end":{"line":3,"column":63}}]},"1":{"loc":{"start":{"line":8,"column":9},"end":{"line":8,"column":43}},"type":"cond-expr","locations":[{"start":{"line":8,"column":23},"end":{"line":8,"column":37}},{"start":{"line":8,"column":40},"end":{"line":8,"column":43}}]}},"s":{"0":1,"1":1,"2":2,"3":2,"4":2,"5":2},"f":{"0":2,"1":2},"b":{"0":[1,1],"1":[2,0]}}
}
