TN:
SF:src/services/apiservice.ts
FN:15,(anonymous_8)
FN:17,(anonymous_9)
FN:24,(anonymous_10)
FN:42,(anonymous_11)
FN:51,(anonymous_12)
FN:55,(anonymous_13)
FN:59,(anonymous_14)
FN:107,(anonymous_16)
FN:116,(anonymous_17)
FN:122,checkUrlInSupabase
FNF:10
FNH:0
FNDA:0,(anonymous_8)
FNDA:0,(anonymous_9)
FNDA:0,(anonymous_10)
FNDA:0,(anonymous_11)
FNDA:0,(anonymous_12)
FNDA:0,(anonymous_13)
FNDA:0,(anonymous_14)
FNDA:0,(anonymous_16)
FNDA:0,(anonymous_17)
FNDA:0,checkUrlInSupabase
DA:1,0
DA:2,0
DA:11,0
DA:12,0
DA:13,0
DA:18,0
DA:19,0
DA:21,0
DA:25,0
DA:26,0
DA:27,0
DA:29,0
DA:30,0
DA:33,0
DA:34,0
DA:37,0
DA:39,0
DA:43,0
DA:44,0
DA:45,0
DA:47,0
DA:52,0
DA:56,0
DA:60,0
DA:61,0
DA:64,0
DA:65,0
DA:68,0
DA:69,0
DA:71,0
DA:72,0
DA:75,0
DA:76,0
DA:77,0
DA:82,0
DA:83,0
DA:84,0
DA:87,0
DA:90,0
DA:96,0
DA:98,0
DA:100,0
DA:101,0
DA:103,0
DA:108,0
DA:109,0
DA:110,0
DA:111,0
DA:117,0
DA:122,0
DA:123,0
DA:124,0
DA:128,0
LF:53
LH:0
BRDA:18,0,0,0
BRDA:25,1,0,0
BRDA:29,2,0,0
BRDA:29,3,0,0
BRDA:29,3,1,0
BRDA:33,4,0,0
BRDA:60,5,0,0
BRDA:60,6,0,0
BRDA:60,6,1,0
BRDA:64,7,0,0
BRDA:71,8,0,0
BRDA:71,9,0,0
BRDA:71,9,1,0
BRDA:82,10,0,0
BRDA:87,11,0,0
BRDA:87,11,1,0
BRDA:100,12,0,0
BRDA:110,13,0,0
BRF:18
BRH:0
end_of_record
TN:
SF:src/services/certificateAnalysisService.ts
FN:46,(anonymous_8)
FN:67,(anonymous_10)
FN:75,(anonymous_11)
FN:98,(anonymous_12)
FN:115,(anonymous_13)
FN:164,(anonymous_14)
FN:191,(anonymous_15)
FNF:7
FNH:6
FNDA:6,(anonymous_8)
FNDA:5,(anonymous_10)
FNDA:0,(anonymous_11)
FNDA:1,(anonymous_12)
FNDA:7,(anonymous_13)
FNDA:2,(anonymous_14)
FNDA:3,(anonymous_15)
DA:4,1
DA:28,1
DA:29,1
DA:30,1
DA:31,1
DA:32,1
DA:35,1
DA:47,6
DA:60,6
DA:62,6
DA:63,6
DA:64,6
DA:65,5
DA:66,5
DA:67,5
DA:69,6
DA:71,6
DA:74,6
DA:75,6
DA:77,6
DA:81,6
DA:83,6
DA:84,1
DA:85,1
DA:88,5
DA:90,5
DA:91,1
DA:92,1
DA:95,4
DA:98,4
DA:99,1
DA:100,1
DA:101,1
DA:105,4
DA:106,4
DA:107,4
DA:108,4
DA:109,4
DA:111,4
DA:112,4
DA:115,4
DA:116,7
DA:120,4
DA:121,4
DA:123,4
DA:124,1
DA:125,1
DA:126,3
DA:127,3
DA:128,3
DA:131,4
DA:132,3
DA:133,3
DA:136,4
DA:138,4
DA:152,0
DA:153,0
DA:154,0
DA:156,0
DA:157,0
DA:165,2
DA:166,1
DA:169,1
DA:171,1
DA:172,1
DA:173,0
DA:174,0
DA:176,0
DA:179,1
DA:180,1
DA:182,0
DA:185,1
DA:196,3
DA:200,1
DA:204,2
DA:207,1
DA:210,1
LF:77
LH:68
BRDA:64,0,0,5
BRDA:83,1,0,1
BRDA:90,2,0,1
BRDA:90,3,0,5
BRDA:90,3,1,5
BRDA:101,4,0,1
BRDA:101,4,1,0
BRDA:123,5,0,1
BRDA:123,5,1,3
BRDA:126,6,0,3
BRDA:131,7,0,3
BRDA:131,8,0,4
BRDA:131,8,1,3
BRDA:152,9,0,0
BRDA:157,10,0,0
BRDA:157,10,1,0
BRDA:165,11,0,1
BRDA:165,12,0,2
BRDA:165,12,1,1
BRDA:171,13,0,1
BRDA:171,13,1,0
BRDA:173,14,0,0
BRDA:173,14,1,0
BRDA:179,15,0,1
BRDA:179,15,1,0
BRDA:196,16,0,1
BRDA:196,17,0,3
BRDA:196,17,1,1
BRDA:196,17,2,1
BRDA:196,17,3,1
BRDA:204,18,0,1
BRDA:204,19,0,2
BRDA:204,19,1,1
BRDA:204,19,2,1
BRF:34
BRH:26
end_of_record
TN:
SF:src/services/domainInfoService.ts
FN:13,(anonymous_8)
FN:27,(anonymous_10)
FN:41,(anonymous_12)
FN:63,(anonymous_14)
FN:69,(anonymous_15)
FN:97,(anonymous_16)
FN:107,(anonymous_17)
FN:149,(anonymous_18)
FN:159,(anonymous_19)
FNF:9
FNH:0
FNDA:0,(anonymous_8)
FNDA:0,(anonymous_10)
FNDA:0,(anonymous_12)
FNDA:0,(anonymous_14)
FNDA:0,(anonymous_15)
FNDA:0,(anonymous_16)
FNDA:0,(anonymous_17)
FNDA:0,(anonymous_18)
FNDA:0,(anonymous_19)
DA:3,0
DA:5,0
DA:6,0
DA:7,0
DA:8,0
DA:14,0
DA:16,0
DA:17,0
DA:20,0
DA:28,0
DA:31,0
DA:32,0
DA:34,0
DA:43,0
DA:44,0
DA:48,0
DA:55,0
DA:56,0
DA:58,0
DA:59,0
DA:60,0
DA:61,0
DA:62,0
DA:63,0
DA:65,0
DA:68,0
DA:69,0
DA:71,0
DA:80,0
DA:82,0
DA:83,0
DA:84,0
DA:87,0
DA:91,0
DA:98,0
DA:113,0
DA:114,0
DA:117,0
DA:118,0
DA:121,0
DA:122,0
DA:127,0
DA:129,0
DA:130,0
DA:131,0
DA:132,0
DA:133,0
DA:136,0
DA:150,0
DA:163,0
DA:164,0
DA:167,0
DA:168,0
DA:169,0
DA:170,0
DA:171,0
DA:172,0
DA:173,0
DA:178,0
DA:179,0
DA:180,0
DA:183,0
DA:184,0
DA:185,0
DA:188,0
DA:189,0
DA:190,0
DA:193,0
LF:68
LH:0
BRDA:43,0,0,0
BRDA:60,1,0,0
BRDA:82,2,0,0
BRDA:113,3,0,0
BRDA:113,4,0,0
BRDA:113,4,1,0
BRDA:113,4,2,0
BRDA:114,5,0,0
BRDA:114,5,1,0
BRDA:114,5,2,0
BRDA:117,6,0,0
BRDA:117,7,0,0
BRDA:117,7,1,0
BRDA:117,7,2,0
BRDA:118,8,0,0
BRDA:118,8,1,0
BRDA:118,8,2,0
BRDA:121,9,0,0
BRDA:121,10,0,0
BRDA:121,10,1,0
BRDA:122,11,0,0
BRDA:122,11,1,0
BRDA:129,12,0,0
BRDA:167,13,0,0
BRDA:167,13,1,0
BRDA:167,14,0,0
BRDA:167,14,1,0
BRDA:167,15,0,0
BRDA:167,15,1,0
BRDA:170,16,0,0
BRDA:170,17,0,0
BRDA:170,17,1,0
BRDA:170,18,0,0
BRDA:170,18,1,0
BRDA:171,19,0,0
BRDA:178,20,0,0
BRDA:178,21,0,0
BRDA:178,21,1,0
BRDA:178,22,0,0
BRDA:178,22,1,0
BRDA:183,23,0,0
BRDA:183,24,0,0
BRDA:183,24,1,0
BRDA:183,25,0,0
BRDA:183,25,1,0
BRDA:188,26,0,0
BRDA:188,27,0,0
BRDA:188,27,1,0
BRDA:188,28,0,0
BRDA:188,28,1,0
BRDA:188,29,0,0
BRDA:188,29,1,0
BRF:52
BRH:0
end_of_record
TN:
SF:src/services/homographDetector.ts
FN:100,(anonymous_0)
FN:187,(anonymous_1)
FN:200,(anonymous_2)
FN:209,(anonymous_3)
FN:218,(anonymous_4)
FN:221,(anonymous_5)
FN:228,(anonymous_6)
FN:239,(anonymous_7)
FN:290,(anonymous_8)
FN:291,(anonymous_9)
FN:315,(anonymous_10)
FN:327,(anonymous_11)
FN:347,(anonymous_12)
FNF:13
FNH:0
FNDA:0,(anonymous_0)
FNDA:0,(anonymous_1)
FNDA:0,(anonymous_2)
FNDA:0,(anonymous_3)
FNDA:0,(anonymous_4)
FNDA:0,(anonymous_5)
FNDA:0,(anonymous_6)
FNDA:0,(anonymous_7)
FNDA:0,(anonymous_8)
FNDA:0,(anonymous_9)
FNDA:0,(anonymous_10)
FNDA:0,(anonymous_11)
FNDA:0,(anonymous_12)
DA:13,0
DA:15,0
DA:49,0
DA:63,0
DA:101,0
DA:102,0
DA:106,0
DA:111,0
DA:112,0
DA:113,0
DA:116,0
DA:117,0
DA:118,0
DA:119,0
DA:123,0
DA:124,0
DA:125,0
DA:126,0
DA:130,0
DA:131,0
DA:132,0
DA:133,0
DA:137,0
DA:138,0
DA:139,0
DA:140,0
DA:144,0
DA:145,0
DA:146,0
DA:147,0
DA:151,0
DA:152,0
DA:153,0
DA:154,0
DA:158,0
DA:159,0
DA:160,0
DA:161,0
DA:166,0
DA:167,0
DA:168,0
DA:169,0
DA:171,0
DA:174,0
DA:188,0
DA:189,0
DA:190,0
DA:191,0
DA:192,0
DA:194,0
DA:197,0
DA:201,0
DA:202,0
DA:203,0
DA:206,0
DA:211,0
DA:218,0
DA:223,0
DA:224,0
DA:225,0
DA:230,0
DA:231,0
DA:232,0
DA:234,0
DA:240,0
DA:241,0
DA:242,0
DA:244,0
DA:246,0
DA:247,0
DA:248,0
DA:249,0
DA:251,0
DA:254,0
DA:255,0
DA:259,0
DA:260,0
DA:265,0
DA:266,0
DA:268,0
DA:269,0
DA:273,0
DA:274,0
DA:275,0
DA:279,0
DA:280,0
DA:281,0
DA:282,0
DA:287,0
DA:291,0
DA:293,0
DA:294,0
DA:297,0
DA:298,0
DA:301,0
DA:302,0
DA:303,0
DA:304,0
DA:312,0
DA:316,0
DA:317,0
DA:318,0
DA:320,0
DA:328,0
DA:331,0
DA:332,0
DA:335,0
DA:337,0
DA:338,0
DA:339,0
DA:344,0
DA:348,0
DA:349,0
DA:352,0
DA:353,0
DA:355,0
LF:116
LH:0
BRDA:101,0,0,0
BRDA:101,1,0,0
BRDA:101,1,1,0
BRDA:117,2,0,0
BRDA:124,3,0,0
BRDA:131,4,0,0
BRDA:138,5,0,0
BRDA:145,6,0,0
BRDA:152,7,0,0
BRDA:159,8,0,0
BRDA:166,9,0,0
BRDA:166,9,1,0
BRDA:168,10,0,0
BRDA:168,10,1,0
BRDA:202,11,0,0
BRDA:224,12,0,0
BRDA:224,12,1,0
BRDA:234,13,0,0
BRDA:234,13,1,0
BRDA:234,13,2,0
BRDA:241,14,0,0
BRDA:241,15,0,0
BRDA:241,15,1,0
BRDA:248,16,0,0
BRDA:248,17,0,0
BRDA:248,17,1,0
BRDA:254,18,0,0
BRDA:266,19,0,0
BRDA:266,19,1,0
BRDA:268,20,0,0
BRDA:268,21,0,0
BRDA:268,21,1,0
BRDA:274,22,0,0
BRDA:281,23,0,0
BRDA:303,24,0,0
BRDA:303,24,1,0
BRDA:335,25,0,0
BRDA:348,26,0,0
BRF:38
BRH:0
end_of_record
TN:
SF:src/services/realtimeApiService.ts
FN:39,(anonymous_8)
FN:44,(anonymous_10)
FN:45,(anonymous_11)
FN:46,(anonymous_12)
FN:51,(anonymous_13)
FN:51,(anonymous_14)
FN:69,(anonymous_15)
FN:87,(anonymous_16)
FN:133,(anonymous_18)
FN:178,(anonymous_20)
FN:191,(anonymous_22)
FN:224,(anonymous_23)
FN:225,(anonymous_24)
FN:226,(anonymous_25)
FN:235,(anonymous_26)
FN:249,(anonymous_27)
FN:250,(anonymous_28)
FN:269,(anonymous_29)
FN:270,(anonymous_30)
FN:271,(anonymous_31)
FN:274,(anonymous_32)
FN:276,(anonymous_33)
FN:316,(anonymous_34)
FN:337,(anonymous_35)
FN:338,(anonymous_36)
FN:357,(anonymous_37)
FNF:26
FNH:0
FNDA:0,(anonymous_8)
FNDA:0,(anonymous_10)
FNDA:0,(anonymous_11)
FNDA:0,(anonymous_12)
FNDA:0,(anonymous_13)
FNDA:0,(anonymous_14)
FNDA:0,(anonymous_15)
FNDA:0,(anonymous_16)
FNDA:0,(anonymous_18)
FNDA:0,(anonymous_20)
FNDA:0,(anonymous_22)
FNDA:0,(anonymous_23)
FNDA:0,(anonymous_24)
FNDA:0,(anonymous_25)
FNDA:0,(anonymous_26)
FNDA:0,(anonymous_27)
FNDA:0,(anonymous_28)
FNDA:0,(anonymous_29)
FNDA:0,(anonymous_30)
FNDA:0,(anonymous_31)
FNDA:0,(anonymous_32)
FNDA:0,(anonymous_33)
FNDA:0,(anonymous_34)
FNDA:0,(anonymous_35)
FNDA:0,(anonymous_36)
FNDA:0,(anonymous_37)
DA:7,0
DA:32,0
DA:33,0
DA:34,0
DA:40,0
DA:43,0
DA:44,0
DA:45,0
DA:46,0
DA:51,0
DA:52,0
DA:53,0
DA:57,0
DA:59,0
DA:60,0
DA:65,0
DA:66,0
DA:69,0
DA:70,0
DA:71,0
DA:73,0
DA:74,0
DA:78,0
DA:80,0
DA:88,0
DA:90,0
DA:95,0
DA:98,0
DA:99,0
DA:100,0
DA:103,0
DA:104,0
DA:105,0
DA:106,0
DA:107,0
DA:108,0
DA:109,0
DA:110,0
DA:112,0
DA:113,0
DA:116,0
DA:126,0
DA:134,0
DA:136,0
DA:138,0
DA:140,0
DA:141,0
DA:142,0
DA:145,0
DA:146,0
DA:147,0
DA:148,0
DA:149,0
DA:150,0
DA:151,0
DA:152,0
DA:153,0
DA:154,0
DA:155,0
DA:157,0
DA:158,0
DA:161,0
DA:171,0
DA:179,0
DA:181,0
DA:183,0
DA:185,0
DA:186,0
DA:187,0
DA:190,0
DA:191,0
DA:193,0
DA:194,0
DA:195,0
DA:196,0
DA:197,0
DA:198,0
DA:199,0
DA:200,0
DA:202,0
DA:203,0
DA:206,0
DA:217,0
DA:225,0
DA:226,0
DA:227,0
DA:236,0
DA:250,0
DA:251,0
DA:252,0
DA:254,0
DA:255,0
DA:269,0
DA:270,0
DA:271,0
DA:274,0
DA:275,0
DA:276,0
DA:278,0
DA:283,0
DA:284,0
DA:285,0
DA:286,0
DA:287,0
DA:288,0
DA:290,0
DA:294,0
DA:295,0
DA:296,0
DA:297,0
DA:300,0
DA:317,0
DA:318,0
DA:321,0
DA:323,0
DA:324,0
DA:325,0
DA:326,0
DA:327,0
DA:328,0
DA:330,0
DA:338,0
DA:339,0
DA:347,0
DA:348,0
DA:350,0
DA:362,0
DA:363,0
DA:370,0
DA:372,0
DA:374,0
DA:381,0
DA:388,0
DA:395,0
LF:134
LH:0
BRDA:60,0,0,0
BRDA:60,0,1,0
BRDA:70,1,0,0
BRDA:70,1,1,0
BRDA:70,2,0,0
BRDA:70,2,1,0
BRDA:73,3,0,0
BRDA:73,3,1,0
BRDA:103,4,0,0
BRDA:103,4,1,0
BRDA:103,5,0,0
BRDA:103,5,1,0
BRDA:103,5,2,0
BRDA:107,6,0,0
BRDA:107,6,1,0
BRDA:107,7,0,0
BRDA:107,7,1,0
BRDA:107,7,2,0
BRDA:126,8,0,0
BRDA:126,8,1,0
BRDA:145,9,0,0
BRDA:145,9,1,0
BRDA:145,10,0,0
BRDA:145,10,1,0
BRDA:145,10,2,0
BRDA:148,11,0,0
BRDA:148,11,1,0
BRDA:152,12,0,0
BRDA:152,12,1,0
BRDA:171,13,0,0
BRDA:171,13,1,0
BRDA:193,14,0,0
BRDA:193,14,1,0
BRDA:193,15,0,0
BRDA:193,15,1,0
BRDA:193,15,2,0
BRDA:197,16,0,0
BRDA:197,16,1,0
BRDA:213,17,0,0
BRDA:213,17,1,0
BRDA:217,18,0,0
BRDA:217,18,1,0
BRDA:254,19,0,0
BRDA:275,20,0,0
BRDA:275,20,1,0
BRDA:278,21,0,0
BRDA:278,21,1,0
BRDA:283,22,0,0
BRDA:283,22,1,0
BRDA:285,23,0,0
BRDA:285,23,1,0
BRDA:287,24,0,0
BRDA:287,24,1,0
BRDA:294,25,0,0
BRDA:294,25,1,0
BRDA:296,26,0,0
BRDA:296,27,0,0
BRDA:296,27,1,0
BRDA:317,28,0,0
BRDA:323,29,0,0
BRDA:323,29,1,0
BRDA:325,30,0,0
BRDA:325,30,1,0
BRDA:327,31,0,0
BRDA:327,31,1,0
BRDA:347,32,0,0
BRDA:347,32,1,0
BRDA:348,33,0,0
BRDA:348,33,1,0
BRDA:362,34,0,0
BRDA:372,35,0,0
BRDA:372,35,1,0
BRDA:372,35,2,0
BRDA:372,35,3,0
BRF:74
BRH:0
end_of_record
TN:
SF:src/services/reputationService.ts
FN:59,(anonymous_7)
FN:60,(anonymous_8)
FN:283,(anonymous_9)
FN:343,(anonymous_10)
FN:364,(anonymous_11)
FN:434,(anonymous_12)
FN:479,(anonymous_14)
FN:484,(anonymous_15)
FN:490,(anonymous_16)
FN:492,(anonymous_17)
FN:505,(anonymous_18)
FN:526,(anonymous_19)
FNF:12
FNH:0
FNDA:0,(anonymous_7)
FNDA:0,(anonymous_8)
FNDA:0,(anonymous_9)
FNDA:0,(anonymous_10)
FNDA:0,(anonymous_11)
FNDA:0,(anonymous_12)
FNDA:0,(anonymous_14)
FNDA:0,(anonymous_15)
FNDA:0,(anonymous_16)
FNDA:0,(anonymous_17)
FNDA:0,(anonymous_18)
FNDA:0,(anonymous_19)
DA:30,0
DA:32,0
DA:40,0
DA:48,0
DA:60,0
DA:68,0
DA:69,0
DA:70,0
DA:71,0
DA:74,0
DA:75,0
DA:76,0
DA:77,0
DA:83,0
DA:91,0
DA:92,0
DA:93,0
DA:94,0
DA:95,0
DA:97,0
DA:104,0
DA:105,0
DA:115,0
DA:116,0
DA:117,0
DA:118,0
DA:119,0
DA:125,0
DA:133,0
DA:134,0
DA:135,0
DA:145,0
DA:146,0
DA:147,0
DA:148,0
DA:156,0
DA:157,0
DA:158,0
DA:165,0
DA:166,0
DA:167,0
DA:173,0
DA:181,0
DA:182,0
DA:183,0
DA:184,0
DA:185,0
DA:188,0
DA:189,0
DA:190,0
DA:191,0
DA:194,0
DA:195,0
DA:196,0
DA:197,0
DA:251,0
DA:252,0
DA:256,0
DA:258,0
DA:259,0
DA:260,0
DA:261,0
DA:262,0
DA:263,0
DA:264,0
DA:266,0
DA:269,0
DA:289,0
DA:290,0
DA:291,0
DA:292,0
DA:295,0
DA:296,0
DA:297,0
DA:298,0
DA:299,0
DA:305,0
DA:310,0
DA:315,0
DA:316,0
DA:317,0
DA:326,0
DA:327,0
DA:328,0
DA:329,0
DA:330,0
DA:331,0
DA:337,0
DA:342,0
DA:343,0
DA:344,0
DA:345,0
DA:351,0
DA:358,0
DA:369,0
DA:370,0
DA:371,0
DA:374,0
DA:375,0
DA:376,0
DA:377,0
DA:383,0
DA:388,0
DA:393,0
DA:394,0
DA:395,0
DA:396,0
DA:405,0
DA:406,0
DA:407,0
DA:408,0
DA:409,0
DA:418,0
DA:419,0
DA:420,0
DA:428,0
DA:439,0
DA:440,0
DA:441,0
DA:444,0
DA:445,0
DA:446,0
DA:452,0
DA:459,0
DA:460,0
DA:461,0
DA:462,0
DA:468,0
DA:473,0
DA:480,0
DA:483,0
DA:484,0
DA:491,0
DA:492,0
DA:493,0
DA:494,0
DA:495,0
DA:497,0
DA:498,0
DA:506,0
DA:508,0
DA:509,0
DA:511,0
DA:513,0
DA:515,0
DA:517,0
DA:519,0
DA:527,0
DA:529,0
DA:531,0
DA:533,0
DA:535,0
DA:537,0
LF:153
LH:0
BRDA:66,0,0,0
BRDA:74,1,0,0
BRDA:91,2,0,0
BRDA:92,3,0,0
BRDA:104,4,0,0
BRDA:115,5,0,0
BRDA:116,6,0,0
BRDA:133,7,0,0
BRDA:133,8,0,0
BRDA:133,8,1,0
BRDA:145,9,0,0
BRDA:145,9,1,0
BRDA:146,10,0,0
BRDA:156,11,0,0
BRDA:165,12,0,0
BRDA:256,13,0,0
BRDA:256,13,1,0
BRDA:259,14,0,0
BRDA:259,14,1,0
BRDA:261,15,0,0
BRDA:261,15,1,0
BRDA:263,16,0,0
BRDA:263,16,1,0
BRDA:296,17,0,0
BRDA:315,18,0,0
BRDA:329,19,0,0
BRDA:343,20,0,0
BRDA:375,21,0,0
BRDA:393,22,0,0
BRDA:393,22,1,0
BRDA:394,23,0,0
BRDA:406,24,0,0
BRDA:406,24,1,0
BRDA:407,25,0,0
BRDA:418,26,0,0
BRDA:444,27,0,0
BRDA:460,28,0,0
BRDA:494,29,0,0
BRDA:506,30,0,0
BRDA:506,30,1,0
BRDA:506,30,2,0
BRDA:506,30,3,0
BRDA:506,30,4,0
BRDA:508,31,0,0
BRDA:527,32,0,0
BRDA:527,32,1,0
BRDA:527,32,2,0
BRDA:527,32,3,0
BRDA:527,32,4,0
BRF:49
BRH:0
end_of_record
TN:
SF:src/services/resourceMonitor.ts
FN:62,(anonymous_0)
FN:77,(anonymous_1)
FN:97,(anonymous_2)
FN:117,(anonymous_3)
FN:137,(anonymous_4)
FN:166,(anonymous_5)
FN:202,(anonymous_6)
FN:306,(anonymous_7)
FN:330,(anonymous_8)
FN:332,(anonymous_9)
FN:335,(anonymous_10)
FN:337,(anonymous_11)
FN:352,(anonymous_12)
FN:360,(anonymous_13)
FN:379,(anonymous_14)
FNF:15
FNH:0
FNDA:0,(anonymous_0)
FNDA:0,(anonymous_1)
FNDA:0,(anonymous_2)
FNDA:0,(anonymous_3)
FNDA:0,(anonymous_4)
FNDA:0,(anonymous_5)
FNDA:0,(anonymous_6)
FNDA:0,(anonymous_7)
FNDA:0,(anonymous_8)
FNDA:0,(anonymous_9)
FNDA:0,(anonymous_10)
FNDA:0,(anonymous_11)
FNDA:0,(anonymous_12)
FNDA:0,(anonymous_13)
FNDA:0,(anonymous_14)
DA:28,0
DA:30,0
DA:43,0
DA:63,0
DA:64,0
DA:66,0
DA:67,0
DA:68,0
DA:69,0
DA:71,0
DA:74,0
DA:75,0
DA:77,0
DA:78,0
DA:79,0
DA:80,0
DA:81,0
DA:82,0
DA:84,0
DA:85,0
DA:87,0
DA:88,0
DA:94,0
DA:95,0
DA:97,0
DA:98,0
DA:99,0
DA:100,0
DA:101,0
DA:102,0
DA:104,0
DA:105,0
DA:107,0
DA:108,0
DA:114,0
DA:115,0
DA:117,0
DA:118,0
DA:119,0
DA:120,0
DA:121,0
DA:122,0
DA:124,0
DA:125,0
DA:127,0
DA:128,0
DA:134,0
DA:135,0
DA:137,0
DA:138,0
DA:139,0
DA:140,0
DA:141,0
DA:142,0
DA:144,0
DA:145,0
DA:147,0
DA:148,0
DA:154,0
DA:155,0
DA:157,0
DA:158,0
DA:159,0
DA:160,0
DA:165,0
DA:166,0
DA:167,0
DA:168,0
DA:169,0
DA:170,0
DA:171,0
DA:176,0
DA:179,0
DA:182,0
DA:189,0
DA:212,0
DA:213,0
DA:214,0
DA:215,0
DA:221,0
DA:224,0
DA:225,0
DA:234,0
DA:235,0
DA:239,0
DA:240,0
DA:243,0
DA:244,0
DA:245,0
DA:246,0
DA:247,0
DA:252,0
DA:253,0
DA:254,0
DA:258,0
DA:259,0
DA:260,0
DA:261,0
DA:265,0
DA:266,0
DA:267,0
DA:271,0
DA:272,0
DA:273,0
DA:277,0
DA:278,0
DA:287,0
DA:290,0
DA:312,0
DA:313,0
DA:316,0
DA:317,0
DA:318,0
DA:320,0
DA:321,0
DA:324,0
DA:332,0
DA:333,0
DA:335,0
DA:336,0
DA:337,0
DA:338,0
DA:339,0
DA:342,0
DA:343,0
DA:351,0
DA:352,0
DA:353,0
DA:354,0
DA:360,0
DA:361,0
DA:362,0
DA:366,0
DA:369,0
DA:373,0
DA:380,0
DA:381,0
DA:383,0
DA:385,0
DA:387,0
DA:389,0
DA:391,0
LF:142
LH:0
BRDA:79,0,0,0
BRDA:79,1,0,0
BRDA:79,1,1,0
BRDA:81,2,0,0
BRDA:84,3,0,0
BRDA:87,4,0,0
BRDA:99,5,0,0
BRDA:99,6,0,0
BRDA:99,6,1,0
BRDA:101,7,0,0
BRDA:104,8,0,0
BRDA:107,9,0,0
BRDA:119,10,0,0
BRDA:119,11,0,0
BRDA:119,11,1,0
BRDA:121,12,0,0
BRDA:124,13,0,0
BRDA:127,14,0,0
BRDA:139,15,0,0
BRDA:139,16,0,0
BRDA:139,16,1,0
BRDA:141,17,0,0
BRDA:144,18,0,0
BRDA:147,19,0,0
BRDA:158,20,0,0
BRDA:167,21,0,0
BRDA:167,21,1,0
BRDA:167,21,2,0
BRDA:167,21,3,0
BRDA:224,22,0,0
BRDA:224,23,0,0
BRDA:224,23,1,0
BRDA:234,24,0,0
BRDA:234,25,0,0
BRDA:234,25,1,0
BRDA:244,26,0,0
BRDA:252,27,0,0
BRDA:258,28,0,0
BRDA:258,28,1,0
BRDA:259,29,0,0
BRDA:261,30,0,0
BRDA:261,30,1,0
BRDA:265,31,0,0
BRDA:267,32,0,0
BRDA:267,32,1,0
BRDA:271,33,0,0
BRDA:271,34,0,0
BRDA:271,34,1,0
BRDA:273,35,0,0
BRDA:273,35,1,0
BRDA:277,36,0,0
BRDA:312,37,0,0
BRDA:312,38,0,0
BRDA:312,38,1,0
BRDA:317,39,0,0
BRDA:320,40,0,0
BRDA:336,41,0,0
BRDA:338,42,0,0
BRDA:342,43,0,0
BRDA:342,44,0,0
BRDA:342,44,1,0
BRDA:351,45,0,0
BRDA:361,46,0,0
BRDA:361,46,1,0
BRDA:381,47,0,0
BRDA:381,47,1,0
BRDA:381,47,2,0
BRDA:381,47,3,0
BRDA:381,47,4,0
BRF:69
BRH:0
end_of_record
TN:
SF:src/services/sitemapService.ts
FN:21,(anonymous_7)
FN:71,(anonymous_9)
FN:112,(anonymous_11)
FN:133,(anonymous_13)
FN:154,(anonymous_14)
FN:184,(anonymous_15)
FN:190,(anonymous_17)
FN:220,(anonymous_18)
FN:242,(anonymous_19)
FN:250,(anonymous_20)
FN:262,(anonymous_21)
FN:274,(anonymous_22)
FNF:12
FNH:0
FNDA:0,(anonymous_7)
FNDA:0,(anonymous_9)
FNDA:0,(anonymous_11)
FNDA:0,(anonymous_13)
FNDA:0,(anonymous_14)
FNDA:0,(anonymous_15)
FNDA:0,(anonymous_17)
FNDA:0,(anonymous_18)
FNDA:0,(anonymous_19)
FNDA:0,(anonymous_20)
FNDA:0,(anonymous_21)
FNDA:0,(anonymous_22)
DA:16,0
DA:25,0
DA:33,0
DA:34,0
DA:35,0
DA:36,0
DA:37,0
DA:38,0
DA:39,0
DA:40,0
DA:41,0
DA:45,0
DA:46,0
DA:47,0
DA:48,0
DA:49,0
DA:50,0
DA:51,0
DA:52,0
DA:53,0
DA:54,0
DA:58,0
DA:59,0
DA:60,0
DA:61,0
DA:62,0
DA:63,0
DA:65,0
DA:72,0
DA:80,0
DA:81,0
DA:82,0
DA:83,0
DA:84,0
DA:85,0
DA:86,0
DA:90,0
DA:91,0
DA:92,0
DA:93,0
DA:94,0
DA:95,0
DA:96,0
DA:97,0
DA:101,0
DA:102,0
DA:103,0
DA:104,0
DA:106,0
DA:113,0
DA:124,0
DA:125,0
DA:127,0
DA:128,0
DA:130,0
DA:132,0
DA:133,0
DA:135,0
DA:143,0
DA:145,0
DA:146,0
DA:150,0
DA:151,0
DA:152,0
DA:153,0
DA:154,0
DA:156,0
DA:164,0
DA:166,0
DA:167,0
DA:178,0
DA:185,0
DA:187,0
DA:188,0
DA:189,0
DA:190,0
DA:192,0
DA:199,0
DA:201,0
DA:202,0
DA:203,0
DA:205,0
DA:206,0
DA:214,0
DA:221,0
DA:222,0
DA:224,0
DA:225,0
DA:226,0
DA:228,0
DA:229,0
DA:230,0
DA:231,0
DA:236,0
DA:243,0
DA:244,0
DA:251,0
DA:254,0
DA:263,0
DA:264,0
DA:265,0
DA:267,0
DA:275,0
DA:276,0
DA:279,0
DA:281,0
DA:283,0
DA:285,0
DA:287,0
LF:109
LH:0
BRDA:33,0,0,0
BRDA:33,0,1,0
BRDA:33,1,0,0
BRDA:33,1,1,0
BRDA:35,2,0,0
BRDA:40,3,0,0
BRDA:40,3,1,0
BRDA:40,4,0,0
BRDA:40,4,1,0
BRDA:45,5,0,0
BRDA:45,5,1,0
BRDA:45,6,0,0
BRDA:45,6,1,0
BRDA:47,7,0,0
BRDA:53,8,0,0
BRDA:53,8,1,0
BRDA:53,9,0,0
BRDA:53,9,1,0
BRDA:58,10,0,0
BRDA:58,10,1,0
BRDA:58,11,0,0
BRDA:58,11,1,0
BRDA:63,12,0,0
BRDA:63,12,1,0
BRDA:63,13,0,0
BRDA:63,13,1,0
BRDA:81,14,0,0
BRDA:91,15,0,0
BRDA:145,16,0,0
BRDA:145,17,0,0
BRDA:145,17,1,0
BRDA:150,18,0,0
BRDA:150,18,1,0
BRDA:150,19,0,0
BRDA:150,19,1,0
BRDA:166,20,0,0
BRDA:166,21,0,0
BRDA:166,21,1,0
BRDA:201,22,0,0
BRDA:205,23,0,0
BRDA:228,24,0,0
BRDA:230,25,0,0
BRDA:251,26,0,0
BRDA:251,26,1,0
BRDA:254,27,0,0
BRDA:254,27,1,0
BRDA:254,27,2,0
BRDA:275,28,0,0
BRDA:279,29,0,0
BRDA:279,29,1,0
BRDA:279,29,2,0
BRDA:279,29,3,0
BRF:52
BRH:0
end_of_record
TN:
SF:src/utils/logger.ts
FN:7,(anonymous_0)
FN:13,(anonymous_1)
FN:19,(anonymous_2)
FN:24,(anonymous_3)
FNF:4
FNH:2
FNDA:20,(anonymous_0)
FNDA:1,(anonymous_1)
FNDA:0,(anonymous_2)
FNDA:0,(anonymous_3)
DA:4,1
DA:6,1
DA:8,20
DA:9,20
DA:14,1
DA:15,1
DA:21,0
DA:25,0
DA:26,0
DA:31,1
LF:10
LH:7
BRDA:8,0,0,20
BRDA:14,1,0,1
BRDA:25,2,0,0
BRF:3
BRH:2
end_of_record
TN:
SF:src/utils/utils.ts
FN:6,extractDomainRaw
FN:20,extractActualUrl
FN:44,extractDomain
FN:67,sanitizeUrl
FN:85,isValidUrl
FNF:5
FNH:0
FNDA:0,extractDomainRaw
FNDA:0,extractActualUrl
FNDA:0,extractDomain
FNDA:0,sanitizeUrl
FNDA:0,isValidUrl
DA:6,0
DA:7,0
DA:8,0
DA:13,0
DA:14,0
DA:17,0
DA:20,0
DA:21,0
DA:22,0
DA:25,0
DA:27,0
DA:28,0
DA:29,0
DA:31,0
DA:32,0
DA:36,0
DA:37,0
DA:40,0
DA:44,0
DA:45,0
DA:46,0
DA:49,0
DA:50,0
DA:53,0
DA:56,0
DA:58,0
DA:61,0
DA:62,0
DA:63,0
DA:67,0
DA:68,0
DA:69,0
DA:72,0
DA:73,0
DA:75,0
DA:76,0
DA:79,0
DA:81,0
DA:85,0
DA:86,0
DA:87,0
DA:88,0
DA:90,0
LF:43
LH:0
BRDA:7,0,0,0
BRDA:7,1,0,0
BRDA:7,1,1,0
BRDA:14,2,0,0
BRDA:14,2,1,0
BRDA:21,3,0,0
BRDA:21,4,0,0
BRDA:21,4,1,0
BRDA:28,5,0,0
BRDA:45,6,0,0
BRDA:45,7,0,0
BRDA:45,7,1,0
BRDA:50,8,0,0
BRDA:50,8,1,0
BRDA:62,9,0,0
BRDA:62,9,1,0
BRDA:68,10,0,0
BRDA:68,11,0,0
BRDA:68,11,1,0
BRDA:75,12,0,0
BRF:20
BRH:0
end_of_record
