TN:
SF:src/services/apiservice.ts
FN:15,(anonymous_8)
FN:17,(anonymous_9)
FN:24,(anonymous_10)
FN:42,(anonymous_11)
FN:51,(anonymous_12)
FN:55,(anonymous_13)
FN:59,(anonymous_14)
FN:107,(anonymous_16)
FN:116,(anonymous_17)
FN:122,checkUrlInSupabase
FNF:10
FNH:10
FNDA:1,(anonymous_8)
FNDA:19,(anonymous_9)
FNDA:6,(anonymous_10)
FNDA:8,(anonymous_11)
FNDA:7,(anonymous_12)
FNDA:4,(anonymous_13)
FNDA:9,(anonymous_14)
FNDA:3,(anonymous_16)
FNDA:8,(anonymous_17)
FNDA:9,checkUrlInSupabase
DA:1,1
DA:2,1
DA:11,1
DA:12,1
DA:13,1
DA:18,19
DA:19,1
DA:21,19
DA:25,6
DA:26,3
DA:27,3
DA:29,3
DA:30,1
DA:33,2
DA:34,1
DA:37,1
DA:39,4
DA:43,8
DA:44,8
DA:45,7
DA:47,1
DA:52,7
DA:56,4
DA:60,9
DA:61,1
DA:64,8
DA:65,1
DA:68,7
DA:69,7
DA:71,7
DA:72,1
DA:75,6
DA:76,6
DA:77,4
DA:82,4
DA:83,1
DA:84,1
DA:87,3
DA:90,3
DA:96,3
DA:98,3
DA:100,3
DA:101,3
DA:103,0
DA:108,3
DA:109,3
DA:110,3
DA:111,0
DA:117,8
DA:122,1
DA:123,9
DA:124,9
DA:128,1
LF:53
LH:51
BRDA:18,0,0,1
BRDA:25,1,0,3
BRDA:29,2,0,1
BRDA:29,3,0,3
BRDA:29,3,1,2
BRDA:33,4,0,1
BRDA:60,5,0,1
BRDA:60,6,0,9
BRDA:60,6,1,8
BRDA:64,7,0,1
BRDA:71,8,0,1
BRDA:71,9,0,7
BRDA:71,9,1,1
BRDA:82,10,0,1
BRDA:87,11,0,3
BRDA:87,11,1,3
BRDA:100,12,0,3
BRDA:110,13,0,0
BRF:18
BRH:17
end_of_record
TN:
SF:src/services/certificateAnalysisService.ts
FN:46,(anonymous_8)
FN:67,(anonymous_10)
FN:75,(anonymous_11)
FN:98,(anonymous_12)
FN:115,(anonymous_13)
FN:164,(anonymous_14)
FN:191,(anonymous_15)
FNF:7
FNH:6
FNDA:6,(anonymous_8)
FNDA:5,(anonymous_10)
FNDA:0,(anonymous_11)
FNDA:1,(anonymous_12)
FNDA:7,(anonymous_13)
FNDA:2,(anonymous_14)
FNDA:3,(anonymous_15)
DA:4,1
DA:28,1
DA:29,1
DA:30,1
DA:31,1
DA:32,1
DA:35,1
DA:47,6
DA:60,6
DA:62,6
DA:63,6
DA:64,6
DA:65,5
DA:66,5
DA:67,5
DA:69,6
DA:71,6
DA:74,6
DA:75,6
DA:77,6
DA:81,6
DA:83,6
DA:84,1
DA:85,1
DA:88,5
DA:90,5
DA:91,1
DA:92,1
DA:95,4
DA:98,4
DA:99,1
DA:100,1
DA:101,1
DA:105,4
DA:106,4
DA:107,4
DA:108,4
DA:109,4
DA:111,4
DA:112,4
DA:115,4
DA:116,7
DA:120,4
DA:121,4
DA:123,4
DA:124,1
DA:125,1
DA:126,3
DA:127,3
DA:128,3
DA:131,4
DA:132,3
DA:133,3
DA:136,4
DA:138,4
DA:152,0
DA:153,0
DA:154,0
DA:156,0
DA:157,0
DA:165,2
DA:166,1
DA:169,1
DA:171,1
DA:172,1
DA:173,0
DA:174,0
DA:176,0
DA:179,1
DA:180,1
DA:182,0
DA:185,1
DA:196,3
DA:200,1
DA:204,2
DA:207,1
DA:210,1
LF:77
LH:68
BRDA:64,0,0,5
BRDA:83,1,0,1
BRDA:90,2,0,1
BRDA:90,3,0,5
BRDA:90,3,1,5
BRDA:101,4,0,1
BRDA:101,4,1,0
BRDA:123,5,0,1
BRDA:123,5,1,3
BRDA:126,6,0,3
BRDA:131,7,0,3
BRDA:131,8,0,4
BRDA:131,8,1,3
BRDA:152,9,0,0
BRDA:157,10,0,0
BRDA:157,10,1,0
BRDA:165,11,0,1
BRDA:165,12,0,2
BRDA:165,12,1,1
BRDA:171,13,0,1
BRDA:171,13,1,0
BRDA:173,14,0,0
BRDA:173,14,1,0
BRDA:179,15,0,1
BRDA:179,15,1,0
BRDA:196,16,0,1
BRDA:196,17,0,3
BRDA:196,17,1,1
BRDA:196,17,2,1
BRDA:196,17,3,1
BRDA:204,18,0,1
BRDA:204,19,0,2
BRDA:204,19,1,1
BRDA:204,19,2,1
BRF:34
BRH:26
end_of_record
TN:
SF:src/services/domainInfoService.ts
FN:17,(anonymous_8)
FN:36,(anonymous_10)
FN:50,(anonymous_12)
FN:72,(anonymous_14)
FN:78,(anonymous_15)
FN:109,(anonymous_16)
FN:119,(anonymous_17)
FN:146,(anonymous_18)
FN:161,(anonymous_19)
FN:180,(anonymous_20)
FN:190,(anonymous_21)
FNF:11
FNH:10
FNDA:10,(anonymous_8)
FNDA:2,(anonymous_10)
FNDA:9,(anonymous_12)
FNDA:10,(anonymous_14)
FNDA:1,(anonymous_15)
FNDA:0,(anonymous_16)
FNDA:10,(anonymous_17)
FNDA:12,(anonymous_18)
FNDA:7,(anonymous_19)
FNDA:1,(anonymous_20)
FNDA:7,(anonymous_21)
DA:3,1
DA:5,1
DA:6,1
DA:7,1
DA:8,1
DA:11,1
DA:12,1
DA:19,10
DA:20,10
DA:21,1
DA:24,9
DA:25,9
DA:26,9
DA:27,9
DA:29,0
DA:37,2
DA:40,2
DA:41,1
DA:43,1
DA:52,9
DA:53,0
DA:57,9
DA:64,9
DA:65,11
DA:67,11
DA:68,11
DA:69,11
DA:70,10
DA:71,10
DA:72,10
DA:74,11
DA:77,11
DA:78,11
DA:80,11
DA:89,10
DA:91,10
DA:92,7
DA:93,7
DA:98,3
DA:103,2
DA:110,0
DA:120,10
DA:123,10
DA:124,5
DA:128,10
DA:129,10
DA:130,4
DA:134,10
DA:135,10
DA:136,2
DA:139,10
DA:147,12
DA:148,7
DA:150,5
DA:151,5
DA:152,1
DA:154,4
DA:155,4
DA:162,7
DA:164,7
DA:165,7
DA:167,7
DA:181,1
DA:194,7
DA:195,7
DA:198,7
DA:199,1
DA:200,1
DA:201,6
DA:202,2
DA:203,1
DA:204,1
DA:209,7
DA:210,1
DA:211,1
DA:214,7
DA:215,1
DA:216,1
DA:219,7
DA:220,1
DA:221,1
DA:224,7
LF:82
LH:79
BRDA:20,0,0,1
BRDA:20,1,0,10
BRDA:20,1,1,1
BRDA:52,2,0,0
BRDA:69,3,0,10
BRDA:91,4,0,7
BRDA:123,5,0,5
BRDA:123,6,0,10
BRDA:123,6,1,5
BRDA:124,7,0,5
BRDA:124,7,1,0
BRDA:128,8,0,10
BRDA:128,8,1,9
BRDA:128,8,2,9
BRDA:128,8,3,9
BRDA:129,9,0,4
BRDA:134,10,0,10
BRDA:134,10,1,10
BRDA:134,10,2,10
BRDA:134,10,3,10
BRDA:135,11,0,2
BRDA:147,12,0,7
BRDA:151,13,0,1
BRDA:165,14,0,7
BRDA:165,14,1,2
BRDA:198,15,0,1
BRDA:198,15,1,6
BRDA:198,16,0,4
BRDA:198,16,1,3
BRDA:198,17,0,7
BRDA:198,17,1,7
BRDA:201,18,0,2
BRDA:201,19,0,4
BRDA:201,19,1,2
BRDA:201,20,0,6
BRDA:201,20,1,6
BRDA:202,21,0,1
BRDA:209,22,0,1
BRDA:209,23,0,4
BRDA:209,23,1,3
BRDA:209,24,0,7
BRDA:209,24,1,7
BRDA:214,25,0,1
BRDA:214,26,0,4
BRDA:214,26,1,3
BRDA:214,27,0,7
BRDA:214,27,1,7
BRDA:219,28,0,1
BRDA:219,29,0,7
BRDA:219,29,1,1
BRDA:219,30,0,4
BRDA:219,30,1,3
BRDA:219,31,0,7
BRDA:219,31,1,7
BRF:54
BRH:52
end_of_record
TN:
SF:src/services/homographDetector.ts
FN:100,(anonymous_0)
FN:187,(anonymous_1)
FN:200,(anonymous_2)
FN:209,(anonymous_3)
FN:218,(anonymous_4)
FN:221,(anonymous_5)
FN:228,(anonymous_6)
FN:239,(anonymous_7)
FN:290,(anonymous_8)
FN:291,(anonymous_9)
FN:315,(anonymous_10)
FN:327,(anonymous_11)
FN:347,(anonymous_12)
FNF:13
FNH:13
FNDA:135,(anonymous_0)
FNDA:127,(anonymous_1)
FNDA:127,(anonymous_2)
FNDA:127,(anonymous_3)
FNDA:293,(anonymous_4)
FNDA:127,(anonymous_5)
FNDA:127,(anonymous_6)
FNDA:129,(anonymous_7)
FNDA:12002,(anonymous_8)
FNDA:95290,(anonymous_9)
FNDA:12001,(anonymous_10)
FNDA:11996,(anonymous_11)
FNDA:1,(anonymous_12)
DA:13,2
DA:15,2
DA:49,2
DA:63,2
DA:101,135
DA:102,8
DA:106,127
DA:111,127
DA:112,127
DA:113,127
DA:116,127
DA:117,127
DA:118,2
DA:119,2
DA:123,127
DA:124,127
DA:125,3
DA:126,3
DA:130,127
DA:131,127
DA:132,106
DA:133,106
DA:137,127
DA:138,127
DA:139,105
DA:140,105
DA:144,127
DA:145,127
DA:146,2
DA:147,2
DA:151,127
DA:152,127
DA:153,9
DA:154,9
DA:158,127
DA:159,127
DA:160,6
DA:161,6
DA:166,127
DA:167,105
DA:168,22
DA:169,3
DA:171,19
DA:174,127
DA:188,127
DA:189,127
DA:190,127
DA:191,127
DA:192,127
DA:194,127
DA:197,127
DA:201,127
DA:202,2217
DA:203,106
DA:206,21
DA:211,127
DA:218,293
DA:223,127
DA:224,127
DA:225,127
DA:230,127
DA:231,127
DA:232,127
DA:234,127
DA:240,129
DA:241,129
DA:242,2
DA:244,127
DA:246,127
DA:247,12003
DA:248,12003
DA:249,0
DA:251,12003
DA:254,12003
DA:255,1
DA:259,12002
DA:260,12002
DA:265,12002
DA:266,12002
DA:268,12002
DA:269,1
DA:273,12001
DA:274,12001
DA:275,5
DA:279,11996
DA:280,11996
DA:281,12292
DA:282,0
DA:287,121
DA:291,95290
DA:293,12002
DA:294,226376
DA:297,12002
DA:298,95290
DA:301,12002
DA:302,83288
DA:303,1487634
DA:304,1487634
DA:312,12002
DA:316,12001
DA:317,12001
DA:318,1524127
DA:320,12001
DA:328,11996
DA:331,11996
DA:332,119960
DA:335,119960
DA:337,296
DA:338,296
DA:339,296
DA:344,11996
DA:348,1
DA:349,0
DA:352,1
DA:353,1
DA:355,1
LF:116
LH:113
BRDA:101,0,0,8
BRDA:101,1,0,135
BRDA:101,1,1,130
BRDA:117,2,0,2
BRDA:124,3,0,3
BRDA:131,4,0,106
BRDA:138,5,0,105
BRDA:145,6,0,2
BRDA:152,7,0,9
BRDA:159,8,0,6
BRDA:166,9,0,105
BRDA:166,9,1,22
BRDA:168,10,0,3
BRDA:168,10,1,19
BRDA:202,11,0,106
BRDA:224,12,0,127
BRDA:224,12,1,122
BRDA:234,13,0,127
BRDA:234,13,1,120
BRDA:234,13,2,118
BRDA:241,14,0,2
BRDA:241,15,0,129
BRDA:241,15,1,129
BRDA:248,16,0,0
BRDA:248,17,0,12003
BRDA:248,17,1,12003
BRDA:254,18,0,1
BRDA:266,19,0,5819
BRDA:266,19,1,6183
BRDA:268,20,0,1
BRDA:268,21,0,12002
BRDA:268,21,1,1
BRDA:274,22,0,5
BRDA:281,23,0,0
BRDA:303,24,0,114426
BRDA:303,24,1,1373208
BRDA:335,25,0,296
BRDA:348,26,0,0
BRF:38
BRH:35
end_of_record
TN:
SF:src/services/realtimeApiService.ts
FN:39,(anonymous_8)
FN:44,(anonymous_10)
FN:45,(anonymous_11)
FN:46,(anonymous_12)
FN:51,(anonymous_13)
FN:51,(anonymous_14)
FN:69,(anonymous_15)
FN:87,(anonymous_16)
FN:119,(anonymous_17)
FN:129,(anonymous_18)
FN:155,(anonymous_19)
FN:168,(anonymous_21)
FN:181,(anonymous_23)
FN:194,(anonymous_25)
FN:195,(anonymous_26)
FN:196,(anonymous_27)
FN:205,(anonymous_28)
FN:219,(anonymous_29)
FN:220,(anonymous_30)
FN:239,(anonymous_31)
FN:240,(anonymous_32)
FN:241,(anonymous_33)
FN:244,(anonymous_34)
FN:246,(anonymous_35)
FN:286,(anonymous_36)
FN:307,(anonymous_37)
FN:308,(anonymous_38)
FN:327,(anonymous_39)
FNF:28
FNH:28
FNDA:5,(anonymous_8)
FNDA:5,(anonymous_10)
FNDA:5,(anonymous_11)
FNDA:5,(anonymous_12)
FNDA:15,(anonymous_13)
FNDA:15,(anonymous_14)
FNDA:15,(anonymous_15)
FNDA:32,(anonymous_16)
FNDA:162,(anonymous_17)
FNDA:226,(anonymous_18)
FNDA:7,(anonymous_19)
FNDA:7,(anonymous_21)
FNDA:6,(anonymous_23)
FNDA:16,(anonymous_25)
FNDA:16,(anonymous_26)
FNDA:16,(anonymous_27)
FNDA:1,(anonymous_28)
FNDA:12,(anonymous_29)
FNDA:26,(anonymous_30)
FNDA:26,(anonymous_31)
FNDA:26,(anonymous_32)
FNDA:26,(anonymous_33)
FNDA:26,(anonymous_34)
FNDA:26,(anonymous_35)
FNDA:4,(anonymous_36)
FNDA:1,(anonymous_37)
FNDA:1,(anonymous_38)
FNDA:4,(anonymous_39)
DA:7,2
DA:32,2
DA:33,2
DA:34,2
DA:40,5
DA:43,5
DA:44,5
DA:45,5
DA:46,5
DA:51,15
DA:52,15
DA:53,15
DA:57,15
DA:59,0
DA:60,0
DA:65,5
DA:66,5
DA:69,5
DA:70,15
DA:71,15
DA:73,0
DA:74,0
DA:78,5
DA:80,5
DA:88,32
DA:89,32
DA:90,32
DA:92,32
DA:95,32
DA:98,4
DA:99,4
DA:100,4
DA:101,28
DA:103,1
DA:104,1
DA:105,1
DA:106,27
DA:108,0
DA:109,0
DA:110,0
DA:111,27
DA:113,3
DA:114,3
DA:115,3
DA:118,24
DA:119,162
DA:120,24
DA:121,1
DA:122,1
DA:123,1
DA:126,23
DA:129,226
DA:130,23
DA:131,20
DA:132,20
DA:135,3
DA:136,3
DA:141,32
DA:156,7
DA:157,7
DA:158,7
DA:159,7
DA:161,0
DA:169,7
DA:170,7
DA:171,7
DA:172,7
DA:174,0
DA:182,6
DA:183,6
DA:184,6
DA:185,6
DA:187,0
DA:195,16
DA:196,16
DA:197,16
DA:206,1
DA:220,26
DA:221,12
DA:222,12
DA:224,12
DA:225,2
DA:239,26
DA:240,26
DA:241,26
DA:244,26
DA:245,10
DA:246,26
DA:248,10
DA:253,10
DA:254,2
DA:255,8
DA:256,0
DA:257,8
DA:258,7
DA:260,1
DA:264,10
DA:265,1
DA:266,9
DA:267,1
DA:270,10
DA:287,4
DA:288,1
DA:291,3
DA:293,3
DA:294,1
DA:295,2
DA:296,1
DA:297,1
DA:298,1
DA:300,0
DA:308,1
DA:309,1
DA:317,1
DA:318,1
DA:320,1
DA:332,4
DA:333,1
DA:340,3
DA:342,3
DA:344,1
DA:351,1
DA:358,1
DA:365,0
LF:124
LH:111
BRDA:60,0,0,0
BRDA:60,0,1,0
BRDA:70,1,0,15
BRDA:70,1,1,0
BRDA:70,2,0,15
BRDA:70,2,1,15
BRDA:73,3,0,0
BRDA:73,3,1,0
BRDA:95,4,0,4
BRDA:95,4,1,28
BRDA:95,5,0,32
BRDA:95,5,1,30
BRDA:95,5,2,30
BRDA:95,5,3,29
BRDA:95,5,4,28
BRDA:101,6,0,1
BRDA:101,6,1,27
BRDA:106,7,0,0
BRDA:106,7,1,27
BRDA:111,8,0,3
BRDA:111,8,1,24
BRDA:111,9,0,27
BRDA:111,9,1,26
BRDA:111,9,2,25
BRDA:120,10,0,1
BRDA:120,10,1,23
BRDA:130,11,0,20
BRDA:130,11,1,3
BRDA:144,12,0,3
BRDA:144,12,1,29
BRDA:161,13,0,0
BRDA:161,13,1,0
BRDA:174,14,0,0
BRDA:174,14,1,0
BRDA:187,15,0,0
BRDA:187,15,1,0
BRDA:224,16,0,2
BRDA:245,17,0,10
BRDA:245,17,1,0
BRDA:248,18,0,10
BRDA:248,18,1,0
BRDA:253,19,0,2
BRDA:253,19,1,8
BRDA:255,20,0,0
BRDA:255,20,1,8
BRDA:257,21,0,7
BRDA:257,21,1,1
BRDA:264,22,0,1
BRDA:264,22,1,9
BRDA:266,23,0,1
BRDA:266,24,0,9
BRDA:266,24,1,3
BRDA:287,25,0,1
BRDA:293,26,0,1
BRDA:293,26,1,2
BRDA:295,27,0,1
BRDA:295,27,1,1
BRDA:297,28,0,1
BRDA:297,28,1,0
BRDA:317,29,0,1
BRDA:317,29,1,0
BRDA:318,30,0,1
BRDA:318,30,1,0
BRDA:332,31,0,1
BRDA:342,32,0,1
BRDA:342,32,1,1
BRDA:342,32,2,1
BRDA:342,32,3,0
BRF:68
BRH:49
end_of_record
TN:
SF:src/services/reputationService.ts
FN:59,(anonymous_7)
FN:60,(anonymous_8)
FN:283,(anonymous_9)
FN:343,(anonymous_10)
FN:364,(anonymous_11)
FN:434,(anonymous_12)
FN:479,(anonymous_14)
FN:484,(anonymous_15)
FN:490,(anonymous_16)
FN:492,(anonymous_17)
FN:505,(anonymous_18)
FN:526,(anonymous_19)
FNF:12
FNH:12
FNDA:20,(anonymous_7)
FNDA:20,(anonymous_8)
FNDA:20,(anonymous_9)
FNDA:115,(anonymous_10)
FNDA:20,(anonymous_11)
FNDA:20,(anonymous_12)
FNDA:2,(anonymous_14)
FNDA:4,(anonymous_15)
FNDA:20,(anonymous_16)
FNDA:20,(anonymous_17)
FNDA:5,(anonymous_18)
FNDA:4,(anonymous_19)
DA:30,2
DA:32,2
DA:40,2
DA:48,2
DA:60,20
DA:68,20
DA:69,20
DA:70,20
DA:71,20
DA:74,20
DA:75,4
DA:76,4
DA:77,4
DA:83,4
DA:91,20
DA:92,3
DA:93,2
DA:94,2
DA:95,2
DA:97,2
DA:104,2
DA:105,2
DA:115,20
DA:116,2
DA:117,1
DA:118,1
DA:119,1
DA:125,1
DA:133,2
DA:134,1
DA:135,1
DA:145,20
DA:146,2
DA:147,1
DA:148,1
DA:156,2
DA:157,1
DA:158,1
DA:165,18
DA:166,5
DA:167,5
DA:173,5
DA:181,20
DA:182,20
DA:183,20
DA:184,20
DA:185,20
DA:188,20
DA:189,20
DA:190,20
DA:191,20
DA:194,20
DA:195,20
DA:196,20
DA:197,20
DA:251,20
DA:252,20
DA:256,20
DA:258,4
DA:259,16
DA:260,6
DA:261,10
DA:262,0
DA:263,10
DA:264,2
DA:266,8
DA:269,20
DA:289,20
DA:290,20
DA:291,20
DA:292,20
DA:295,20
DA:296,72
DA:297,3
DA:298,3
DA:299,3
DA:305,3
DA:310,3
DA:315,20
DA:316,1
DA:317,1
DA:326,20
DA:327,20
DA:328,20
DA:329,120
DA:330,1
DA:331,1
DA:337,1
DA:342,20
DA:343,115
DA:344,1
DA:345,1
DA:351,1
DA:358,20
DA:369,20
DA:370,20
DA:371,20
DA:374,20
DA:375,236
DA:376,2
DA:377,2
DA:383,2
DA:388,2
DA:393,20
DA:394,20
DA:395,1
DA:396,1
DA:405,20
DA:406,20
DA:407,20
DA:408,1
DA:409,1
DA:418,20
DA:419,0
DA:420,0
DA:428,20
DA:439,20
DA:440,20
DA:441,20
DA:444,20
DA:445,2
DA:446,2
DA:452,2
DA:459,2
DA:460,8
DA:461,0
DA:462,0
DA:468,0
DA:473,20
DA:480,2
DA:483,2
DA:484,4
DA:491,20
DA:492,20
DA:493,20
DA:494,20
DA:495,1
DA:497,19
DA:498,19
DA:506,5
DA:508,2
DA:509,1
DA:511,1
DA:513,1
DA:515,1
DA:517,1
DA:519,0
DA:527,4
DA:529,1
DA:531,1
DA:533,1
DA:535,1
DA:537,0
LF:153
LH:145
BRDA:66,0,0,2
BRDA:74,1,0,4
BRDA:91,2,0,3
BRDA:92,3,0,2
BRDA:104,4,0,2
BRDA:115,5,0,2
BRDA:116,6,0,1
BRDA:133,7,0,1
BRDA:133,8,0,2
BRDA:133,8,1,2
BRDA:145,9,0,2
BRDA:145,9,1,18
BRDA:146,10,0,1
BRDA:156,11,0,1
BRDA:165,12,0,5
BRDA:256,13,0,4
BRDA:256,13,1,16
BRDA:259,14,0,6
BRDA:259,14,1,10
BRDA:261,15,0,0
BRDA:261,15,1,10
BRDA:263,16,0,2
BRDA:263,16,1,8
BRDA:296,17,0,3
BRDA:315,18,0,1
BRDA:329,19,0,1
BRDA:343,20,0,1
BRDA:375,21,0,2
BRDA:393,22,0,20
BRDA:393,22,1,0
BRDA:394,23,0,1
BRDA:406,24,0,20
BRDA:406,24,1,0
BRDA:407,25,0,1
BRDA:418,26,0,0
BRDA:444,27,0,2
BRDA:460,28,0,0
BRDA:494,29,0,1
BRDA:506,30,0,2
BRDA:506,30,1,1
BRDA:506,30,2,1
BRDA:506,30,3,1
BRDA:506,30,4,0
BRDA:508,31,0,1
BRDA:527,32,0,1
BRDA:527,32,1,1
BRDA:527,32,2,1
BRDA:527,32,3,1
BRDA:527,32,4,0
BRF:49
BRH:42
end_of_record
TN:
SF:src/services/resourceMonitor.ts
FN:62,(anonymous_0)
FN:77,(anonymous_1)
FN:97,(anonymous_2)
FN:117,(anonymous_3)
FN:137,(anonymous_4)
FN:166,(anonymous_5)
FN:202,(anonymous_6)
FN:306,(anonymous_7)
FN:330,(anonymous_8)
FN:332,(anonymous_9)
FN:335,(anonymous_10)
FN:337,(anonymous_11)
FN:352,(anonymous_12)
FN:360,(anonymous_13)
FN:379,(anonymous_14)
FNF:15
FNH:9
FNDA:12,(anonymous_0)
FNDA:5,(anonymous_1)
FNDA:12,(anonymous_2)
FNDA:2,(anonymous_3)
FNDA:1,(anonymous_4)
FNDA:7,(anonymous_5)
FNDA:19,(anonymous_6)
FNDA:12,(anonymous_7)
FNDA:0,(anonymous_8)
FNDA:0,(anonymous_9)
FNDA:0,(anonymous_10)
FNDA:0,(anonymous_11)
FNDA:0,(anonymous_12)
FNDA:0,(anonymous_13)
FNDA:4,(anonymous_14)
DA:28,1
DA:30,1
DA:43,1
DA:63,12
DA:64,12
DA:66,12
DA:67,12
DA:68,12
DA:69,12
DA:71,12
DA:74,12
DA:75,12
DA:77,12
DA:78,5
DA:79,5
DA:80,5
DA:81,5
DA:82,5
DA:84,5
DA:85,4
DA:87,5
DA:88,3
DA:94,12
DA:95,12
DA:97,12
DA:98,12
DA:99,12
DA:100,11
DA:101,11
DA:102,10
DA:104,11
DA:105,5
DA:107,11
DA:108,2
DA:114,12
DA:115,12
DA:117,12
DA:118,2
DA:119,2
DA:120,2
DA:121,2
DA:122,1
DA:124,2
DA:125,0
DA:127,2
DA:128,0
DA:134,12
DA:135,12
DA:137,12
DA:138,1
DA:139,1
DA:140,1
DA:141,1
DA:142,1
DA:144,1
DA:145,0
DA:147,1
DA:148,0
DA:154,12
DA:155,12
DA:157,12
DA:158,9
DA:159,7
DA:160,7
DA:165,12
DA:166,12
DA:167,7
DA:168,2
DA:169,4
DA:170,1
DA:171,0
DA:176,12
DA:179,12
DA:182,12
DA:189,12
DA:212,19
DA:213,19
DA:214,19
DA:215,19
DA:221,19
DA:224,19
DA:225,5
DA:234,19
DA:235,5
DA:239,14
DA:240,14
DA:243,14
DA:244,62
DA:245,8
DA:246,8
DA:247,8
DA:252,14
DA:253,2
DA:254,2
DA:258,14
DA:259,14
DA:260,1
DA:261,1
DA:265,14
DA:266,0
DA:267,0
DA:271,14
DA:272,0
DA:273,0
DA:277,14
DA:278,9
DA:287,14
DA:290,0
DA:312,12
DA:313,5
DA:316,7
DA:317,7
DA:318,6
DA:320,7
DA:321,4
DA:324,7
DA:332,0
DA:333,0
DA:335,0
DA:336,0
DA:337,0
DA:338,0
DA:339,0
DA:342,0
DA:343,0
DA:351,0
DA:352,0
DA:353,0
DA:354,0
DA:360,0
DA:361,0
DA:362,0
DA:366,0
DA:369,0
DA:373,0
DA:380,4
DA:381,4
DA:383,1
DA:385,2
DA:387,0
DA:389,0
DA:391,1
LF:142
LH:111
BRDA:79,0,0,5
BRDA:79,1,0,5
BRDA:79,1,1,5
BRDA:81,2,0,5
BRDA:84,3,0,4
BRDA:87,4,0,3
BRDA:99,5,0,11
BRDA:99,6,0,12
BRDA:99,6,1,12
BRDA:101,7,0,10
BRDA:104,8,0,5
BRDA:107,9,0,2
BRDA:119,10,0,2
BRDA:119,11,0,2
BRDA:119,11,1,2
BRDA:121,12,0,1
BRDA:124,13,0,0
BRDA:127,14,0,0
BRDA:139,15,0,1
BRDA:139,16,0,1
BRDA:139,16,1,1
BRDA:141,17,0,1
BRDA:144,18,0,0
BRDA:147,19,0,0
BRDA:158,20,0,7
BRDA:167,21,0,2
BRDA:167,21,1,4
BRDA:167,21,2,1
BRDA:167,21,3,0
BRDA:224,22,0,5
BRDA:224,23,0,19
BRDA:224,23,1,19
BRDA:234,24,0,5
BRDA:234,25,0,19
BRDA:234,25,1,17
BRDA:244,26,0,8
BRDA:252,27,0,2
BRDA:258,28,0,14
BRDA:258,28,1,0
BRDA:259,29,0,1
BRDA:261,30,0,1
BRDA:261,30,1,0
BRDA:265,31,0,0
BRDA:267,32,0,0
BRDA:267,32,1,0
BRDA:271,33,0,0
BRDA:271,34,0,14
BRDA:271,34,1,0
BRDA:273,35,0,0
BRDA:273,35,1,0
BRDA:277,36,0,9
BRDA:312,37,0,5
BRDA:312,38,0,12
BRDA:312,38,1,6
BRDA:317,39,0,6
BRDA:320,40,0,4
BRDA:336,41,0,0
BRDA:338,42,0,0
BRDA:342,43,0,0
BRDA:342,44,0,0
BRDA:342,44,1,0
BRDA:351,45,0,0
BRDA:361,46,0,0
BRDA:361,46,1,0
BRDA:381,47,0,1
BRDA:381,47,1,2
BRDA:381,47,2,0
BRDA:381,47,3,0
BRDA:381,47,4,1
BRF:69
BRH:45
end_of_record
TN:
SF:src/services/sitemapService.ts
FN:21,(anonymous_7)
FN:71,(anonymous_9)
FN:112,(anonymous_11)
FN:133,(anonymous_13)
FN:171,(anonymous_14)
FN:203,(anonymous_15)
FN:209,(anonymous_17)
FN:238,(anonymous_18)
FN:260,(anonymous_19)
FN:268,(anonymous_20)
FN:281,(anonymous_21)
FN:293,(anonymous_22)
FNF:12
FNH:9
FNDA:3,(anonymous_7)
FNDA:4,(anonymous_9)
FNDA:11,(anonymous_11)
FNDA:0,(anonymous_13)
FNDA:0,(anonymous_14)
FNDA:9,(anonymous_15)
FNDA:0,(anonymous_17)
FNDA:4,(anonymous_18)
FNDA:7,(anonymous_19)
FNDA:10,(anonymous_20)
FNDA:4,(anonymous_21)
FNDA:5,(anonymous_22)
DA:16,1
DA:25,3
DA:33,3
DA:34,3
DA:35,3
DA:36,1
DA:37,1
DA:38,1
DA:39,1
DA:40,1
DA:41,1
DA:45,2
DA:46,2
DA:47,2
DA:48,0
DA:49,0
DA:50,0
DA:51,0
DA:52,0
DA:53,0
DA:54,0
DA:58,2
DA:59,2
DA:60,2
DA:61,2
DA:62,2
DA:63,2
DA:65,2
DA:72,4
DA:80,4
DA:81,4
DA:82,1
DA:83,1
DA:84,1
DA:85,1
DA:86,1
DA:90,3
DA:91,3
DA:92,1
DA:93,1
DA:94,1
DA:95,1
DA:96,1
DA:97,1
DA:101,2
DA:102,2
DA:103,2
DA:104,2
DA:106,2
DA:113,11
DA:124,11
DA:125,11
DA:127,11
DA:128,88
DA:130,88
DA:132,88
DA:133,88
DA:135,88
DA:142,74
DA:144,74
DA:146,5
DA:147,5
DA:148,5
DA:149,0
DA:150,0
DA:151,0
DA:152,0
DA:153,0
DA:154,0
DA:155,0
DA:157,0
DA:159,5
DA:161,5
DA:162,4
DA:167,19
DA:168,1
DA:169,1
DA:170,1
DA:171,1
DA:173,1
DA:180,0
DA:182,0
DA:183,0
DA:184,0
DA:185,0
DA:197,11
DA:204,9
DA:206,9
DA:207,14
DA:208,14
DA:209,14
DA:211,14
DA:218,13
DA:220,13
DA:221,4
DA:222,4
DA:225,4
DA:232,5
DA:239,4
DA:240,4
DA:242,4
DA:243,16
DA:244,16
DA:246,16
DA:247,4
DA:248,4
DA:249,4
DA:254,4
DA:261,7
DA:262,7
DA:269,10
DA:270,1
DA:272,9
DA:273,9
DA:282,4
DA:283,4
DA:284,4
DA:286,0
DA:294,5
DA:295,1
DA:298,4
DA:300,1
DA:302,1
DA:304,1
DA:306,1
LF:125
LH:104
BRDA:33,0,0,1
BRDA:33,0,1,2
BRDA:33,1,0,3
BRDA:33,1,1,3
BRDA:35,2,0,1
BRDA:40,3,0,0
BRDA:40,3,1,1
BRDA:40,4,0,1
BRDA:40,4,1,1
BRDA:45,5,0,1
BRDA:45,5,1,1
BRDA:45,6,0,2
BRDA:45,6,1,2
BRDA:47,7,0,0
BRDA:53,8,0,0
BRDA:53,8,1,0
BRDA:53,9,0,0
BRDA:53,9,1,0
BRDA:58,10,0,1
BRDA:58,10,1,1
BRDA:58,11,0,2
BRDA:58,11,1,2
BRDA:63,12,0,1
BRDA:63,12,1,1
BRDA:63,13,0,2
BRDA:63,13,1,2
BRDA:81,14,0,1
BRDA:91,15,0,1
BRDA:144,16,0,5
BRDA:146,17,0,5
BRDA:146,17,1,0
BRDA:146,18,0,5
BRDA:146,18,1,5
BRDA:148,19,0,0
BRDA:148,19,1,5
BRDA:153,20,0,0
BRDA:161,21,0,4
BRDA:167,22,0,1
BRDA:167,22,1,18
BRDA:167,23,0,19
BRDA:167,23,1,1
BRDA:182,24,0,0
BRDA:184,25,0,0
BRDA:220,26,0,4
BRDA:246,27,0,4
BRDA:248,28,0,4
BRDA:269,29,0,1
BRDA:269,30,0,10
BRDA:269,30,1,9
BRDA:273,31,0,9
BRDA:273,31,1,5
BRDA:273,31,2,3
BRDA:273,31,3,0
BRDA:294,32,0,1
BRDA:298,33,0,1
BRDA:298,33,1,1
BRDA:298,33,2,1
BRDA:298,33,3,1
BRF:58
BRH:46
end_of_record
TN:
SF:src/utils/logger.ts
FN:7,(anonymous_0)
FN:13,(anonymous_1)
FN:19,(anonymous_2)
FN:24,(anonymous_3)
FNF:4
FNH:3
FNDA:30,(anonymous_0)
FNDA:1,(anonymous_1)
FNDA:1,(anonymous_2)
FNDA:0,(anonymous_3)
DA:4,6
DA:6,6
DA:8,30
DA:9,30
DA:14,1
DA:15,1
DA:21,1
DA:25,0
DA:26,0
DA:31,6
LF:10
LH:8
BRDA:8,0,0,30
BRDA:14,1,0,1
BRDA:25,2,0,0
BRF:3
BRH:2
end_of_record
TN:
SF:src/utils/utils.ts
FN:6,extractDomainRaw
FN:20,extractActualUrl
FN:44,extractDomain
FN:67,sanitizeUrl
FN:85,isValidUrl
FNF:5
FNH:5
FNDA:9,extractDomainRaw
FNDA:6,extractActualUrl
FNDA:12,extractDomain
FNDA:12,sanitizeUrl
FNDA:15,isValidUrl
DA:6,3
DA:7,9
DA:8,2
DA:13,7
DA:14,7
DA:17,7
DA:20,3
DA:21,6
DA:22,0
DA:25,6
DA:27,6
DA:28,6
DA:29,2
DA:31,2
DA:32,2
DA:36,4
DA:37,3
DA:40,1
DA:44,3
DA:45,12
DA:46,1
DA:49,11
DA:50,11
DA:53,10
DA:56,10
DA:58,10
DA:61,1
DA:62,1
DA:63,1
DA:67,3
DA:68,12
DA:69,1
DA:72,11
DA:73,11
DA:75,10
DA:76,5
DA:79,5
DA:81,6
DA:85,3
DA:86,15
DA:87,15
DA:88,13
DA:90,2
LF:43
LH:42
BRDA:7,0,0,2
BRDA:7,1,0,9
BRDA:7,1,1,7
BRDA:14,2,0,7
BRDA:14,2,1,0
BRDA:21,3,0,0
BRDA:21,4,0,6
BRDA:21,4,1,6
BRDA:28,5,0,2
BRDA:45,6,0,1
BRDA:45,7,0,12
BRDA:45,7,1,11
BRDA:50,8,0,7
BRDA:50,8,1,4
BRDA:62,9,0,1
BRDA:62,9,1,0
BRDA:68,10,0,1
BRDA:68,11,0,12
BRDA:68,11,1,11
BRDA:75,12,0,5
BRF:20
BRH:17
end_of_record
